#
# There is insufficient memory for the Java Runtime Environment to continue.
# Native memory allocation (mmap) failed to map 398458880 bytes for G1 virtual space
# Possible reasons:
#   The system is out of physical RAM or swap space
#   The process is running with CompressedOops enabled, and the Java Heap may be blocking the growth of the native heap
# Possible solutions:
#   Reduce memory load on the system
#   Increase physical memory or swap space
#   Check if swap backing store is full
#   Decrease Java heap size (-Xmx/-Xms)
#   Decrease number of Java threads
#   Decrease Java thread stack sizes (-Xss)
#   Set larger code cache with -XX:ReservedCodeCacheSize=
#   JVM is running with Unscaled Compressed Oops mode in which the Java heap is
#     placed in the first 4GB address space. The Java Heap base address is the
#     maximum limit for the native heap growth. Please use -XX:HeapBaseMinAddress
#     to set the Java Heap base and to place the Java Heap above 4GB virtual address.
# This output file may be truncated or incomplete.
#
#  Out of Memory Error (os_windows.cpp:3825), pid=1384, tid=11368
#
# JRE version: OpenJDK Runtime Environment JBR-17.0.10+1-1087.23-jcef (17.0.10+1) (build 17.0.10+1-b1087.23)
# Java VM: OpenJDK 64-Bit Server VM JBR-17.0.10+1-1087.23-jcef (17.0.10+1-b1087.23, mixed mode, tiered, compressed oops, compressed class ptrs, g1 gc, windows-amd64)
# No core dump will be written. Minidumps are not enabled by default on client versions of Windows
#

---------------  S U M M A R Y ------------

Command Line: -Djava.rmi.server.hostname=127.0.0.1 -Duser.timezone=UTC -Xmx2048m -Xms128m -Djdbc.classpath=C:\Program Files\JetBrains\IntelliJ IDEA 2023.3.4\plugins\DatabaseTools\lib\jdbc-console.jar;C:\Users\juand\AppData\Roaming\JetBrains\IntelliJIdea2023.3\jdbc-drivers\MongoDB\1.18\mongo-jdbc-standalone-1.18.jar --add-exports=java.desktop/sun.awt=ALL-UNNAMED --add-exports=java.desktop/java.awt.peer=ALL-UNNAMED --add-opens=java.desktop/java.awt=ALL-UNNAMED --add-opens=jdk.unsupported/sun.misc=ALL-UNNAMED --add-opens=java.base/java.nio=ALL-UNNAMED --add-opens=java.base/java.util=ALL-UNNAMED -Dfile.encoding=UTF-8 com.intellij.database.remote.RemoteJdbcServer com.dbschema.MongoJdbcDriver

Host: AMD Ryzen 3 3250U with Radeon Graphics         , 4 cores, 5G,  Windows 10 , 64 bit Build 19041 (10.0.19041.3636)
Time: Thu Apr 18 20:23:52 2024 Hora est. Pacífico, Sudamérica elapsed time: 9.338469 seconds (0d 0h 0m 9s)

---------------  T H R E A D  ---------------

Current thread (0x00000266446ec620):  VMThread "VM Thread" [stack: 0x0000007fe6300000,0x0000007fe6400000] [id=11368]

Stack: [0x0000007fe6300000,0x0000007fe6400000]
Native frames: (J=compiled Java code, j=interpreted, Vv=VM code, C=native code)
V  [jvm.dll+0x688a29]
V  [jvm.dll+0x84216a]
V  [jvm.dll+0x843dae]
V  [jvm.dll+0x844413]
V  [jvm.dll+0x24ba8f]
V  [jvm.dll+0x6857f9]
V  [jvm.dll+0x67a0aa]
V  [jvm.dll+0x30c7eb]
V  [jvm.dll+0x313c96]
V  [jvm.dll+0x363a2e]
V  [jvm.dll+0x363c5f]
V  [jvm.dll+0x2e25b8]
V  [jvm.dll+0x2e0794]
V  [jvm.dll+0x2dfd9c]
V  [jvm.dll+0x324c8b]
V  [jvm.dll+0x848b0b]
V  [jvm.dll+0x849851]
V  [jvm.dll+0x849d6d]
V  [jvm.dll+0x84a144]
V  [jvm.dll+0x84a210]
V  [jvm.dll+0x7f09ea]
V  [jvm.dll+0x6878a5]
C  [ucrtbase.dll+0x21bb2]
C  [KERNEL32.DLL+0x17344]
C  [ntdll.dll+0x526b1]

VM_Operation (0x0000007fe73faf10): G1CollectForAllocation, mode: safepoint, requested by thread 0x00000266491ca470


---------------  P R O C E S S  ---------------

Threads class SMR info:
_java_thread_list=0x000002664a9892a0, length=29, elements={
0x0000026628f2e460, 0x0000026644727260, 0x00000266446ef0a0, 0x000002664470e8f0,
0x00000266447112d0, 0x0000026644711ba0, 0x0000026644712470, 0x0000026644713120,
0x0000026644713ae0, 0x000002664472e9b0, 0x0000026644a3e750, 0x0000026644a3ec30,
0x00000266491ca470, 0x00000266491d2990, 0x00000266492fa070, 0x000002664963fed0,
0x0000026649364670, 0x00000266491a7090, 0x00000266497699d0, 0x000002664976b830,
0x000002664976ae10, 0x000002664976a3f0, 0x000002664976cc70, 0x000002664976a900,
0x000002664976bd40, 0x000002664976d180, 0x0000026649769ee0, 0x000002664976b320,
0x000002664a1eeae0
}

Java Threads: ( => current thread )
  0x0000026628f2e460 JavaThread "main" [_thread_blocked, id=14520, stack(0x0000007fe5d00000,0x0000007fe5e00000)]
  0x0000026644727260 JavaThread "Reference Handler" daemon [_thread_blocked, id=13420, stack(0x0000007fe6400000,0x0000007fe6500000)]
  0x00000266446ef0a0 JavaThread "Finalizer" daemon [_thread_blocked, id=25200, stack(0x0000007fe6500000,0x0000007fe6600000)]
  0x000002664470e8f0 JavaThread "Signal Dispatcher" daemon [_thread_blocked, id=5628, stack(0x0000007fe6600000,0x0000007fe6700000)]
  0x00000266447112d0 JavaThread "Attach Listener" daemon [_thread_blocked, id=1808, stack(0x0000007fe6700000,0x0000007fe6800000)]
  0x0000026644711ba0 JavaThread "Service Thread" daemon [_thread_blocked, id=9164, stack(0x0000007fe6800000,0x0000007fe6900000)]
  0x0000026644712470 JavaThread "Monitor Deflation Thread" daemon [_thread_blocked, id=14184, stack(0x0000007fe6900000,0x0000007fe6a00000)]
  0x0000026644713120 JavaThread "C2 CompilerThread0" daemon [_thread_blocked, id=16796, stack(0x0000007fe6a00000,0x0000007fe6b00000)]
  0x0000026644713ae0 JavaThread "C1 CompilerThread0" daemon [_thread_blocked, id=9260, stack(0x0000007fe6b00000,0x0000007fe6c00000)]
  0x000002664472e9b0 JavaThread "Sweeper thread" daemon [_thread_blocked, id=1368, stack(0x0000007fe6c00000,0x0000007fe6d00000)]
  0x0000026644a3e750 JavaThread "Common-Cleaner" daemon [_thread_blocked, id=25284, stack(0x0000007fe6d00000,0x0000007fe6e00000)]
  0x0000026644a3ec30 JavaThread "Notification Thread" daemon [_thread_blocked, id=19968, stack(0x0000007fe6e00000,0x0000007fe6f00000)]
  0x00000266491ca470 JavaThread "MongoShell ExecutorService" daemon [_thread_blocked, id=9360, stack(0x0000007fe7300000,0x0000007fe7400000)]
  0x00000266491d2990 JavaThread "MongoShell ExecutorService" daemon [_thread_blocked, id=22792, stack(0x0000007fe7400000,0x0000007fe7500000)]
  0x00000266492fa070 JavaThread "RMI TCP Accept-52905" daemon [_thread_in_native, id=6212, stack(0x0000007fe7500000,0x0000007fe7600000)]
  0x000002664963fed0 JavaThread "RMI TCP Accept-0" daemon [_thread_in_native, id=17020, stack(0x0000007fe7600000,0x0000007fe7700000)]
  0x0000026649364670 JavaThread "RMI Reaper" [_thread_blocked, id=17444, stack(0x0000007fe7700000,0x0000007fe7800000)]
  0x00000266491a7090 JavaThread "RMI GC Daemon" daemon [_thread_blocked, id=5420, stack(0x0000007fe7800000,0x0000007fe7900000)]
  0x00000266497699d0 JavaThread "RMI TCP Connection(1)-127.0.0.1" daemon [_thread_in_native, id=17120, stack(0x0000007fe7900000,0x0000007fe7a00000)]
  0x000002664976b830 JavaThread "RMI TCP Connection(2)-127.0.0.1" daemon [_thread_in_native, id=12332, stack(0x0000007fe7a00000,0x0000007fe7b00000)]
  0x000002664976ae10 JavaThread "RMI Scheduler(0)" daemon [_thread_blocked, id=22372, stack(0x0000007fe7b00000,0x0000007fe7c00000)]
  0x000002664976a3f0 JavaThread "RMI TCP Connection(3)-127.0.0.1" daemon [_thread_in_native, id=2268, stack(0x0000007fe7c00000,0x0000007fe7d00000)]
  0x000002664976cc70 JavaThread "RMI TCP Connection(4)-127.0.0.1" daemon [_thread_in_native, id=8332, stack(0x0000007fe7d00000,0x0000007fe7e00000)]
  0x000002664976a900 JavaThread "RMI RenewClean-[127.0.0.1:57004]" daemon [_thread_blocked, id=13736, stack(0x0000007fe7e00000,0x0000007fe7f00000)]
  0x000002664976bd40 JavaThread "MongoShell ExecutorService" daemon [_thread_blocked, id=18112, stack(0x0000007fe7f00000,0x0000007fe8000000)]
  0x000002664976d180 JavaThread "BufferPoolPruner-1-thread-1" daemon [_thread_blocked, id=24268, stack(0x0000007fe8000000,0x0000007fe8100000)]
  0x0000026649769ee0 JavaThread "cluster-ClusterId{value='6621c7a2abb4614c6913358e', description='DataGrip'}-localhost:27017" daemon [_thread_in_native, id=24944, stack(0x0000007fe8100000,0x0000007fe8200000)]
  0x000002664976b320 JavaThread "cluster-rtt-ClusterId{value='6621c7a2abb4614c6913358e', description='DataGrip'}-localhost:27017" daemon [_thread_blocked, id=3872, stack(0x0000007fe8200000,0x0000007fe8300000)]
  0x000002664a1eeae0 JavaThread "MaintenanceTimer-2-thread-1" daemon [_thread_blocked, id=21532, stack(0x0000007fe8600000,0x0000007fe8700000)]

Other Threads:
=>0x00000266446ec620 VMThread "VM Thread" [stack: 0x0000007fe6300000,0x0000007fe6400000] [id=11368]
  0x0000026644a3f110 WatcherThread [stack: 0x0000007fe6f00000,0x0000007fe7000000] [id=19156]
  0x0000026628f8b930 GCTaskThread "GC Thread#0" [stack: 0x0000007fe5e00000,0x0000007fe5f00000] [id=16504]
  0x0000026644be14d0 GCTaskThread "GC Thread#1" [stack: 0x0000007fe7000000,0x0000007fe7100000] [id=24800]
  0x00000266490ac7e0 GCTaskThread "GC Thread#2" [stack: 0x0000007fe7100000,0x0000007fe7200000] [id=9568]
  0x0000026649166480 GCTaskThread "GC Thread#3" [stack: 0x0000007fe7200000,0x0000007fe7300000] [id=24876]
  0x0000026628f9c790 ConcurrentGCThread "G1 Main Marker" [stack: 0x0000007fe5f00000,0x0000007fe6000000] [id=16404]
  0x0000026628f9d0c0 ConcurrentGCThread "G1 Conc#0" [stack: 0x0000007fe6000000,0x0000007fe6100000] [id=4036]
  0x0000026628fedb30 ConcurrentGCThread "G1 Refine#0" [stack: 0x0000007fe6100000,0x0000007fe6200000] [id=11072]
  0x000002664a765ab0 ConcurrentGCThread "G1 Refine#1" [stack: 0x0000007fe8400000,0x0000007fe8500000] [id=9672]
  0x000002664acec490 ConcurrentGCThread "G1 Refine#2" [stack: 0x0000007fe8500000,0x0000007fe8600000] [id=5280]
  0x0000026644554a10 ConcurrentGCThread "G1 Service" [stack: 0x0000007fe6200000,0x0000007fe6300000] [id=1456]

Threads with active compile tasks:
C2 CompilerThread0     9402 3275       4       com.oracle.js.parser.ir.Scope::addUsesFromInnerScope (196 bytes)

VM state: at safepoint (normal execution)

VM Mutex/Monitor currently owned by a thread:  ([mutex/lock_event])
[0x0000026628f29de0] Threads_lock - owner thread: 0x00000266446ec620
[0x0000026628f2a5c0] Heap_lock - owner thread: 0x00000266491ca470

Heap address: 0x0000000080000000, size: 2048 MB, Compressed Oops mode: 32-bit

CDS archive(s) not mapped
Compressed class space mapped at: 0x0000000100000000-0x0000000140000000, reserved size: 1073741824
Narrow klass base: 0x0000000000000000, Narrow klass shift: 3, Narrow klass range: 0x140000000

GC Precious Log:
 CPUs: 4 total, 4 available
 Memory: 6060M
 Large Page Support: Disabled
 NUMA Support: Disabled
 Compressed Oops: Enabled (32-bit)
 Heap Region Size: 1M
 Heap Min Capacity: 128M
 Heap Initial Capacity: 128M
 Heap Max Capacity: 2G
 Pre-touch: Disabled
 Parallel Workers: 4
 Concurrent Workers: 1
 Concurrent Refinement Workers: 4
 Periodic GC: Disabled

Heap:
 garbage-first heap   total 194560K, used 128512K [0x0000000080000000, 0x0000000100000000)
  region size 1024K, 5 young (5120K), 5 survivors (5120K)
 Metaspace       used 36856K, committed 37120K, reserved 1114112K
  class space    used 4041K, committed 4160K, reserved 1048576K

Heap Regions: E=young(eden), S=young(survivor), O=old, HS=humongous(starts), HC=humongous(continues), CS=collection set, F=free, OA=open archive, CA=closed archive, TAMS=top-at-mark-start (previous, next)
|   0|0x0000000080000000, 0x0000000080100000, 0x0000000080100000|100%|HS|  |TAMS 0x0000000080100000, 0x0000000080100000| Complete 
|   1|0x0000000080100000, 0x0000000080200000, 0x0000000080200000|100%|HC|  |TAMS 0x0000000080200000, 0x0000000080200000| Complete 
|   2|0x0000000080200000, 0x0000000080300000, 0x0000000080300000|100%|HC|  |TAMS 0x0000000080300000, 0x0000000080300000| Complete 
|   3|0x0000000080300000, 0x0000000080400000, 0x0000000080400000|100%|HS|  |TAMS 0x0000000080400000, 0x0000000080400000| Complete 
|   4|0x0000000080400000, 0x0000000080500000, 0x0000000080500000|100%|HC|  |TAMS 0x0000000080500000, 0x0000000080500000| Complete 
|   5|0x0000000080500000, 0x0000000080600000, 0x0000000080600000|100%| O|  |TAMS 0x0000000080600000, 0x0000000080600000| Untracked 
|   6|0x0000000080600000, 0x0000000080700000, 0x0000000080700000|100%| O|  |TAMS 0x0000000080600000, 0x0000000080700000| Untracked 
|   7|0x0000000080700000, 0x0000000080800000, 0x0000000080800000|100%| O|  |TAMS 0x0000000080800000, 0x0000000080800000| Untracked 
|   8|0x0000000080800000, 0x0000000080900000, 0x0000000080900000|100%| O|  |TAMS 0x0000000080900000, 0x0000000080900000| Untracked 
|   9|0x0000000080900000, 0x0000000080a00000, 0x0000000080a00000|100%| O|  |TAMS 0x0000000080a00000, 0x0000000080a00000| Untracked 
|  10|0x0000000080a00000, 0x0000000080b00000, 0x0000000080b00000|100%| O|  |TAMS 0x0000000080b00000, 0x0000000080b00000| Untracked 
|  11|0x0000000080b00000, 0x0000000080c00000, 0x0000000080c00000|100%| O|  |TAMS 0x0000000080c00000, 0x0000000080c00000| Untracked 
|  12|0x0000000080c00000, 0x0000000080d00000, 0x0000000080d00000|100%| O|  |TAMS 0x0000000080d00000, 0x0000000080d00000| Untracked 
|  13|0x0000000080d00000, 0x0000000080e00000, 0x0000000080e00000|100%| O|  |TAMS 0x0000000080e00000, 0x0000000080e00000| Untracked 
|  14|0x0000000080e00000, 0x0000000080f00000, 0x0000000080f00000|100%| O|  |TAMS 0x0000000080f00000, 0x0000000080f00000| Untracked 
|  15|0x0000000080f00000, 0x0000000081000000, 0x0000000081000000|100%| O|  |TAMS 0x0000000081000000, 0x0000000081000000| Untracked 
|  16|0x0000000081000000, 0x0000000081100000, 0x0000000081100000|100%| O|  |TAMS 0x0000000081100000, 0x0000000081100000| Untracked 
|  17|0x0000000081100000, 0x0000000081200000, 0x0000000081200000|100%| O|  |TAMS 0x0000000081195c00, 0x0000000081200000| Untracked 
|  18|0x0000000081200000, 0x0000000081300000, 0x0000000081300000|100%| O|  |TAMS 0x0000000081200000, 0x0000000081300000| Untracked 
|  19|0x0000000081300000, 0x0000000081400000, 0x0000000081400000|100%|HS|  |TAMS 0x0000000081400000, 0x0000000081400000| Complete 
|  20|0x0000000081400000, 0x0000000081500000, 0x0000000081500000|100%|HC|  |TAMS 0x0000000081500000, 0x0000000081500000| Complete 
|  21|0x0000000081500000, 0x0000000081600000, 0x0000000081600000|100%| O|  |TAMS 0x0000000081500000, 0x0000000081600000| Untracked 
|  22|0x0000000081600000, 0x0000000081700000, 0x0000000081700000|100%|HS|  |TAMS 0x0000000081700000, 0x0000000081700000| Complete 
|  23|0x0000000081700000, 0x0000000081800000, 0x0000000081800000|100%|HC|  |TAMS 0x0000000081800000, 0x0000000081800000| Complete 
|  24|0x0000000081800000, 0x0000000081900000, 0x0000000081900000|100%|HS|  |TAMS 0x0000000081900000, 0x0000000081900000| Complete 
|  25|0x0000000081900000, 0x0000000081a00000, 0x0000000081a00000|100%|HC|  |TAMS 0x0000000081a00000, 0x0000000081a00000| Complete 
|  26|0x0000000081a00000, 0x0000000081b00000, 0x0000000081b00000|100%| O|  |TAMS 0x0000000081a00000, 0x0000000081b00000| Untracked 
|  27|0x0000000081b00000, 0x0000000081c00000, 0x0000000081c00000|100%| O|  |TAMS 0x0000000081b00000, 0x0000000081c00000| Untracked 
|  28|0x0000000081c00000, 0x0000000081d00000, 0x0000000081d00000|100%| O|  |TAMS 0x0000000081c00000, 0x0000000081d00000| Untracked 
|  29|0x0000000081d00000, 0x0000000081e00000, 0x0000000081e00000|100%| O|  |TAMS 0x0000000081d00000, 0x0000000081e00000| Untracked 
|  30|0x0000000081e00000, 0x0000000081f00000, 0x0000000081f00000|100%| O|  |TAMS 0x0000000081e00000, 0x0000000081f00000| Untracked 
|  31|0x0000000081f00000, 0x0000000082000000, 0x0000000082000000|100%| O|  |TAMS 0x0000000081f00000, 0x0000000082000000| Untracked 
|  32|0x0000000082000000, 0x0000000082100000, 0x0000000082100000|100%| O|  |TAMS 0x0000000082000000, 0x0000000082100000| Untracked 
|  33|0x0000000082100000, 0x0000000082200000, 0x0000000082200000|100%| O|  |TAMS 0x0000000082100000, 0x0000000082200000| Untracked 
|  34|0x0000000082200000, 0x0000000082300000, 0x0000000082300000|100%| O|  |TAMS 0x0000000082200000, 0x0000000082300000| Untracked 
|  35|0x0000000082300000, 0x0000000082400000, 0x0000000082400000|100%| O|  |TAMS 0x0000000082300000, 0x0000000082400000| Untracked 
|  36|0x0000000082400000, 0x0000000082500000, 0x0000000082500000|100%| O|  |TAMS 0x0000000082400000, 0x0000000082500000| Untracked 
|  37|0x0000000082500000, 0x0000000082600000, 0x0000000082600000|100%| O|  |TAMS 0x0000000082500000, 0x0000000082600000| Untracked 
|  38|0x0000000082600000, 0x0000000082700000, 0x0000000082700000|100%| O|  |TAMS 0x0000000082600000, 0x0000000082700000| Untracked 
|  39|0x0000000082700000, 0x0000000082800000, 0x0000000082800000|100%| O|  |TAMS 0x0000000082700000, 0x0000000082800000| Untracked 
|  40|0x0000000082800000, 0x0000000082900000, 0x0000000082900000|100%| O|  |TAMS 0x0000000082800000, 0x0000000082900000| Untracked 
|  41|0x0000000082900000, 0x0000000082a00000, 0x0000000082a00000|100%| O|  |TAMS 0x0000000082900000, 0x0000000082a00000| Untracked 
|  42|0x0000000082a00000, 0x0000000082b00000, 0x0000000082b00000|100%| O|  |TAMS 0x0000000082a00000, 0x0000000082b00000| Untracked 
|  43|0x0000000082b00000, 0x0000000082c00000, 0x0000000082c00000|100%| O|  |TAMS 0x0000000082b00000, 0x0000000082c00000| Untracked 
|  44|0x0000000082c00000, 0x0000000082d00000, 0x0000000082d00000|100%| O|  |TAMS 0x0000000082c00000, 0x0000000082d00000| Untracked 
|  45|0x0000000082d00000, 0x0000000082e00000, 0x0000000082e00000|100%| O|  |TAMS 0x0000000082d00000, 0x0000000082e00000| Untracked 
|  46|0x0000000082e00000, 0x0000000082f00000, 0x0000000082f00000|100%| O|  |TAMS 0x0000000082e00000, 0x0000000082f00000| Untracked 
|  47|0x0000000082f00000, 0x0000000083000000, 0x0000000083000000|100%| O|  |TAMS 0x0000000082f00000, 0x0000000083000000| Untracked 
|  48|0x0000000083000000, 0x0000000083100000, 0x0000000083100000|100%| O|  |TAMS 0x0000000083000000, 0x0000000083100000| Untracked 
|  49|0x0000000083100000, 0x0000000083200000, 0x0000000083200000|100%| O|  |TAMS 0x0000000083100000, 0x0000000083200000| Untracked 
|  50|0x0000000083200000, 0x0000000083300000, 0x0000000083300000|100%| O|  |TAMS 0x0000000083200000, 0x0000000083300000| Untracked 
|  51|0x0000000083300000, 0x0000000083400000, 0x0000000083400000|100%| O|  |TAMS 0x0000000083300000, 0x0000000083400000| Untracked 
|  52|0x0000000083400000, 0x0000000083500000, 0x0000000083500000|100%| O|  |TAMS 0x0000000083400000, 0x0000000083500000| Untracked 
|  53|0x0000000083500000, 0x0000000083600000, 0x0000000083600000|100%| O|  |TAMS 0x0000000083500000, 0x0000000083600000| Untracked 
|  54|0x0000000083600000, 0x0000000083700000, 0x0000000083700000|100%| O|  |TAMS 0x0000000083600000, 0x0000000083700000| Untracked 
|  55|0x0000000083700000, 0x0000000083800000, 0x0000000083800000|100%| O|  |TAMS 0x0000000083700000, 0x0000000083800000| Untracked 
|  56|0x0000000083800000, 0x0000000083900000, 0x0000000083900000|100%| O|  |TAMS 0x0000000083800000, 0x0000000083900000| Untracked 
|  57|0x0000000083900000, 0x0000000083a00000, 0x0000000083a00000|100%| O|  |TAMS 0x0000000083900000, 0x0000000083a00000| Untracked 
|  58|0x0000000083a00000, 0x0000000083b00000, 0x0000000083b00000|100%| O|  |TAMS 0x0000000083a00000, 0x0000000083b00000| Untracked 
|  59|0x0000000083b00000, 0x0000000083c00000, 0x0000000083c00000|100%| O|  |TAMS 0x0000000083b00000, 0x0000000083c00000| Untracked 
|  60|0x0000000083c00000, 0x0000000083d00000, 0x0000000083d00000|100%| O|  |TAMS 0x0000000083c00000, 0x0000000083d00000| Untracked 
|  61|0x0000000083d00000, 0x0000000083e00000, 0x0000000083e00000|100%| O|  |TAMS 0x0000000083d00000, 0x0000000083e00000| Untracked 
|  62|0x0000000083e00000, 0x0000000083f00000, 0x0000000083f00000|100%| O|  |TAMS 0x0000000083e00000, 0x0000000083f00000| Untracked 
|  63|0x0000000083f00000, 0x0000000084000000, 0x0000000084000000|100%| O|  |TAMS 0x0000000083f00000, 0x0000000084000000| Untracked 
|  64|0x0000000084000000, 0x0000000084100000, 0x0000000084100000|100%| O|  |TAMS 0x0000000084000000, 0x0000000084100000| Untracked 
|  65|0x0000000084100000, 0x0000000084200000, 0x0000000084200000|100%| O|  |TAMS 0x0000000084100000, 0x0000000084200000| Untracked 
|  66|0x0000000084200000, 0x0000000084300000, 0x0000000084300000|100%| O|  |TAMS 0x0000000084200000, 0x0000000084300000| Untracked 
|  67|0x0000000084300000, 0x0000000084400000, 0x0000000084400000|100%| O|  |TAMS 0x0000000084300000, 0x0000000084400000| Untracked 
|  68|0x0000000084400000, 0x0000000084500000, 0x0000000084500000|100%| O|  |TAMS 0x0000000084400000, 0x0000000084500000| Untracked 
|  69|0x0000000084500000, 0x0000000084600000, 0x0000000084600000|100%| O|  |TAMS 0x0000000084500000, 0x0000000084600000| Untracked 
|  70|0x0000000084600000, 0x0000000084700000, 0x0000000084700000|100%| O|  |TAMS 0x0000000084600000, 0x0000000084700000| Untracked 
|  71|0x0000000084700000, 0x0000000084800000, 0x0000000084800000|100%| O|  |TAMS 0x0000000084700000, 0x0000000084800000| Untracked 
|  72|0x0000000084800000, 0x0000000084900000, 0x0000000084900000|100%| O|  |TAMS 0x0000000084800000, 0x0000000084900000| Untracked 
|  73|0x0000000084900000, 0x0000000084a00000, 0x0000000084a00000|100%| O|  |TAMS 0x0000000084900000, 0x0000000084a00000| Untracked 
|  74|0x0000000084a00000, 0x0000000084b00000, 0x0000000084b00000|100%| O|  |TAMS 0x0000000084a00000, 0x0000000084a80000| Untracked 
|  75|0x0000000084b00000, 0x0000000084c00000, 0x0000000084c00000|100%| O|  |TAMS 0x0000000084b00000, 0x0000000084b00000| Untracked 
|  76|0x0000000084c00000, 0x0000000084d00000, 0x0000000084d00000|100%| O|  |TAMS 0x0000000084c00000, 0x0000000084c00000| Untracked 
|  77|0x0000000084d00000, 0x0000000084e00000, 0x0000000084e00000|100%| O|  |TAMS 0x0000000084d00000, 0x0000000084d00000| Untracked 
|  78|0x0000000084e00000, 0x0000000084f00000, 0x0000000084f00000|100%| O|  |TAMS 0x0000000084e00000, 0x0000000084e00000| Untracked 
|  79|0x0000000084f00000, 0x0000000085000000, 0x0000000085000000|100%| O|  |TAMS 0x0000000084f00000, 0x0000000084f00000| Untracked 
|  80|0x0000000085000000, 0x0000000085100000, 0x0000000085100000|100%| O|  |TAMS 0x0000000085000000, 0x0000000085000000| Untracked 
|  81|0x0000000085100000, 0x0000000085200000, 0x0000000085200000|100%| O|  |TAMS 0x0000000085100000, 0x0000000085100000| Untracked 
|  82|0x0000000085200000, 0x0000000085300000, 0x0000000085300000|100%| O|  |TAMS 0x0000000085200000, 0x0000000085200000| Untracked 
|  83|0x0000000085300000, 0x0000000085400000, 0x0000000085400000|100%| O|  |TAMS 0x0000000085300000, 0x0000000085300000| Untracked 
|  84|0x0000000085400000, 0x0000000085500000, 0x0000000085500000|100%| O|  |TAMS 0x0000000085400000, 0x0000000085400000| Untracked 
|  85|0x0000000085500000, 0x0000000085600000, 0x0000000085600000|100%| O|  |TAMS 0x0000000085500000, 0x0000000085500000| Untracked 
|  86|0x0000000085600000, 0x0000000085700000, 0x0000000085700000|100%| O|  |TAMS 0x0000000085600000, 0x0000000085600000| Untracked 
|  87|0x0000000085700000, 0x0000000085800000, 0x0000000085800000|100%| O|  |TAMS 0x0000000085700000, 0x0000000085700000| Untracked 
|  88|0x0000000085800000, 0x0000000085900000, 0x0000000085900000|100%| O|  |TAMS 0x0000000085800000, 0x0000000085800000| Untracked 
|  89|0x0000000085900000, 0x0000000085980000, 0x0000000085a00000| 50%| O|  |TAMS 0x0000000085900000, 0x0000000085900000| Untracked 
|  90|0x0000000085a00000, 0x0000000085a00000, 0x0000000085b00000|  0%| F|  |TAMS 0x0000000085a00000, 0x0000000085a00000| Untracked 
|  91|0x0000000085b00000, 0x0000000085b00000, 0x0000000085c00000|  0%| F|  |TAMS 0x0000000085b00000, 0x0000000085b00000| Untracked 
|  92|0x0000000085c00000, 0x0000000085c00000, 0x0000000085d00000|  0%| F|  |TAMS 0x0000000085c00000, 0x0000000085c00000| Untracked 
|  93|0x0000000085d00000, 0x0000000085d00000, 0x0000000085e00000|  0%| F|  |TAMS 0x0000000085d00000, 0x0000000085d00000| Untracked 
|  94|0x0000000085e00000, 0x0000000085e00000, 0x0000000085f00000|  0%| F|  |TAMS 0x0000000085e00000, 0x0000000085e00000| Untracked 
|  95|0x0000000085f00000, 0x0000000085f00000, 0x0000000086000000|  0%| F|  |TAMS 0x0000000085f00000, 0x0000000085f00000| Untracked 
|  96|0x0000000086000000, 0x0000000086000000, 0x0000000086100000|  0%| F|  |TAMS 0x0000000086000000, 0x0000000086000000| Untracked 
|  97|0x0000000086100000, 0x0000000086100000, 0x0000000086200000|  0%| F|  |TAMS 0x0000000086100000, 0x0000000086100000| Untracked 
|  98|0x0000000086200000, 0x0000000086200000, 0x0000000086300000|  0%| F|  |TAMS 0x0000000086200000, 0x0000000086200000| Untracked 
|  99|0x0000000086300000, 0x0000000086300000, 0x0000000086400000|  0%| F|  |TAMS 0x0000000086300000, 0x0000000086300000| Untracked 
| 100|0x0000000086400000, 0x0000000086400000, 0x0000000086500000|  0%| F|  |TAMS 0x0000000086400000, 0x0000000086400000| Untracked 
| 101|0x0000000086500000, 0x0000000086500000, 0x0000000086600000|  0%| F|  |TAMS 0x0000000086500000, 0x0000000086500000| Untracked 
| 102|0x0000000086600000, 0x0000000086600000, 0x0000000086700000|  0%| F|  |TAMS 0x0000000086600000, 0x0000000086600000| Untracked 
| 103|0x0000000086700000, 0x0000000086700000, 0x0000000086800000|  0%| F|  |TAMS 0x0000000086700000, 0x0000000086700000| Untracked 
| 104|0x0000000086800000, 0x0000000086800000, 0x0000000086900000|  0%| F|  |TAMS 0x0000000086800000, 0x0000000086800000| Untracked 
| 105|0x0000000086900000, 0x0000000086900000, 0x0000000086a00000|  0%| F|  |TAMS 0x0000000086900000, 0x0000000086900000| Untracked 
| 106|0x0000000086a00000, 0x0000000086a00000, 0x0000000086b00000|  0%| F|  |TAMS 0x0000000086a00000, 0x0000000086a00000| Untracked 
| 107|0x0000000086b00000, 0x0000000086b00000, 0x0000000086c00000|  0%| F|  |TAMS 0x0000000086b00000, 0x0000000086b00000| Untracked 
| 108|0x0000000086c00000, 0x0000000086c00000, 0x0000000086d00000|  0%| F|  |TAMS 0x0000000086c00000, 0x0000000086c00000| Untracked 
| 109|0x0000000086d00000, 0x0000000086d00000, 0x0000000086e00000|  0%| F|  |TAMS 0x0000000086d00000, 0x0000000086d00000| Untracked 
| 110|0x0000000086e00000, 0x0000000086e00000, 0x0000000086f00000|  0%| F|  |TAMS 0x0000000086e00000, 0x0000000086e00000| Untracked 
| 111|0x0000000086f00000, 0x0000000086f00000, 0x0000000087000000|  0%| F|  |TAMS 0x0000000086f00000, 0x0000000086f00000| Untracked 
| 112|0x0000000087000000, 0x0000000087000000, 0x0000000087100000|  0%| F|  |TAMS 0x0000000087000000, 0x0000000087000000| Untracked 
| 113|0x0000000087100000, 0x0000000087100000, 0x0000000087200000|  0%| F|  |TAMS 0x0000000087100000, 0x0000000087100000| Untracked 
| 114|0x0000000087200000, 0x0000000087200000, 0x0000000087300000|  0%| F|  |TAMS 0x0000000087200000, 0x0000000087200000| Untracked 
| 115|0x0000000087300000, 0x0000000087300000, 0x0000000087400000|  0%| F|  |TAMS 0x0000000087300000, 0x0000000087300000| Untracked 
| 116|0x0000000087400000, 0x0000000087400000, 0x0000000087500000|  0%| F|  |TAMS 0x0000000087400000, 0x0000000087400000| Untracked 
| 117|0x0000000087500000, 0x0000000087500000, 0x0000000087600000|  0%| F|  |TAMS 0x0000000087500000, 0x0000000087500000| Untracked 
| 118|0x0000000087600000, 0x0000000087600000, 0x0000000087700000|  0%| F|  |TAMS 0x0000000087600000, 0x0000000087600000| Untracked 
| 119|0x0000000087700000, 0x0000000087700000, 0x0000000087800000|  0%| F|  |TAMS 0x0000000087700000, 0x0000000087700000| Untracked 
| 120|0x0000000087800000, 0x0000000087800000, 0x0000000087900000|  0%| F|  |TAMS 0x0000000087800000, 0x0000000087800000| Untracked 
| 121|0x0000000087900000, 0x0000000087900000, 0x0000000087a00000|  0%| F|  |TAMS 0x0000000087900000, 0x0000000087900000| Untracked 
| 122|0x0000000087a00000, 0x0000000087a00000, 0x0000000087b00000|  0%| F|  |TAMS 0x0000000087a00000, 0x0000000087a00000| Untracked 
| 123|0x0000000087b00000, 0x0000000087b00000, 0x0000000087c00000|  0%| F|  |TAMS 0x0000000087b00000, 0x0000000087b00000| Untracked 
| 124|0x0000000087c00000, 0x0000000087c00000, 0x0000000087d00000|  0%| F|  |TAMS 0x0000000087c00000, 0x0000000087c00000| Untracked 
| 125|0x0000000087d00000, 0x0000000087e00000, 0x0000000087e00000|100%| S|CS|TAMS 0x0000000087d00000, 0x0000000087d00000| Complete 
| 126|0x0000000087e00000, 0x0000000087f00000, 0x0000000087f00000|100%| S|CS|TAMS 0x0000000087e00000, 0x0000000087e00000| Complete 
| 127|0x0000000087f00000, 0x0000000088000000, 0x0000000088000000|100%| S|CS|TAMS 0x0000000087f00000, 0x0000000087f00000| Complete 
| 128|0x0000000088000000, 0x0000000088100000, 0x0000000088100000|100%| S|CS|TAMS 0x0000000088000000, 0x0000000088000000| Complete 
| 129|0x0000000088100000, 0x0000000088200000, 0x0000000088200000|100%| S|CS|TAMS 0x0000000088100000, 0x0000000088100000| Complete 
| 130|0x0000000088200000, 0x0000000088200000, 0x0000000088300000|  0%| F|  |TAMS 0x0000000088200000, 0x0000000088200000| Untracked 
| 131|0x0000000088300000, 0x0000000088300000, 0x0000000088400000|  0%| F|  |TAMS 0x0000000088300000, 0x0000000088300000| Untracked 
| 132|0x0000000088400000, 0x0000000088400000, 0x0000000088500000|  0%| F|  |TAMS 0x0000000088400000, 0x0000000088400000| Untracked 
| 133|0x0000000088500000, 0x0000000088500000, 0x0000000088600000|  0%| F|  |TAMS 0x0000000088500000, 0x0000000088500000| Untracked 
| 134|0x0000000088600000, 0x0000000088600000, 0x0000000088700000|  0%| F|  |TAMS 0x0000000088600000, 0x0000000088600000| Untracked 
| 135|0x0000000088700000, 0x0000000088700000, 0x0000000088800000|  0%| F|  |TAMS 0x0000000088700000, 0x0000000088700000| Untracked 
| 136|0x0000000088800000, 0x0000000088800000, 0x0000000088900000|  0%| F|  |TAMS 0x0000000088800000, 0x0000000088800000| Untracked 
| 137|0x0000000088900000, 0x0000000088900000, 0x0000000088a00000|  0%| F|  |TAMS 0x0000000088900000, 0x0000000088900000| Untracked 
| 138|0x0000000088a00000, 0x0000000088a00000, 0x0000000088b00000|  0%| F|  |TAMS 0x0000000088a00000, 0x0000000088a00000| Untracked 
| 139|0x0000000088b00000, 0x0000000088b00000, 0x0000000088c00000|  0%| F|  |TAMS 0x0000000088b00000, 0x0000000088b00000| Untracked 
| 140|0x0000000088c00000, 0x0000000088c00000, 0x0000000088d00000|  0%| F|  |TAMS 0x0000000088c00000, 0x0000000088c00000| Untracked 
| 141|0x0000000088d00000, 0x0000000088d00000, 0x0000000088e00000|  0%| F|  |TAMS 0x0000000088d00000, 0x0000000088d00000| Untracked 
| 142|0x0000000088e00000, 0x0000000088e00000, 0x0000000088f00000|  0%| F|  |TAMS 0x0000000088e00000, 0x0000000088e00000| Untracked 
| 143|0x0000000088f00000, 0x0000000088f00000, 0x0000000089000000|  0%| F|  |TAMS 0x0000000088f00000, 0x0000000088f00000| Untracked 
| 144|0x0000000089000000, 0x0000000089000000, 0x0000000089100000|  0%| F|  |TAMS 0x0000000089000000, 0x0000000089000000| Untracked 
| 145|0x0000000089100000, 0x0000000089100000, 0x0000000089200000|  0%| F|  |TAMS 0x0000000089100000, 0x0000000089100000| Untracked 
| 146|0x0000000089200000, 0x0000000089200000, 0x0000000089300000|  0%| F|  |TAMS 0x0000000089200000, 0x0000000089200000| Untracked 
| 147|0x0000000089300000, 0x0000000089300000, 0x0000000089400000|  0%| F|  |TAMS 0x0000000089300000, 0x0000000089300000| Untracked 
| 148|0x0000000089400000, 0x0000000089400000, 0x0000000089500000|  0%| F|  |TAMS 0x0000000089400000, 0x0000000089400000| Untracked 
| 149|0x0000000089500000, 0x0000000089500000, 0x0000000089600000|  0%| F|  |TAMS 0x0000000089500000, 0x0000000089500000| Untracked 
| 150|0x0000000089600000, 0x0000000089600000, 0x0000000089700000|  0%| F|  |TAMS 0x0000000089600000, 0x0000000089600000| Untracked 
| 151|0x0000000089700000, 0x0000000089700000, 0x0000000089800000|  0%| F|  |TAMS 0x0000000089700000, 0x0000000089700000| Untracked 
| 152|0x0000000089800000, 0x0000000089800000, 0x0000000089900000|  0%| F|  |TAMS 0x0000000089800000, 0x0000000089800000| Untracked 
| 153|0x0000000089900000, 0x0000000089900000, 0x0000000089a00000|  0%| F|  |TAMS 0x0000000089900000, 0x0000000089900000| Untracked 
| 154|0x0000000089a00000, 0x0000000089a00000, 0x0000000089b00000|  0%| F|  |TAMS 0x0000000089a00000, 0x0000000089a00000| Untracked 
| 155|0x0000000089b00000, 0x0000000089b00000, 0x0000000089c00000|  0%| F|  |TAMS 0x0000000089b00000, 0x0000000089b00000| Untracked 
| 156|0x0000000089c00000, 0x0000000089c00000, 0x0000000089d00000|  0%| F|  |TAMS 0x0000000089c00000, 0x0000000089c00000| Untracked 
| 157|0x0000000089d00000, 0x0000000089d00000, 0x0000000089e00000|  0%| F|  |TAMS 0x0000000089d00000, 0x0000000089d00000| Untracked 
| 158|0x0000000089e00000, 0x0000000089e00000, 0x0000000089f00000|  0%| F|  |TAMS 0x0000000089e00000, 0x0000000089e00000| Untracked 
| 159|0x0000000089f00000, 0x000000008a000000, 0x000000008a000000|100%|HS|  |TAMS 0x000000008a000000, 0x000000008a000000| Complete 
| 160|0x000000008a000000, 0x000000008a100000, 0x000000008a100000|100%|HC|  |TAMS 0x000000008a100000, 0x000000008a100000| Complete 
| 161|0x000000008a100000, 0x000000008a200000, 0x000000008a200000|100%|HC|  |TAMS 0x000000008a200000, 0x000000008a200000| Complete 
| 162|0x000000008a200000, 0x000000008a300000, 0x000000008a300000|100%|HC|  |TAMS 0x000000008a300000, 0x000000008a300000| Complete 
| 163|0x000000008a300000, 0x000000008a400000, 0x000000008a400000|100%|HC|  |TAMS 0x000000008a400000, 0x000000008a400000| Complete 
| 164|0x000000008a400000, 0x000000008a500000, 0x000000008a500000|100%|HC|  |TAMS 0x000000008a500000, 0x000000008a500000| Complete 
| 165|0x000000008a500000, 0x000000008a600000, 0x000000008a600000|100%|HC|  |TAMS 0x000000008a600000, 0x000000008a600000| Complete 
| 166|0x000000008a600000, 0x000000008a700000, 0x000000008a700000|100%|HC|  |TAMS 0x000000008a700000, 0x000000008a700000| Complete 
| 167|0x000000008a700000, 0x000000008a800000, 0x000000008a800000|100%|HC|  |TAMS 0x000000008a800000, 0x000000008a800000| Complete 
| 168|0x000000008a800000, 0x000000008a900000, 0x000000008a900000|100%|HC|  |TAMS 0x000000008a900000, 0x000000008a900000| Complete 
| 169|0x000000008a900000, 0x000000008aa00000, 0x000000008aa00000|100%|HC|  |TAMS 0x000000008aa00000, 0x000000008aa00000| Complete 
| 170|0x000000008aa00000, 0x000000008ab00000, 0x000000008ab00000|100%|HC|  |TAMS 0x000000008ab00000, 0x000000008ab00000| Complete 
| 171|0x000000008ab00000, 0x000000008ac00000, 0x000000008ac00000|100%|HC|  |TAMS 0x000000008ac00000, 0x000000008ac00000| Complete 
| 172|0x000000008ac00000, 0x000000008ad00000, 0x000000008ad00000|100%|HC|  |TAMS 0x000000008ad00000, 0x000000008ad00000| Complete 
| 173|0x000000008ad00000, 0x000000008ae00000, 0x000000008ae00000|100%|HC|  |TAMS 0x000000008ae00000, 0x000000008ae00000| Complete 
| 174|0x000000008ae00000, 0x000000008af00000, 0x000000008af00000|100%|HC|  |TAMS 0x000000008af00000, 0x000000008af00000| Complete 
| 175|0x000000008af00000, 0x000000008b000000, 0x000000008b000000|100%|HC|  |TAMS 0x000000008b000000, 0x000000008b000000| Complete 
| 176|0x000000008b000000, 0x000000008b100000, 0x000000008b100000|100%|HC|  |TAMS 0x000000008b100000, 0x000000008b100000| Complete 
| 177|0x000000008b100000, 0x000000008b200000, 0x000000008b200000|100%|HC|  |TAMS 0x000000008b200000, 0x000000008b200000| Complete 
| 178|0x000000008b200000, 0x000000008b300000, 0x000000008b300000|100%|HC|  |TAMS 0x000000008b300000, 0x000000008b300000| Complete 
| 179|0x000000008b300000, 0x000000008b400000, 0x000000008b400000|100%|HC|  |TAMS 0x000000008b400000, 0x000000008b400000| Complete 
| 180|0x000000008b400000, 0x000000008b500000, 0x000000008b500000|100%|HC|  |TAMS 0x000000008b500000, 0x000000008b500000| Complete 
| 181|0x000000008b500000, 0x000000008b600000, 0x000000008b600000|100%|HC|  |TAMS 0x000000008b600000, 0x000000008b600000| Complete 
| 182|0x000000008b600000, 0x000000008b700000, 0x000000008b700000|100%|HC|  |TAMS 0x000000008b700000, 0x000000008b700000| Complete 
| 183|0x000000008b700000, 0x000000008b800000, 0x000000008b800000|100%|HC|  |TAMS 0x000000008b800000, 0x000000008b800000| Complete 
| 184|0x000000008b800000, 0x000000008b900000, 0x000000008b900000|100%|HC|  |TAMS 0x000000008b900000, 0x000000008b900000| Complete 
| 185|0x000000008b900000, 0x000000008ba00000, 0x000000008ba00000|100%|HC|  |TAMS 0x000000008ba00000, 0x000000008ba00000| Complete 
| 186|0x000000008ba00000, 0x000000008bb00000, 0x000000008bb00000|100%|HC|  |TAMS 0x000000008bb00000, 0x000000008bb00000| Complete 
| 187|0x000000008bb00000, 0x000000008bc00000, 0x000000008bc00000|100%|HC|  |TAMS 0x000000008bc00000, 0x000000008bc00000| Complete 
| 188|0x000000008bc00000, 0x000000008bd00000, 0x000000008bd00000|100%|HC|  |TAMS 0x000000008bd00000, 0x000000008bd00000| Complete 
| 189|0x000000008bd00000, 0x000000008be00000, 0x000000008be00000|100%|HC|  |TAMS 0x000000008be00000, 0x000000008be00000| Complete 

Card table byte_map: [0x000002663d8a0000,0x000002663dca0000] _byte_map_base: 0x000002663d4a0000

Marking Bits (Prev, Next): (CMBitMap*) 0x0000026628f8be60, (CMBitMap*) 0x0000026628f8bea0
 Prev Bits: [0x000002663e0a0000, 0x00000266400a0000)
 Next Bits: [0x00000266400a0000, 0x00000266420a0000)

Polling page: 0x0000026628d90000

Metaspace:

Usage:
  Non-class:     32.05 MB used.
      Class:      3.95 MB used.
       Both:     35.99 MB used.

Virtual space:
  Non-class space:       64.00 MB reserved,      32.19 MB ( 50%) committed,  1 nodes.
      Class space:        1.00 GB reserved,       4.06 MB ( <1%) committed,  1 nodes.
             Both:        1.06 GB reserved,      36.25 MB (  3%) committed. 

Chunk freelists:
   Non-Class:  15.72 MB
       Class:  11.89 MB
        Both:  27.61 MB

MaxMetaspaceSize: unlimited
CompressedClassSpaceSize: 1.00 GB
Initial GC threshold: 21.00 MB
Current GC threshold: 59.50 MB
CDS: off
MetaspaceReclaimPolicy: balanced
 - commit_granule_bytes: 65536.
 - commit_granule_words: 8192.
 - virtual_space_node_default_size: 8388608.
 - enlarge_chunks_in_place: 1.
 - new_chunks_are_fully_committed: 0.
 - uncommit_free_chunks: 1.
 - use_allocation_guard: 0.
 - handle_deallocations: 1.


Internal statistics:

num_allocs_failed_limit: 9.
num_arena_births: 324.
num_arena_deaths: 14.
num_vsnodes_births: 2.
num_vsnodes_deaths: 0.
num_space_committed: 580.
num_space_uncommitted: 0.
num_chunks_returned_to_freelist: 28.
num_chunks_taken_from_freelist: 1350.
num_chunk_merges: 3.
num_chunk_splits: 921.
num_chunks_enlarged: 679.
num_inconsistent_stats: 0.

CodeHeap 'non-profiled nmethods': size=120000Kb used=1225Kb max_used=1225Kb free=118774Kb
 bounds [0x0000026635950000, 0x0000026635bc0000, 0x000002663ce80000]
CodeHeap 'profiled nmethods': size=120000Kb used=6046Kb max_used=6046Kb free=113953Kb
 bounds [0x000002662de80000, 0x000002662e470000, 0x00000266353b0000]
CodeHeap 'non-nmethods': size=5760Kb used=1364Kb max_used=1408Kb free=4395Kb
 bounds [0x00000266353b0000, 0x0000026635620000, 0x0000026635950000]
 total_blobs=3955 nmethods=3245 adapters=622
 compilation: enabled
              stopped_count=0, restarted_count=0
 full_count=0

Compilation events (20 events):
Event: 9.267 Thread 0x0000026644713ae0 3328       2       com.oracle.js.parser.ir.LiteralNode$ArrayLiteralNode::accept (50 bytes)
Event: 9.268 Thread 0x0000026644713ae0 nmethod 3328 0x000002662e461e10 code [0x000002662e462020, 0x000002662e462518]
Event: 9.268 Thread 0x0000026644713ae0 3331       2       org.bson.internal.ChildCodecRegistry::hasCycles (35 bytes)
Event: 9.269 Thread 0x0000026644713ae0 nmethod 3331 0x000002662e462790 code [0x000002662e462940, 0x000002662e462b18]
Event: 9.269 Thread 0x0000026644713ae0 3334       2       org.bson.BsonBinaryWriter::getContext (8 bytes)
Event: 9.269 Thread 0x0000026644713ae0 nmethod 3334 0x000002662e462c10 code [0x000002662e462da0, 0x000002662e462ed8]
Event: 9.269 Thread 0x0000026644713ae0 3330       2       org.bson.internal.ChildCodecRegistry::get (43 bytes)
Event: 9.270 Thread 0x0000026644713ae0 nmethod 3330 0x000002662e462f90 code [0x000002662e463160, 0x000002662e463608]
Event: 9.270 Thread 0x0000026644713ae0 3332       1       org.bson.AbstractBsonWriter::isClosed (5 bytes)
Event: 9.270 Thread 0x0000026644713ae0 nmethod 3332 0x0000026635a81e10 code [0x0000026635a81fa0, 0x0000026635a82078]
Event: 9.270 Thread 0x0000026644713ae0 3333       1       org.bson.AbstractBsonWriter::setState (6 bytes)
Event: 9.270 Thread 0x0000026644713ae0 nmethod 3333 0x0000026635a82110 code [0x0000026635a822a0, 0x0000026635a823b8]
Event: 9.270 Thread 0x0000026644713ae0 3335       1       org.bson.codecs.EncoderContext::isEncodingCollectibleDocument (5 bytes)
Event: 9.270 Thread 0x0000026644713ae0 nmethod 3335 0x0000026635a82410 code [0x0000026635a825a0, 0x0000026635a82678]
Event: 9.276 Thread 0x0000026644713ae0 3337       3       com.oracle.js.parser.ParserContextFunctionNode::createBodyScope (207 bytes)
Event: 9.278 Thread 0x0000026644713ae0 nmethod 3337 0x000002662e463790 code [0x000002662e463a40, 0x000002662e4649b8]
Event: 9.281 Thread 0x0000026644713ae0 3338 %     3       com.oracle.js.parser.Parser::formalParameterList @ 3 (98 bytes)
Event: 9.283 Thread 0x0000026644713ae0 nmethod 3338% 0x000002662e464e10 code [0x000002662e4650a0, 0x000002662e465e78]
Event: 9.294 Thread 0x0000026644713ae0 3340       3       com.oracle.js.parser.ir.Scope::kill (190 bytes)
Event: 9.296 Thread 0x0000026644713ae0 nmethod 3340 0x000002662e466310 code [0x000002662e4665a0, 0x000002662e467448]

GC Heap History (17 events):
Event: 1.454 GC heap before
{Heap before GC invocations=0 (full 0):
 garbage-first heap   total 131072K, used 17408K [0x0000000080000000, 0x0000000100000000)
  region size 1024K, 13 young (13312K), 0 survivors (0K)
 Metaspace       used 11703K, committed 11840K, reserved 1114112K
  class space    used 1046K, committed 1088K, reserved 1048576K
}
Event: 1.459 GC heap after
{Heap after GC invocations=1 (full 0):
 garbage-first heap   total 131072K, used 8039K [0x0000000080000000, 0x0000000100000000)
  region size 1024K, 2 young (2048K), 2 survivors (2048K)
 Metaspace       used 11703K, committed 11840K, reserved 1114112K
  class space    used 1046K, committed 1088K, reserved 1048576K
}
Event: 2.955 GC heap before
{Heap before GC invocations=1 (full 0):
 garbage-first heap   total 131072K, used 23399K [0x0000000080000000, 0x0000000100000000)
  region size 1024K, 18 young (18432K), 2 survivors (2048K)
 Metaspace       used 19558K, committed 19840K, reserved 1114112K
  class space    used 1849K, committed 1984K, reserved 1048576K
}
Event: 2.962 GC heap after
{Heap after GC invocations=2 (full 0):
 garbage-first heap   total 131072K, used 9871K [0x0000000080000000, 0x0000000100000000)
  region size 1024K, 2 young (2048K), 2 survivors (2048K)
 Metaspace       used 19558K, committed 19840K, reserved 1114112K
  class space    used 1849K, committed 1984K, reserved 1048576K
}
Event: 3.083 GC heap before
{Heap before GC invocations=2 (full 0):
 garbage-first heap   total 131072K, used 18063K [0x0000000080000000, 0x0000000100000000)
  region size 1024K, 11 young (11264K), 2 survivors (2048K)
 Metaspace       used 21294K, committed 21504K, reserved 1114112K
  class space    used 2038K, committed 2176K, reserved 1048576K
}
Event: 3.086 GC heap after
{Heap after GC invocations=3 (full 0):
 garbage-first heap   total 131072K, used 10356K [0x0000000080000000, 0x0000000100000000)
  region size 1024K, 2 young (2048K), 2 survivors (2048K)
 Metaspace       used 21294K, committed 21504K, reserved 1114112K
  class space    used 2038K, committed 2176K, reserved 1048576K
}
Event: 6.116 GC heap before
{Heap before GC invocations=4 (full 0):
 garbage-first heap   total 194560K, used 177268K [0x0000000080000000, 0x0000000100000000)
  region size 1024K, 56 young (57344K), 2 survivors (2048K)
 Metaspace       used 35906K, committed 36160K, reserved 1114112K
  class space    used 3965K, committed 4096K, reserved 1048576K
}
Event: 6.131 GC heap after
{Heap after GC invocations=5 (full 0):
 garbage-first heap   total 194560K, used 49195K [0x0000000080000000, 0x0000000100000000)
  region size 1024K, 9 young (9216K), 9 survivors (9216K)
 Metaspace       used 35906K, committed 36160K, reserved 1114112K
  class space    used 3965K, committed 4096K, reserved 1048576K
}
Event: 6.138 GC heap before
{Heap before GC invocations=5 (full 0):
 garbage-first heap   total 194560K, used 50219K [0x0000000080000000, 0x0000000100000000)
  region size 1024K, 10 young (10240K), 9 survivors (9216K)
 Metaspace       used 35908K, committed 36224K, reserved 1114112K
  class space    used 3965K, committed 4096K, reserved 1048576K
}
Event: 6.151 GC heap after
{Heap after GC invocations=6 (full 0):
 garbage-first heap   total 194560K, used 50086K [0x0000000080000000, 0x0000000100000000)
  region size 1024K, 2 young (2048K), 2 survivors (2048K)
 Metaspace       used 35908K, committed 36224K, reserved 1114112K
  class space    used 3965K, committed 4096K, reserved 1048576K
}
Event: 8.139 GC heap before
{Heap before GC invocations=6 (full 0):
 garbage-first heap   total 194560K, used 136102K [0x0000000080000000, 0x0000000100000000)
  region size 1024K, 79 young (80896K), 2 survivors (2048K)
 Metaspace       used 36199K, committed 36480K, reserved 1114112K
  class space    used 3966K, committed 4096K, reserved 1048576K
}
Event: 8.200 GC heap after
{Heap after GC invocations=7 (full 0):
 garbage-first heap   total 194560K, used 92464K [0x0000000080000000, 0x0000000100000000)
  region size 1024K, 12 young (12288K), 12 survivors (12288K)
 Metaspace       used 36199K, committed 36480K, reserved 1114112K
  class space    used 3966K, committed 4096K, reserved 1048576K
}
Event: 8.537 GC heap before
{Heap before GC invocations=8 (full 0):
 garbage-first heap   total 194560K, used 98608K [0x0000000080000000, 0x0000000100000000)
  region size 1024K, 19 young (19456K), 12 survivors (12288K)
 Metaspace       used 36191K, committed 36544K, reserved 1114112K
  class space    used 3962K, committed 4096K, reserved 1048576K
}
Event: 8.588 GC heap after
{Heap after GC invocations=9 (full 0):
 garbage-first heap   total 194560K, used 96768K [0x0000000080000000, 0x0000000100000000)
  region size 1024K, 3 young (3072K), 3 survivors (3072K)
 Metaspace       used 36191K, committed 36544K, reserved 1114112K
  class space    used 3962K, committed 4096K, reserved 1048576K
}
Event: 9.083 GC heap before
{Heap before GC invocations=9 (full 0):
 garbage-first heap   total 194560K, used 135680K [0x0000000080000000, 0x0000000100000000)
  region size 1024K, 41 young (41984K), 3 survivors (3072K)
 Metaspace       used 36393K, committed 36672K, reserved 1114112K
  class space    used 3980K, committed 4096K, reserved 1048576K
}
Event: 9.108 GC heap after
{Heap after GC invocations=10 (full 0):
 garbage-first heap   total 194560K, used 114176K [0x0000000080000000, 0x0000000100000000)
  region size 1024K, 6 young (6144K), 6 survivors (6144K)
 Metaspace       used 36393K, committed 36672K, reserved 1114112K
  class space    used 3980K, committed 4096K, reserved 1048576K
}
Event: 9.303 GC heap before
{Heap before GC invocations=10 (full 0):
 garbage-first heap   total 194560K, used 142848K [0x0000000080000000, 0x0000000100000000)
  region size 1024K, 35 young (35840K), 6 survivors (6144K)
 Metaspace       used 36856K, committed 37120K, reserved 1114112K
  class space    used 4041K, committed 4160K, reserved 1048576K
}

Dll operation events (1 events):
Event: 0.026 Loaded shared library C:\Program Files\JetBrains\IntelliJ IDEA 2023.3.4\jbr\bin\java.dll

Deoptimization events (20 events):
Event: 7.566 Thread 0x00000266491ca470 DEOPT PACKING pc=0x000002662e384ca6 sp=0x0000007fe73f8740
Event: 7.566 Thread 0x00000266491ca470 DEOPT UNPACKING pc=0x0000026635407143 sp=0x0000007fe73f7d08 mode 0
Event: 7.913 Thread 0x000002664976bd40 Uncommon trap: trap_request=0xffffff45 fr.pc=0x0000026635a51b58 relative=0x00000000000034f8
Event: 7.913 Thread 0x000002664976bd40 Uncommon trap: reason=unstable_if action=reinterpret pc=0x0000026635a51b58 method=com.oracle.js.parser.Parser.leftHandSideExpression(ZZLcom/oracle/js/parser/CoverExpressionError;)Lcom/oracle/js/parser/ir/Expression; @ 269 c2
Event: 7.913 Thread 0x000002664976bd40 DEOPT PACKING pc=0x0000026635a51b58 sp=0x0000007fe7ffb200
Event: 7.913 Thread 0x000002664976bd40 DEOPT UNPACKING pc=0x00000266354069a3 sp=0x0000007fe7ffb1c0 mode 2
Event: 7.968 Thread 0x000002664976bd40 Uncommon trap: trap_request=0xffffff45 fr.pc=0x0000026635a5bc20 relative=0x0000000000000660
Event: 7.968 Thread 0x000002664976bd40 Uncommon trap: reason=unstable_if action=reinterpret pc=0x0000026635a5bc20 method=java.util.HashMap.getNode(Ljava/lang/Object;)Ljava/util/HashMap$Node; @ 131 c2
Event: 7.968 Thread 0x000002664976bd40 DEOPT PACKING pc=0x0000026635a5bc20 sp=0x0000007fe7ffaae0
Event: 7.968 Thread 0x000002664976bd40 DEOPT UNPACKING pc=0x00000266354069a3 sp=0x0000007fe7ffa9d0 mode 2
Event: 8.085 Thread 0x000002664976bd40 Uncommon trap: trap_request=0xffffff45 fr.pc=0x0000026635a43860 relative=0x0000000000001be0
Event: 8.085 Thread 0x000002664976bd40 Uncommon trap: reason=unstable_if action=reinterpret pc=0x0000026635a43860 method=com.oracle.js.parser.Parser.arrayLiteral(ZZLcom/oracle/js/parser/CoverExpressionError;)Lcom/oracle/js/parser/ir/LiteralNode; @ 91 c2
Event: 8.085 Thread 0x000002664976bd40 DEOPT PACKING pc=0x0000026635a43860 sp=0x0000007fe7ffad10
Event: 8.085 Thread 0x000002664976bd40 DEOPT UNPACKING pc=0x00000266354069a3 sp=0x0000007fe7ffad00 mode 2
Event: 8.287 Thread 0x000002664976bd40 Uncommon trap: trap_request=0xffffff45 fr.pc=0x0000026635a6a758 relative=0x0000000000004138
Event: 8.287 Thread 0x000002664976bd40 Uncommon trap: reason=unstable_if action=reinterpret pc=0x0000026635a6a758 method=com.oracle.js.parser.Parser.primaryExpression(ZZLcom/oracle/js/parser/CoverExpressionError;)Lcom/oracle/js/parser/ir/Expression; @ 467 c2
Event: 8.287 Thread 0x000002664976bd40 DEOPT PACKING pc=0x0000026635a6a758 sp=0x0000007fe7ffb180
Event: 8.287 Thread 0x000002664976bd40 DEOPT UNPACKING pc=0x00000266354069a3 sp=0x0000007fe7ffb170 mode 2
Event: 8.356 Thread 0x00000266491ca470 DEOPT PACKING pc=0x000002662e360f38 sp=0x0000007fe73fbc80
Event: 8.356 Thread 0x00000266491ca470 DEOPT UNPACKING pc=0x0000026635407143 sp=0x0000007fe73fb180 mode 0

Classes unloaded (7 events):
Event: 8.329 Thread 0x00000266446ec620 Unloading class 0x0000000100299000 'java/lang/invoke/LambdaForm$DMH+0x0000000100299000'
Event: 8.329 Thread 0x00000266446ec620 Unloading class 0x000000010022dc00 'jdk/internal/reflect/GeneratedSerializationConstructorAccessor13'
Event: 8.329 Thread 0x00000266446ec620 Unloading class 0x000000010022d400 'jdk/internal/reflect/GeneratedSerializationConstructorAccessor12'
Event: 8.329 Thread 0x00000266446ec620 Unloading class 0x000000010022cc00 'jdk/internal/reflect/GeneratedSerializationConstructorAccessor10'
Event: 8.329 Thread 0x00000266446ec620 Unloading class 0x000000010022c400 'jdk/internal/reflect/GeneratedSerializationConstructorAccessor8'
Event: 8.329 Thread 0x00000266446ec620 Unloading class 0x000000010021c800 'jdk/internal/reflect/GeneratedSerializationConstructorAccessor1'
Event: 8.329 Thread 0x00000266446ec620 Unloading class 0x00000001001b4c00 'java/lang/invoke/LambdaForm$DMH+0x00000001001b4c00'

Classes redefined (0 events):
No events

Internal exceptions (20 events):
Event: 3.364 Thread 0x000002664976cc70 Exception <a 'java/lang/NoSuchMethodError'{0x00000000874077c8}: static [Ljava/rmi/server/ObjID;.<clinit>()V> (0x00000000874077c8) 
thrown [s\src\hotspot\share\prims\jni.cpp, line 1108]
Event: 3.378 Thread 0x000002664976a900 Exception <a 'java/lang/InterruptedException'{0x00000000874cc490}> (0x00000000874cc490) 
thrown [s\src\hotspot\share\runtime\objectMonitor.cpp, line 1658]
Event: 3.379 Thread 0x000002664976cc70 Exception <a 'java/lang/NoSuchMethodError'{0x000000008740f118}: 'void java.lang.invoke.Invokers$Holder.invoke_MT(java.lang.Object, java.lang.Object, java.lang.Object)'> (0x000000008740f118) 
thrown [s\src\hotspot\share\interpreter\linkResolver.cpp, line 771]
Event: 3.382 Thread 0x000002664976a900 Exception <a 'java/lang/NoSuchMethodError'{0x00000000874d4c38}: 'java.lang.Object java.lang.invoke.DirectMethodHandle$Holder.newInvokeSpecial(java.lang.Object, java.lang.Object, int, java.lang.Object, long)'> (0x00000000874d4c38) 
thrown [s\src\hotspot\share\interpreter\linkResolver.cpp, line 771]
Event: 3.406 Thread 0x00000266491ca470 Exception <a 'java/lang/NoSuchMethodError'{0x00000000874a3e80}: 'java.lang.Object java.lang.invoke.DirectMethodHandle$Holder.invokeStatic(java.lang.Object, int, int, int, int, int, java.lang.Object, java.lang.Object)'> (0x00000000874a3e80) 
thrown [s\src\hotspot\share\interpreter\linkResolver.cpp, line 771]
Event: 3.806 Thread 0x000002664976cc70 Exception <a 'java/lang/NoSuchMethodError'{0x0000000086f35740}: 'java.lang.Object java.lang.invoke.DirectMethodHandle$Holder.invokeInterface(java.lang.Object, java.lang.Object)'> (0x0000000086f35740) 
thrown [s\src\hotspot\share\interpreter\linkResolver.cpp, line 771]
Event: 3.890 Thread 0x000002664976cc70 Exception <a 'java/lang/ClassNotFoundException'{0x0000000086d42938}: sun/util/logging/resources/spi/loggingProvider> (0x0000000086d42938) 
thrown [s\src\hotspot\share\classfile\systemDictionary.cpp, line 256]
Event: 4.117 Thread 0x000002664976cc70 Exception <a 'java/lang/NoSuchMethodError'{0x0000000086804088}: 'void java.lang.invoke.DirectMethodHandle$Holder.invokeStatic(java.lang.Object, int, java.lang.Object)'> (0x0000000086804088) 
thrown [s\src\hotspot\share\interpreter\linkResolver.cpp, line 771]
Event: 4.381 Thread 0x000002664976cc70 Exception <a 'java/lang/NoSuchMethodError'{0x00000000863e6278}: 'java.lang.Object java.lang.invoke.DirectMethodHandle$Holder.invokeVirtual(java.lang.Object, java.lang.Object, java.lang.Object)'> (0x00000000863e6278) 
thrown [s\src\hotspot\share\interpreter\linkResolver.cpp, line 771]
Event: 4.435 Thread 0x000002664976cc70 Exception <a 'java/lang/NoSuchMethodError'{0x0000000086281670}: 'long java.lang.invoke.DirectMethodHandle$Holder.invokeStatic(java.lang.Object)'> (0x0000000086281670) 
thrown [s\src\hotspot\share\interpreter\linkResolver.cpp, line 771]
Event: 4.608 Thread 0x000002664976cc70 Implicit null exception at 0x000002663597c672 to 0x000002663597cc40
Event: 9.150 Thread 0x0000026649769ee0 Exception <a 'java/lang/NoSuchMethodError'{0x00000000893361f0}: 'void java.lang.invoke.DirectMethodHandle$Holder.invokeVirtual(java.lang.Object, java.lang.Object)'> (0x00000000893361f0) 
thrown [s\src\hotspot\share\interpreter\linkResolver.cpp, line 771]
Event: 9.192 Thread 0x000002664976cc70 Exception <a 'java/lang/NoSuchMethodError'{0x0000000089193ce0}: 'java.lang.Object java.lang.invoke.DirectMethodHandle$Holder.newInvokeSpecial(java.lang.Object, java.lang.Object, java.lang.Object, java.lang.Object, java.lang.Object, java.lang.Object, java.lang.Object, java.lang.Object)'> (0x0000000089193ce0) 
thrown [s\src\hotspot\share\interpreter\linkResolver.cpp, line 771]
Event: 9.193 Thread 0x000002664976cc70 Exception <a 'java/lang/NoSuchMethodError'{0x0000000089199050}: 'java.lang.Object java.lang.invoke.DirectMethodHandle$Holder.invokeSpecial(java.lang.Object, java.lang.Object, java.lang.Object, java.lang.Object, java.lang.Object, java.lang.Object, java.lang.Object, java.lang.Object, java.lang.Object)'> (0x0000000089199050) 
thrown [s\src\hotspot\share\interpreter\linkResolver.cpp, line 771]
Event: 9.194 Thread 0x000002664976cc70 Exception <a 'java/lang/NoSuchMethodError'{0x000000008919dcd8}: 'java.lang.Object java.lang.invoke.Invokers$Holder.linkToTargetMethod(java.lang.Object, java.lang.Object, java.lang.Object, java.lang.Object, java.lang.Object, java.lang.Object, java.lang.Object, java.lang.Object)'> (0x000000008919dcd8) 
thrown [s\src\hotspot\share\interpreter\linkResolver.cpp, line 771]
Event: 9.202 Thread 0x000002664976cc70 Exception <a 'java/lang/NoSuchMethodError'{0x00000000890b8908}: 'java.lang.Object java.lang.invoke.DirectMethodHandle$Holder.newInvokeSpecial(java.lang.Object, java.lang.Object, java.lang.Object, java.lang.Object, java.lang.Object, java.lang.Object, java.lang.Object)'> (0x00000000890b8908) 
thrown [s\src\hotspot\share\interpreter\linkResolver.cpp, line 771]
Event: 9.202 Thread 0x000002664976cc70 Exception <a 'java/lang/NoSuchMethodError'{0x0000000088f02af0}: 'java.lang.Object java.lang.invoke.Invokers$Holder.linkToTargetMethod(java.lang.Object, java.lang.Object, java.lang.Object, java.lang.Object, java.lang.Object, java.lang.Object, java.lang.Object)'> (0x0000000088f02af0) 
thrown [s\src\hotspot\share\interpreter\linkResolver.cpp, line 771]
Event: 9.203 Thread 0x000002664976cc70 Exception <a 'java/lang/NoSuchMethodError'{0x0000000088f06b70}: 'java.lang.Object java.lang.invoke.DirectMethodHandle$Holder.invokeStatic(java.lang.Object, int, java.lang.Object, java.lang.Object)'> (0x0000000088f06b70) 
thrown [s\src\hotspot\share\interpreter\linkResolver.cpp, line 771]
Event: 9.204 Thread 0x000002664976cc70 Exception <a 'java/lang/NoSuchMethodError'{0x0000000088f39568}: 'java.lang.Object java.lang.invoke.DirectMethodHandle$Holder.newInvokeSpecial(java.lang.Object, int, java.lang.Object)'> (0x0000000088f39568) 
thrown [s\src\hotspot\share\interpreter\linkResolver.cpp, line 771]
Event: 9.239 Thread 0x000002664976cc70 Exception <a 'java/lang/NoSuchMethodError'{0x0000000088965528}: 'java.lang.Object java.lang.invoke.DirectMethodHandle$Holder.invokeInterface(java.lang.Object, java.lang.Object, java.lang.Object)'> (0x0000000088965528) 
thrown [s\src\hotspot\share\interpreter\linkResolver.cpp, line 771]

VM Operations (20 events):
Event: 4.594 Executing VM operation: HandshakeAllThreads done
Event: 5.298 Executing VM operation: HandshakeAllThreads
Event: 5.298 Executing VM operation: HandshakeAllThreads done
Event: 6.116 Executing VM operation: CollectForMetadataAllocation
Event: 6.131 Executing VM operation: CollectForMetadataAllocation done
Event: 6.138 Executing VM operation: G1CollectForAllocation
Event: 6.151 Executing VM operation: G1CollectForAllocation done
Event: 7.156 Executing VM operation: Cleanup
Event: 7.217 Executing VM operation: Cleanup done
Event: 8.122 Executing VM operation: CollectForMetadataAllocation
Event: 8.202 Executing VM operation: CollectForMetadataAllocation done
Event: 8.326 Executing VM operation: G1PauseRemark
Event: 8.349 Executing VM operation: G1PauseRemark done
Event: 8.439 Executing VM operation: G1PauseCleanup
Event: 8.536 Executing VM operation: G1PauseCleanup done
Event: 8.537 Executing VM operation: G1CollectForAllocation
Event: 8.595 Executing VM operation: G1CollectForAllocation done
Event: 9.083 Executing VM operation: G1CollectForAllocation
Event: 9.111 Executing VM operation: G1CollectForAllocation done
Event: 9.298 Executing VM operation: G1CollectForAllocation

Events (20 events):
Event: 5.356 loading class java/time/temporal/UnsupportedTemporalTypeException done
Event: 9.151 Thread 0x000002664a1eeae0 Thread added: 0x000002664a1eeae0
Event: 9.196 loading class java/util/function/BiPredicate
Event: 9.196 loading class java/util/function/BiPredicate done
Event: 9.242 loading class java/util/stream/ReduceOps$2
Event: 9.242 loading class java/util/stream/ReduceOps$2 done
Event: 9.242 loading class java/util/stream/ReduceOps$2ReducingSink
Event: 9.243 loading class java/util/stream/ReduceOps$2ReducingSink done
Event: 9.255 loading class javax/security/auth/login/LoginException
Event: 9.255 loading class javax/security/auth/login/LoginException done
Event: 9.255 loading class javax/security/sasl/SaslException
Event: 9.256 loading class javax/security/sasl/SaslException done
Event: 9.258 loading class javax/security/sasl/SaslClient
Event: 9.258 loading class javax/security/sasl/SaslClient done
Event: 9.262 loading class java/security/InvalidKeyException
Event: 9.262 loading class java/security/KeyException
Event: 9.262 loading class java/security/KeyException done
Event: 9.262 loading class java/security/InvalidKeyException done
Event: 9.262 loading class java/security/Key
Event: 9.262 loading class java/security/Key done


Dynamic libraries:
0x00007ff76d380000 - 0x00007ff76d38a000 	C:\Program Files\JetBrains\IntelliJ IDEA 2023.3.4\jbr\bin\java.exe
0x00007ffce0710000 - 0x00007ffce0908000 	C:\WINDOWS\SYSTEM32\ntdll.dll
0x00007ffcdefc0000 - 0x00007ffcdf07d000 	C:\WINDOWS\System32\KERNEL32.DLL
0x00007ffcde2b0000 - 0x00007ffcde5a6000 	C:\WINDOWS\System32\KERNELBASE.dll
0x00007ffcddf10000 - 0x00007ffcde010000 	C:\WINDOWS\System32\ucrtbase.dll
0x00007ffc88070000 - 0x00007ffc88087000 	C:\Program Files\JetBrains\IntelliJ IDEA 2023.3.4\jbr\bin\jli.dll
0x00007ffcc56f0000 - 0x00007ffcc570b000 	C:\Program Files\JetBrains\IntelliJ IDEA 2023.3.4\jbr\bin\VCRUNTIME140.dll
0x00007ffcdee20000 - 0x00007ffcdefbf000 	C:\WINDOWS\System32\USER32.dll
0x00007ffcde280000 - 0x00007ffcde2a2000 	C:\WINDOWS\System32\win32u.dll
0x00007ffcc2940000 - 0x00007ffcc2bda000 	C:\WINDOWS\WinSxS\amd64_microsoft.windows.common-controls_6595b64144ccf1df_6.0.19041.3636_none_60b6a03d71f818d5\COMCTL32.dll
0x00007ffcdfe80000 - 0x00007ffcdfeab000 	C:\WINDOWS\System32\GDI32.dll
0x00007ffcde740000 - 0x00007ffcde7de000 	C:\WINDOWS\System32\msvcrt.dll
0x00007ffcde010000 - 0x00007ffcde127000 	C:\WINDOWS\System32\gdi32full.dll
0x00007ffcde130000 - 0x00007ffcde1cd000 	C:\WINDOWS\System32\msvcp_win.dll
0x00007ffce0180000 - 0x00007ffce01b2000 	C:\WINDOWS\System32\IMM32.DLL
0x00007ffcd6c90000 - 0x00007ffcd6c9c000 	C:\Program Files\JetBrains\IntelliJ IDEA 2023.3.4\jbr\bin\vcruntime140_1.dll
0x00007ffc9faf0000 - 0x00007ffc9fb7d000 	C:\Program Files\JetBrains\IntelliJ IDEA 2023.3.4\jbr\bin\msvcp140.dll
0x00007ffc73fc0000 - 0x00007ffc74c43000 	C:\Program Files\JetBrains\IntelliJ IDEA 2023.3.4\jbr\bin\server\jvm.dll
0x00007ffcdff40000 - 0x00007ffcdfff0000 	C:\WINDOWS\System32\ADVAPI32.dll
0x00007ffcde7e0000 - 0x00007ffcde880000 	C:\WINDOWS\System32\sechost.dll
0x00007ffcdec30000 - 0x00007ffcded53000 	C:\WINDOWS\System32\RPCRT4.dll
0x00007ffcde710000 - 0x00007ffcde737000 	C:\WINDOWS\System32\bcrypt.dll
0x00007ffcddc20000 - 0x00007ffcddc6b000 	C:\WINDOWS\SYSTEM32\POWRPROF.dll
0x00007ffcb67b0000 - 0x00007ffcb67b9000 	C:\WINDOWS\SYSTEM32\WSOCK32.dll
0x00007ffcde930000 - 0x00007ffcde99b000 	C:\WINDOWS\System32\WS2_32.dll
0x00007ffcd5140000 - 0x00007ffcd5167000 	C:\WINDOWS\SYSTEM32\WINMM.dll
0x00007ffcd6090000 - 0x00007ffcd609a000 	C:\WINDOWS\SYSTEM32\VERSION.dll
0x00007ffcddc00000 - 0x00007ffcddc12000 	C:\WINDOWS\SYSTEM32\UMPDC.dll
0x00007ffcdbc10000 - 0x00007ffcdbc22000 	C:\WINDOWS\SYSTEM32\kernel.appcore.dll
0x00007ffcd54a0000 - 0x00007ffcd54aa000 	C:\Program Files\JetBrains\IntelliJ IDEA 2023.3.4\jbr\bin\jimage.dll
0x00007ffcd0630000 - 0x00007ffcd0814000 	C:\WINDOWS\SYSTEM32\DBGHELP.DLL
0x00007ffcc8600000 - 0x00007ffcc8634000 	C:\WINDOWS\SYSTEM32\dbgcore.DLL
0x00007ffcdde80000 - 0x00007ffcddf02000 	C:\WINDOWS\System32\bcryptPrimitives.dll
0x00007ffc883e0000 - 0x00007ffc88405000 	C:\Program Files\JetBrains\IntelliJ IDEA 2023.3.4\jbr\bin\java.dll
0x00007ffc91770000 - 0x00007ffc91788000 	C:\Program Files\JetBrains\IntelliJ IDEA 2023.3.4\jbr\bin\zip.dll
0x00007ffcdf700000 - 0x00007ffcdfe6b000 	C:\WINDOWS\System32\SHELL32.dll
0x00007ffcdbe10000 - 0x00007ffcdc5ae000 	C:\WINDOWS\SYSTEM32\windows.storage.dll
0x00007ffce01c0000 - 0x00007ffce0513000 	C:\WINDOWS\System32\combase.dll
0x00007ffcdd640000 - 0x00007ffcdd66e000 	C:\WINDOWS\SYSTEM32\Wldp.dll
0x00007ffcdea00000 - 0x00007ffcdeacd000 	C:\WINDOWS\System32\OLEAUT32.dll
0x00007ffcded60000 - 0x00007ffcdee0d000 	C:\WINDOWS\System32\SHCORE.dll
0x00007ffcdeb70000 - 0x00007ffcdebc5000 	C:\WINDOWS\System32\shlwapi.dll
0x00007ffcddcf0000 - 0x00007ffcddd13000 	C:\WINDOWS\SYSTEM32\profapi.dll
0x00007ffc883c0000 - 0x00007ffc883d9000 	C:\Program Files\JetBrains\IntelliJ IDEA 2023.3.4\jbr\bin\net.dll
0x00007ffcd2360000 - 0x00007ffcd246a000 	C:\WINDOWS\SYSTEM32\WINHTTP.dll
0x00007ffcdd420000 - 0x00007ffcdd48a000 	C:\WINDOWS\system32\mswsock.dll
0x00007ffc883a0000 - 0x00007ffc883b6000 	C:\Program Files\JetBrains\IntelliJ IDEA 2023.3.4\jbr\bin\nio.dll
0x00007ffcdd120000 - 0x00007ffcdd15b000 	C:\WINDOWS\SYSTEM32\IPHLPAPI.DLL
0x00007ffcdee10000 - 0x00007ffcdee18000 	C:\WINDOWS\System32\NSI.dll
0x00007ffcd4fa0000 - 0x00007ffcd4fb7000 	C:\WINDOWS\SYSTEM32\dhcpcsvc6.DLL
0x00007ffcd5090000 - 0x00007ffcd50ad000 	C:\WINDOWS\SYSTEM32\dhcpcsvc.DLL
0x00007ffcdd160000 - 0x00007ffcdd22b000 	C:\WINDOWS\SYSTEM32\DNSAPI.dll
0x00007ffcdd680000 - 0x00007ffcdd698000 	C:\WINDOWS\SYSTEM32\CRYPTSP.dll
0x00007ffcdcd60000 - 0x00007ffcdcd94000 	C:\WINDOWS\system32\rsaenh.dll
0x00007ffcddc70000 - 0x00007ffcddc9e000 	C:\WINDOWS\SYSTEM32\USERENV.dll
0x00007ffcdd5b0000 - 0x00007ffcdd5bc000 	C:\WINDOWS\SYSTEM32\CRYPTBASE.dll
0x00007ffcc0670000 - 0x00007ffcc0679000 	C:\Program Files\JetBrains\IntelliJ IDEA 2023.3.4\jbr\bin\extnet.dll
0x00007ffcbe900000 - 0x00007ffcbe907000 	C:\Program Files\JetBrains\IntelliJ IDEA 2023.3.4\jbr\bin\rmi.dll
0x00007ffccbd50000 - 0x00007ffccbd5a000 	C:\Windows\System32\rasadhlp.dll
0x00007ffcd1930000 - 0x00007ffcd19b0000 	C:\WINDOWS\System32\fwpuclnt.dll

dbghelp: loaded successfully - version: 4.0.5 - missing functions: none
symbol engine: initialized successfully - sym options: 0x614 - pdb path: .;C:\Program Files\JetBrains\IntelliJ IDEA 2023.3.4\jbr\bin;C:\WINDOWS\SYSTEM32;C:\WINDOWS\WinSxS\amd64_microsoft.windows.common-controls_6595b64144ccf1df_6.0.19041.3636_none_60b6a03d71f818d5;C:\Program Files\JetBrains\IntelliJ IDEA 2023.3.4\jbr\bin\server

VM Arguments:
jvm_args: -Djava.rmi.server.hostname=127.0.0.1 -Duser.timezone=UTC -Xmx2048m -Xms128m -Djdbc.classpath=C:\Program Files\JetBrains\IntelliJ IDEA 2023.3.4\plugins\DatabaseTools\lib\jdbc-console.jar;C:\Users\juand\AppData\Roaming\JetBrains\IntelliJIdea2023.3\jdbc-drivers\MongoDB\1.18\mongo-jdbc-standalone-1.18.jar --add-exports=java.desktop/sun.awt=ALL-UNNAMED --add-exports=java.desktop/java.awt.peer=ALL-UNNAMED --add-opens=java.desktop/java.awt=ALL-UNNAMED --add-opens=jdk.unsupported/sun.misc=ALL-UNNAMED --add-opens=java.base/java.nio=ALL-UNNAMED --add-opens=java.base/java.util=ALL-UNNAMED -Dfile.encoding=UTF-8 
java_command: com.intellij.database.remote.RemoteJdbcServer com.dbschema.MongoJdbcDriver
java_class_path (initial): C:\Program Files\JetBrains\IntelliJ IDEA 2023.3.4\lib\util_rt.jar;C:\Program Files\JetBrains\IntelliJ IDEA 2023.3.4\lib\util-8.jar;C:\Program Files\JetBrains\IntelliJ IDEA 2023.3.4\lib\groovy.jar;C:\Program Files\JetBrains\IntelliJ IDEA 2023.3.4\plugins\DatabaseTools\lib\jdbc-console.jar;C:\Program Files\JetBrains\IntelliJ IDEA 2023.3.4\plugins\grid-core-impl\lib\jdbc-console-types.jar;C:\Program Files\JetBrains\IntelliJ IDEA 2023.3.4\lib\util.jar
Launcher Type: SUN_STANDARD

[Global flags]
     intx CICompilerCount                          = 3                                         {product} {ergonomic}
     uint ConcGCThreads                            = 1                                         {product} {ergonomic}
     uint G1ConcRefinementThreads                  = 4                                         {product} {ergonomic}
   size_t G1HeapRegionSize                         = 1048576                                   {product} {ergonomic}
    uintx GCDrainStackTargetSize                   = 64                                        {product} {ergonomic}
   size_t InitialHeapSize                          = 134217728                                 {product} {command line}
   size_t MarkStackSize                            = 4194304                                   {product} {ergonomic}
   size_t MaxHeapSize                              = 2147483648                                {product} {command line}
   size_t MaxNewSize                               = 1287651328                                {product} {ergonomic}
   size_t MinHeapDeltaBytes                        = 1048576                                   {product} {ergonomic}
   size_t MinHeapSize                              = 134217728                                 {product} {command line}
    uintx NonNMethodCodeHeapSize                   = 5832780                                {pd product} {ergonomic}
    uintx NonProfiledCodeHeapSize                  = 122912730                              {pd product} {ergonomic}
    uintx ProfiledCodeHeapSize                     = 122912730                              {pd product} {ergonomic}
    uintx ReservedCodeCacheSize                    = 251658240                              {pd product} {ergonomic}
     bool SegmentedCodeCache                       = true                                      {product} {ergonomic}
   size_t SoftMaxHeapSize                          = 2147483648                             {manageable} {ergonomic}
     bool UseCompressedClassPointers               = true                           {product lp64_product} {ergonomic}
     bool UseCompressedOops                        = true                           {product lp64_product} {ergonomic}
     bool UseG1GC                                  = true                                      {product} {ergonomic}
     bool UseLargePagesIndividualAllocation        = false                                  {pd product} {ergonomic}

Logging:
Log output configuration:
 #0: stdout all=warning uptime,level,tags
 #1: stderr all=off uptime,level,tags

Environment Variables:
PATH=C:\Users\juand\AppData\Local\Programs\Python\Python312\Scripts\;C:\Users\juand\AppData\Local\Programs\Python\Python312\;C:\oraclexe\app\oracle\product\11.2.0\server\bin;C:\Program Files\Common Files\Oracle\Java\javapath;C:\Program Files (x86)\Common Files\Oracle\Java\javapath;C:\WINDOWS\system32;C:\WINDOWS;C:\WINDOWS\System32\Wbem;C:\WINDOWS\System32\WindowsPowerShell\v1.0\;C:\WINDOWS\System32\OpenSSH\;C:\Users\juand\AppData\Roaming\nvm;C:\Program Files\nodejs;C:\ProgramData\chocolatey\bin;C:\Program Files\Docker\Docker\resources\bin;C:\Program Files\gs\gs10.02.1\bin;C:\Program Files\Git\cmd;C:\Program Files\nodejs\;C:\Program Files\PuTTY\;C:\Users\juand\AppData\Local\Programs\Python\Launcher\;C:\Users\juand\AppData\Local\Microsoft\WindowsApps;C:\Program Files\Multipass\bin;C:\Users\juand\AppData\Local\Programs\Microsoft VS Code\bin;C:\Users\juand\AppData\Roaming\nvm;C:\Program Files\nodejs;C:\Program Files\JetBrains\IntelliJ IDEA 2023.3.4\bin;;C:\Users\juand\AppData\Local\GitHubDesktop\bin;C:\Users\juand\AppData\Roaming\npm
USERNAME=juand
OS=Windows_NT
PROCESSOR_IDENTIFIER=AMD64 Family 23 Model 24 Stepping 1, AuthenticAMD
TMP=C:\Users\juand\AppData\Local\Temp
TEMP=C:\Users\juand\AppData\Local\Temp



Periodic native trim disabled

JNI global refs:
JNI global refs: 17, weak refs: 64

JNI global refs memory usage: 843, weak refs: 1473

OOME stack traces (most recent first):
Classloader memory used:
Loader com.intellij.database.remote.jdbc.impl.JdbcClassLoader$JdbcClassLoaderImpl      : 2526K
Loader bootstrap                                                                       : 1899K
Loader jdk.internal.loader.ClassLoaders$AppClassLoader                                 : 136K
Loader jdk.internal.loader.ClassLoaders$PlatformClassLoader                            : 36302B
Loader jdk.internal.reflect.DelegatingClassLoader                                      : 9057B


---------------  S Y S T E M  ---------------

OS:
 Windows 10 , 64 bit Build 19041 (10.0.19041.3636)
OS uptime: 1 days 10:01 hours
Hyper-V role detected

CPU: total 4 (initial active 4) (4 cores per cpu, 2 threads per core) family 23 model 24 stepping 1 microcode 0x0, cx8, cmov, fxsr, ht, mmx, 3dnowpref, sse, sse2, sse3, ssse3, sse4a, sse4.1, sse4.2, popcnt, lzcnt, tsc, tscinvbit, avx, avx2, aes, clmul, bmi1, bmi2, adx, sha, fma, vzeroupper, clflush, clflushopt, hv
Processor Information for all 4 processors :
  Max Mhz: 2600, Current Mhz: 2600, Mhz Limit: 2600

Memory: 4k page, system-wide physical 6060M (233M free)
TotalPageFile size 24439M (AvailPageFile size 286M)
current process WorkingSet (physical memory assigned to process): 299M, peak: 301M
current process commit charge ("private bytes"): 329M, peak: 711M

vm_info: OpenJDK 64-Bit Server VM (17.0.10+1-b1087.23) for windows-amd64 JRE (17.0.10+1-b1087.23), built on 2024-03-18 by "builduser" with MS VC++ 16.10 / 16.11 (VS2019)

END.
