#
# There is insufficient memory for the Java Runtime Environment to continue.
# Native memory allocation (mmap) failed to map 661651456 bytes for G1 virtual space
# Possible reasons:
#   The system is out of physical RAM or swap space
#   The process is running with CompressedOops enabled, and the Java Heap may be blocking the growth of the native heap
# Possible solutions:
#   Reduce memory load on the system
#   Increase physical memory or swap space
#   Check if swap backing store is full
#   Decrease Java heap size (-Xmx/-Xms)
#   Decrease number of Java threads
#   Decrease Java thread stack sizes (-Xss)
#   Set larger code cache with -XX:ReservedCodeCacheSize=
#   JVM is running with Unscaled Compressed Oops mode in which the Java heap is
#     placed in the first 4GB address space. The Java Heap base address is the
#     maximum limit for the native heap growth. Please use -XX:HeapBaseMinAddress
#     to set the Java Heap base and to place the Java Heap above 4GB virtual address.
# This output file may be truncated or incomplete.
#
#  Out of Memory Error (os_windows.cpp:3825), pid=10120, tid=24276
#
# JRE version: OpenJDK Runtime Environment JBR-17.0.10+1-1087.23-jcef (17.0.10+1) (build 17.0.10+1-b1087.23)
# Java VM: OpenJDK 64-Bit Server VM JBR-17.0.10+1-1087.23-jcef (17.0.10+1-b1087.23, mixed mode, tiered, compressed oops, compressed class ptrs, g1 gc, windows-amd64)
# No core dump will be written. Minidumps are not enabled by default on client versions of Windows
#

---------------  S U M M A R Y ------------

Command Line: -Djava.rmi.server.hostname=127.0.0.1 -Duser.timezone=UTC -Xmx2048m -Xms128m -Djdbc.classpath=C:\Program Files\JetBrains\IntelliJ IDEA 2023.3.4\plugins\DatabaseTools\lib\jdbc-console.jar;C:\Users\juand\AppData\Roaming\JetBrains\IntelliJIdea2023.3\jdbc-drivers\MongoDB\1.18\mongo-jdbc-standalone-1.18.jar --add-exports=java.desktop/sun.awt=ALL-UNNAMED --add-exports=java.desktop/java.awt.peer=ALL-UNNAMED --add-opens=java.desktop/java.awt=ALL-UNNAMED --add-opens=jdk.unsupported/sun.misc=ALL-UNNAMED --add-opens=java.base/java.nio=ALL-UNNAMED --add-opens=java.base/java.util=ALL-UNNAMED -Dfile.encoding=UTF-8 com.intellij.database.remote.RemoteJdbcServer com.dbschema.MongoJdbcDriver

Host: AMD Ryzen 3 3250U with Radeon Graphics         , 4 cores, 5G,  Windows 10 , 64 bit Build 19041 (10.0.19041.3636)
Time: Thu Apr 18 20:24:32 2024 Hora est. Pacífico, Sudamérica elapsed time: 13.488848 seconds (0d 0h 0m 13s)

---------------  T H R E A D  ---------------

Current thread (0x000001b21630a780):  VMThread "VM Thread" [stack: 0x0000001c6b900000,0x0000001c6ba00000] [id=24276]

Stack: [0x0000001c6b900000,0x0000001c6ba00000]
Native frames: (J=compiled Java code, j=interpreted, Vv=VM code, C=native code)
V  [jvm.dll+0x688a29]
V  [jvm.dll+0x84216a]
V  [jvm.dll+0x843dae]
V  [jvm.dll+0x844413]
V  [jvm.dll+0x24ba8f]
V  [jvm.dll+0x6857f9]
V  [jvm.dll+0x67a0aa]
V  [jvm.dll+0x30c7eb]
V  [jvm.dll+0x313c96]
V  [jvm.dll+0x363a2e]
V  [jvm.dll+0x363c5f]
V  [jvm.dll+0x2e25b8]
V  [jvm.dll+0x2e0794]
V  [jvm.dll+0x2dfd9c]
V  [jvm.dll+0x324c8b]
V  [jvm.dll+0x848b0b]
V  [jvm.dll+0x849851]
V  [jvm.dll+0x849d6d]
V  [jvm.dll+0x84a144]
V  [jvm.dll+0x84a210]
V  [jvm.dll+0x7f09ea]
V  [jvm.dll+0x6878a5]
C  [ucrtbase.dll+0x21bb2]
C  [KERNEL32.DLL+0x17344]
C  [ntdll.dll+0x526b1]

VM_Operation (0x0000001c6d6f7ce0): G1CollectForAllocation, mode: safepoint, requested by thread 0x000001b21b7fb600


---------------  P R O C E S S  ---------------

Threads class SMR info:
_java_thread_list=0x000001b21be36540, length=29, elements={
0x000001b27aaede50, 0x000001b21630e3c0, 0x000001b21630f240, 0x000001b2163320e0,
0x000001b2165cc010, 0x000001b2165cc8e0, 0x000001b2165cd2a0, 0x000001b2165cdf90,
0x000001b2165cea40, 0x000001b216646630, 0x000001b216757620, 0x000001b216757b00,
0x000001b21b1c2030, 0x000001b21b1c2510, 0x000001b21b404010, 0x000001b21b5cf8c0,
0x000001b21b363990, 0x000001b21b5cf120, 0x000001b21b7fbb10, 0x000001b21b7fabe0,
0x000001b21b7fc020, 0x000001b21b7fc530, 0x000001b21b7fde80, 0x000001b21b7fe390,
0x000001b21b7fb600, 0x000001b21b7fcf50, 0x000001b21b7fd970, 0x000001b21b7fb0f0,
0x000001b21b7fca40
}

Java Threads: ( => current thread )
  0x000001b27aaede50 JavaThread "main" [_thread_blocked, id=18588, stack(0x0000001c6b200000,0x0000001c6b300000)]
  0x000001b21630e3c0 JavaThread "Reference Handler" daemon [_thread_blocked, id=19584, stack(0x0000001c6ba00000,0x0000001c6bb00000)]
  0x000001b21630f240 JavaThread "Finalizer" daemon [_thread_blocked, id=19284, stack(0x0000001c6bb00000,0x0000001c6bc00000)]
  0x000001b2163320e0 JavaThread "Signal Dispatcher" daemon [_thread_blocked, id=2128, stack(0x0000001c6bc00000,0x0000001c6bd00000)]
  0x000001b2165cc010 JavaThread "Attach Listener" daemon [_thread_blocked, id=2264, stack(0x0000001c6bd00000,0x0000001c6be00000)]
  0x000001b2165cc8e0 JavaThread "Service Thread" daemon [_thread_blocked, id=25020, stack(0x0000001c6be00000,0x0000001c6bf00000)]
  0x000001b2165cd2a0 JavaThread "Monitor Deflation Thread" daemon [_thread_blocked, id=13428, stack(0x0000001c6bf00000,0x0000001c6c000000)]
  0x000001b2165cdf90 JavaThread "C2 CompilerThread0" daemon [_thread_blocked, id=18284, stack(0x0000001c6c000000,0x0000001c6c100000)]
  0x000001b2165cea40 JavaThread "C1 CompilerThread0" daemon [_thread_blocked, id=17116, stack(0x0000001c6c100000,0x0000001c6c200000)]
  0x000001b216646630 JavaThread "Sweeper thread" daemon [_thread_blocked, id=25496, stack(0x0000001c6c200000,0x0000001c6c300000)]
  0x000001b216757620 JavaThread "Common-Cleaner" daemon [_thread_blocked, id=6900, stack(0x0000001c6c300000,0x0000001c6c400000)]
  0x000001b216757b00 JavaThread "Notification Thread" daemon [_thread_blocked, id=21692, stack(0x0000001c6c400000,0x0000001c6c500000)]
  0x000001b21b1c2030 JavaThread "MongoShell ExecutorService" daemon [_thread_blocked, id=24424, stack(0x0000001c6ca00000,0x0000001c6cb00000)]
  0x000001b21b1c2510 JavaThread "MongoShell ExecutorService" daemon [_thread_blocked, id=18600, stack(0x0000001c6cb00000,0x0000001c6cc00000)]
  0x000001b21b404010 JavaThread "RMI TCP Accept-48204" daemon [_thread_in_native, id=4944, stack(0x0000001c6cc00000,0x0000001c6cd00000)]
  0x000001b21b5cf8c0 JavaThread "RMI TCP Accept-0" daemon [_thread_in_native, id=22308, stack(0x0000001c6cd00000,0x0000001c6ce00000)]
  0x000001b21b363990 JavaThread "RMI Reaper" [_thread_blocked, id=19732, stack(0x0000001c6ce00000,0x0000001c6cf00000)]
  0x000001b21b5cf120 JavaThread "RMI GC Daemon" daemon [_thread_blocked, id=1404, stack(0x0000001c6cf00000,0x0000001c6d000000)]
  0x000001b21b7fbb10 JavaThread "RMI TCP Connection(1)-127.0.0.1" daemon [_thread_in_native, id=10484, stack(0x0000001c6d000000,0x0000001c6d100000)]
  0x000001b21b7fabe0 JavaThread "RMI TCP Connection(2)-127.0.0.1" daemon [_thread_in_native, id=9800, stack(0x0000001c6d100000,0x0000001c6d200000)]
  0x000001b21b7fc020 JavaThread "RMI TCP Connection(3)-127.0.0.1" daemon [_thread_blocked, id=23876, stack(0x0000001c6d200000,0x0000001c6d300000)]
  0x000001b21b7fc530 JavaThread "RMI Scheduler(0)" daemon [_thread_blocked, id=17932, stack(0x0000001c6d300000,0x0000001c6d400000)]
  0x000001b21b7fde80 JavaThread "RMI TCP Connection(4)-127.0.0.1" daemon [_thread_in_native, id=15104, stack(0x0000001c6d400000,0x0000001c6d500000)]
  0x000001b21b7fe390 JavaThread "RMI RenewClean-[127.0.0.1:57004]" daemon [_thread_blocked, id=11676, stack(0x0000001c6d500000,0x0000001c6d600000)]
  0x000001b21b7fb600 JavaThread "MongoShell ExecutorService" daemon [_thread_blocked, id=11612, stack(0x0000001c6d600000,0x0000001c6d700000)]
  0x000001b21b7fcf50 JavaThread "BufferPoolPruner-1-thread-1" daemon [_thread_blocked, id=19196, stack(0x0000001c6d700000,0x0000001c6d800000)]
  0x000001b21b7fd970 JavaThread "cluster-ClusterId{value='6621c7c8c4571a1276a6d311', description='DataGrip'}-localhost:27017" daemon [_thread_blocked, id=25228, stack(0x0000001c6d800000,0x0000001c6d900000)]
  0x000001b21b7fb0f0 JavaThread "cluster-rtt-ClusterId{value='6621c7c8c4571a1276a6d311', description='DataGrip'}-localhost:27017" daemon [_thread_blocked, id=18528, stack(0x0000001c6d900000,0x0000001c6da00000)]
  0x000001b21b7fca40 JavaThread "MaintenanceTimer-2-thread-1" daemon [_thread_blocked, id=5112, stack(0x0000001c6db00000,0x0000001c6dc00000)]

Other Threads:
=>0x000001b21630a780 VMThread "VM Thread" [stack: 0x0000001c6b900000,0x0000001c6ba00000] [id=24276]
  0x000001b21666c3d0 WatcherThread [stack: 0x0000001c6c500000,0x0000001c6c600000] [id=8392]
  0x000001b27ab4a2c0 GCTaskThread "GC Thread#0" [stack: 0x0000001c6b400000,0x0000001c6b500000] [id=19616]
  0x000001b21b18ca10 GCTaskThread "GC Thread#1" [stack: 0x0000001c6c700000,0x0000001c6c800000] [id=4188]
  0x000001b21b18ccd0 GCTaskThread "GC Thread#2" [stack: 0x0000001c6c800000,0x0000001c6c900000] [id=2800]
  0x000001b21b1cfff0 GCTaskThread "GC Thread#3" [stack: 0x0000001c6c900000,0x0000001c6ca00000] [id=14860]
  0x000001b27ab5b210 ConcurrentGCThread "G1 Main Marker" [stack: 0x0000001c6b500000,0x0000001c6b600000] [id=3804]
  0x000001b27ab5bc30 ConcurrentGCThread "G1 Conc#0" [stack: 0x0000001c6b600000,0x0000001c6b700000] [id=20752]
  0x000001b27abae960 ConcurrentGCThread "G1 Refine#0" [stack: 0x0000001c6b700000,0x0000001c6b800000] [id=16712]
  0x000001b21c356300 ConcurrentGCThread "G1 Refine#1" [stack: 0x0000001c6dc00000,0x0000001c6dd00000] [id=4004]
  0x000001b21c3565f0 ConcurrentGCThread "G1 Refine#2" [stack: 0x0000001c6dd00000,0x0000001c6de00000] [id=24008]
  0x000001b21c354e70 ConcurrentGCThread "G1 Refine#3" [stack: 0x0000001c6de00000,0x0000001c6df00000] [id=18788]
  0x000001b2161738b0 ConcurrentGCThread "G1 Service" [stack: 0x0000001c6b800000,0x0000001c6b900000] [id=18532]

Threads with active compile tasks:
C2 CompilerThread0    13540 3130       4       org.graalvm.collections.EconomicMapImpl::put (192 bytes)

VM state: at safepoint (normal execution)

VM Mutex/Monitor currently owned by a thread:  ([mutex/lock_event])
[0x000001b27aae79b0] Threads_lock - owner thread: 0x000001b21630a780
[0x000001b27aae8d60] Heap_lock - owner thread: 0x000001b21b7fb600

Heap address: 0x0000000080000000, size: 2048 MB, Compressed Oops mode: 32-bit

CDS archive(s) not mapped
Compressed class space mapped at: 0x0000000100000000-0x0000000140000000, reserved size: 1073741824
Narrow klass base: 0x0000000000000000, Narrow klass shift: 3, Narrow klass range: 0x140000000

GC Precious Log:
 CPUs: 4 total, 4 available
 Memory: 6060M
 Large Page Support: Disabled
 NUMA Support: Disabled
 Compressed Oops: Enabled (32-bit)
 Heap Region Size: 1M
 Heap Min Capacity: 128M
 Heap Initial Capacity: 128M
 Heap Max Capacity: 2G
 Pre-touch: Disabled
 Parallel Workers: 4
 Concurrent Workers: 1
 Concurrent Refinement Workers: 4
 Periodic GC: Disabled

Heap:
 garbage-first heap   total 345088K, used 239616K [0x0000000080000000, 0x0000000100000000)
  region size 1024K, 6 young (6144K), 6 survivors (6144K)
 Metaspace       used 37318K, committed 37632K, reserved 1114112K
  class space    used 4082K, committed 4224K, reserved 1048576K

Heap Regions: E=young(eden), S=young(survivor), O=old, HS=humongous(starts), HC=humongous(continues), CS=collection set, F=free, OA=open archive, CA=closed archive, TAMS=top-at-mark-start (previous, next)
|   0|0x0000000080000000, 0x0000000080100000, 0x0000000080100000|100%|HS|  |TAMS 0x0000000080100000, 0x0000000080100000| Complete 
|   1|0x0000000080100000, 0x0000000080200000, 0x0000000080200000|100%|HC|  |TAMS 0x0000000080200000, 0x0000000080200000| Complete 
|   2|0x0000000080200000, 0x0000000080300000, 0x0000000080300000|100%|HC|  |TAMS 0x0000000080300000, 0x0000000080300000| Complete 
|   3|0x0000000080300000, 0x0000000080400000, 0x0000000080400000|100%|HS|  |TAMS 0x0000000080400000, 0x0000000080400000| Complete 
|   4|0x0000000080400000, 0x0000000080500000, 0x0000000080500000|100%|HC|  |TAMS 0x0000000080500000, 0x0000000080500000| Complete 
|   5|0x0000000080500000, 0x0000000080600000, 0x0000000080600000|100%| O|  |TAMS 0x0000000080600000, 0x0000000080600000| Untracked 
|   6|0x0000000080600000, 0x0000000080700000, 0x0000000080700000|100%| O|  |TAMS 0x0000000080700000, 0x0000000080700000| Untracked 
|   7|0x0000000080700000, 0x0000000080800000, 0x0000000080800000|100%| O|  |TAMS 0x0000000080800000, 0x0000000080800000| Untracked 
|   8|0x0000000080800000, 0x0000000080900000, 0x0000000080900000|100%| O|  |TAMS 0x0000000080900000, 0x0000000080900000| Untracked 
|   9|0x0000000080900000, 0x0000000080a00000, 0x0000000080a00000|100%| O|  |TAMS 0x0000000080a00000, 0x0000000080a00000| Untracked 
|  10|0x0000000080a00000, 0x0000000080b00000, 0x0000000080b00000|100%| O|  |TAMS 0x0000000080b00000, 0x0000000080b00000| Untracked 
|  11|0x0000000080b00000, 0x0000000080c00000, 0x0000000080c00000|100%|HS|  |TAMS 0x0000000080c00000, 0x0000000080c00000| Complete 
|  12|0x0000000080c00000, 0x0000000080d00000, 0x0000000080d00000|100%|HC|  |TAMS 0x0000000080d00000, 0x0000000080d00000| Complete 
|  13|0x0000000080d00000, 0x0000000080e00000, 0x0000000080e00000|100%|HS|  |TAMS 0x0000000080e00000, 0x0000000080e00000| Complete 
|  14|0x0000000080e00000, 0x0000000080f00000, 0x0000000080f00000|100%|HC|  |TAMS 0x0000000080f00000, 0x0000000080f00000| Complete 
|  15|0x0000000080f00000, 0x0000000081000000, 0x0000000081000000|100%|HS|  |TAMS 0x0000000081000000, 0x0000000081000000| Complete 
|  16|0x0000000081000000, 0x0000000081100000, 0x0000000081100000|100%|HC|  |TAMS 0x0000000081100000, 0x0000000081100000| Complete 
|  17|0x0000000081100000, 0x0000000081200000, 0x0000000081200000|100%| O|  |TAMS 0x0000000081200000, 0x0000000081200000| Untracked 
|  18|0x0000000081200000, 0x0000000081300000, 0x0000000081300000|100%| O|  |TAMS 0x0000000081300000, 0x0000000081300000| Untracked 
|  19|0x0000000081300000, 0x0000000081400000, 0x0000000081400000|100%| O|  |TAMS 0x0000000081400000, 0x0000000081400000| Untracked 
|  20|0x0000000081400000, 0x0000000081500000, 0x0000000081500000|100%| O|  |TAMS 0x0000000081500000, 0x0000000081500000| Untracked 
|  21|0x0000000081500000, 0x0000000081600000, 0x0000000081600000|100%| O|  |TAMS 0x0000000081600000, 0x0000000081600000| Untracked 
|  22|0x0000000081600000, 0x0000000081700000, 0x0000000081700000|100%| O|  |TAMS 0x0000000081700000, 0x0000000081700000| Untracked 
|  23|0x0000000081700000, 0x0000000081800000, 0x0000000081800000|100%| O|  |TAMS 0x0000000081800000, 0x0000000081800000| Untracked 
|  24|0x0000000081800000, 0x0000000081900000, 0x0000000081900000|100%| O|  |TAMS 0x0000000081900000, 0x0000000081900000| Untracked 
|  25|0x0000000081900000, 0x0000000081a00000, 0x0000000081a00000|100%| O|  |TAMS 0x0000000081a00000, 0x0000000081a00000| Untracked 
|  26|0x0000000081a00000, 0x0000000081b00000, 0x0000000081b00000|100%| O|  |TAMS 0x0000000081b00000, 0x0000000081b00000| Untracked 
|  27|0x0000000081b00000, 0x0000000081c00000, 0x0000000081c00000|100%| O|  |TAMS 0x0000000081c00000, 0x0000000081c00000| Untracked 
|  28|0x0000000081c00000, 0x0000000081d00000, 0x0000000081d00000|100%| O|  |TAMS 0x0000000081d00000, 0x0000000081d00000| Untracked 
|  29|0x0000000081d00000, 0x0000000081e00000, 0x0000000081e00000|100%| O|  |TAMS 0x0000000081e00000, 0x0000000081e00000| Untracked 
|  30|0x0000000081e00000, 0x0000000081f00000, 0x0000000081f00000|100%| O|  |TAMS 0x0000000081f00000, 0x0000000081f00000| Untracked 
|  31|0x0000000081f00000, 0x0000000082000000, 0x0000000082000000|100%| O|  |TAMS 0x0000000082000000, 0x0000000082000000| Untracked 
|  32|0x0000000082000000, 0x0000000082100000, 0x0000000082100000|100%| O|  |TAMS 0x0000000082100000, 0x0000000082100000| Untracked 
|  33|0x0000000082100000, 0x0000000082200000, 0x0000000082200000|100%| O|  |TAMS 0x0000000082200000, 0x0000000082200000| Untracked 
|  34|0x0000000082200000, 0x0000000082300000, 0x0000000082300000|100%| O|  |TAMS 0x0000000082300000, 0x0000000082300000| Untracked 
|  35|0x0000000082300000, 0x0000000082400000, 0x0000000082400000|100%| O|  |TAMS 0x0000000082400000, 0x0000000082400000| Untracked 
|  36|0x0000000082400000, 0x0000000082500000, 0x0000000082500000|100%| O|  |TAMS 0x0000000082500000, 0x0000000082500000| Untracked 
|  37|0x0000000082500000, 0x0000000082600000, 0x0000000082600000|100%| O|  |TAMS 0x0000000082600000, 0x0000000082600000| Untracked 
|  38|0x0000000082600000, 0x0000000082700000, 0x0000000082700000|100%| O|  |TAMS 0x0000000082700000, 0x0000000082700000| Untracked 
|  39|0x0000000082700000, 0x0000000082800000, 0x0000000082800000|100%| O|  |TAMS 0x0000000082800000, 0x0000000082800000| Untracked 
|  40|0x0000000082800000, 0x0000000082900000, 0x0000000082900000|100%| O|  |TAMS 0x0000000082900000, 0x0000000082900000| Untracked 
|  41|0x0000000082900000, 0x0000000082a00000, 0x0000000082a00000|100%| O|  |TAMS 0x0000000082a00000, 0x0000000082a00000| Untracked 
|  42|0x0000000082a00000, 0x0000000082b00000, 0x0000000082b00000|100%| O|  |TAMS 0x0000000082b00000, 0x0000000082b00000| Untracked 
|  43|0x0000000082b00000, 0x0000000082c00000, 0x0000000082c00000|100%| O|  |TAMS 0x0000000082c00000, 0x0000000082c00000| Untracked 
|  44|0x0000000082c00000, 0x0000000082d00000, 0x0000000082d00000|100%| O|  |TAMS 0x0000000082d00000, 0x0000000082d00000| Untracked 
|  45|0x0000000082d00000, 0x0000000082e00000, 0x0000000082e00000|100%| O|  |TAMS 0x0000000082e00000, 0x0000000082e00000| Untracked 
|  46|0x0000000082e00000, 0x0000000082f00000, 0x0000000082f00000|100%| O|  |TAMS 0x0000000082f00000, 0x0000000082f00000| Untracked 
|  47|0x0000000082f00000, 0x0000000083000000, 0x0000000083000000|100%| O|  |TAMS 0x0000000083000000, 0x0000000083000000| Untracked 
|  48|0x0000000083000000, 0x0000000083100000, 0x0000000083100000|100%| O|  |TAMS 0x0000000083100000, 0x0000000083100000| Untracked 
|  49|0x0000000083100000, 0x0000000083200000, 0x0000000083200000|100%| O|  |TAMS 0x0000000083200000, 0x0000000083200000| Untracked 
|  50|0x0000000083200000, 0x0000000083300000, 0x0000000083300000|100%| O|  |TAMS 0x0000000083300000, 0x0000000083300000| Untracked 
|  51|0x0000000083300000, 0x0000000083400000, 0x0000000083400000|100%| O|  |TAMS 0x0000000083400000, 0x0000000083400000| Untracked 
|  52|0x0000000083400000, 0x0000000083500000, 0x0000000083500000|100%| O|  |TAMS 0x0000000083500000, 0x0000000083500000| Untracked 
|  53|0x0000000083500000, 0x0000000083600000, 0x0000000083600000|100%| O|  |TAMS 0x0000000083600000, 0x0000000083600000| Untracked 
|  54|0x0000000083600000, 0x0000000083700000, 0x0000000083700000|100%| O|  |TAMS 0x0000000083700000, 0x0000000083700000| Untracked 
|  55|0x0000000083700000, 0x0000000083800000, 0x0000000083800000|100%| O|  |TAMS 0x0000000083800000, 0x0000000083800000| Untracked 
|  56|0x0000000083800000, 0x0000000083900000, 0x0000000083900000|100%| O|  |TAMS 0x0000000083900000, 0x0000000083900000| Untracked 
|  57|0x0000000083900000, 0x0000000083a00000, 0x0000000083a00000|100%| O|  |TAMS 0x0000000083a00000, 0x0000000083a00000| Untracked 
|  58|0x0000000083a00000, 0x0000000083b00000, 0x0000000083b00000|100%| O|  |TAMS 0x0000000083b00000, 0x0000000083b00000| Untracked 
|  59|0x0000000083b00000, 0x0000000083c00000, 0x0000000083c00000|100%| O|  |TAMS 0x0000000083c00000, 0x0000000083c00000| Untracked 
|  60|0x0000000083c00000, 0x0000000083d00000, 0x0000000083d00000|100%| O|  |TAMS 0x0000000083d00000, 0x0000000083d00000| Untracked 
|  61|0x0000000083d00000, 0x0000000083e00000, 0x0000000083e00000|100%| O|  |TAMS 0x0000000083e00000, 0x0000000083e00000| Untracked 
|  62|0x0000000083e00000, 0x0000000083f00000, 0x0000000083f00000|100%| O|  |TAMS 0x0000000083f00000, 0x0000000083f00000| Untracked 
|  63|0x0000000083f00000, 0x0000000084000000, 0x0000000084000000|100%| O|  |TAMS 0x0000000084000000, 0x0000000084000000| Untracked 
|  64|0x0000000084000000, 0x0000000084100000, 0x0000000084100000|100%| O|  |TAMS 0x0000000084100000, 0x0000000084100000| Untracked 
|  65|0x0000000084100000, 0x0000000084200000, 0x0000000084200000|100%| O|  |TAMS 0x0000000084200000, 0x0000000084200000| Untracked 
|  66|0x0000000084200000, 0x0000000084300000, 0x0000000084300000|100%| O|  |TAMS 0x0000000084300000, 0x0000000084300000| Untracked 
|  67|0x0000000084300000, 0x0000000084400000, 0x0000000084400000|100%| O|  |TAMS 0x0000000084400000, 0x0000000084400000| Untracked 
|  68|0x0000000084400000, 0x0000000084500000, 0x0000000084500000|100%| O|  |TAMS 0x0000000084500000, 0x0000000084500000| Untracked 
|  69|0x0000000084500000, 0x0000000084600000, 0x0000000084600000|100%| O|  |TAMS 0x0000000084500000, 0x0000000084500000| Untracked 
|  70|0x0000000084600000, 0x0000000084700000, 0x0000000084700000|100%| O|  |TAMS 0x0000000084700000, 0x0000000084700000| Untracked 
|  71|0x0000000084700000, 0x0000000084800000, 0x0000000084800000|100%| O|  |TAMS 0x0000000084800000, 0x0000000084800000| Untracked 
|  72|0x0000000084800000, 0x0000000084900000, 0x0000000084900000|100%| O|  |TAMS 0x0000000084900000, 0x0000000084900000| Untracked 
|  73|0x0000000084900000, 0x0000000084a00000, 0x0000000084a00000|100%| O|  |TAMS 0x0000000084a00000, 0x0000000084a00000| Untracked 
|  74|0x0000000084a00000, 0x0000000084b00000, 0x0000000084b00000|100%| O|  |TAMS 0x0000000084b00000, 0x0000000084b00000| Untracked 
|  75|0x0000000084b00000, 0x0000000084c00000, 0x0000000084c00000|100%| O|  |TAMS 0x0000000084c00000, 0x0000000084c00000| Untracked 
|  76|0x0000000084c00000, 0x0000000084d00000, 0x0000000084d00000|100%| O|  |TAMS 0x0000000084d00000, 0x0000000084d00000| Untracked 
|  77|0x0000000084d00000, 0x0000000084e00000, 0x0000000084e00000|100%| O|  |TAMS 0x0000000084e00000, 0x0000000084e00000| Untracked 
|  78|0x0000000084e00000, 0x0000000084f00000, 0x0000000084f00000|100%| O|  |TAMS 0x0000000084f00000, 0x0000000084f00000| Untracked 
|  79|0x0000000084f00000, 0x0000000085000000, 0x0000000085000000|100%| O|  |TAMS 0x0000000085000000, 0x0000000085000000| Untracked 
|  80|0x0000000085000000, 0x0000000085100000, 0x0000000085100000|100%| O|  |TAMS 0x0000000085100000, 0x0000000085100000| Untracked 
|  81|0x0000000085100000, 0x0000000085200000, 0x0000000085200000|100%| O|  |TAMS 0x0000000085200000, 0x0000000085200000| Untracked 
|  82|0x0000000085200000, 0x0000000085300000, 0x0000000085300000|100%| O|  |TAMS 0x0000000085300000, 0x0000000085300000| Untracked 
|  83|0x0000000085300000, 0x0000000085400000, 0x0000000085400000|100%| O|  |TAMS 0x0000000085400000, 0x0000000085400000| Untracked 
|  84|0x0000000085400000, 0x0000000085500000, 0x0000000085500000|100%| O|  |TAMS 0x0000000085500000, 0x0000000085500000| Untracked 
|  85|0x0000000085500000, 0x0000000085600000, 0x0000000085600000|100%| O|  |TAMS 0x0000000085600000, 0x0000000085600000| Untracked 
|  86|0x0000000085600000, 0x0000000085700000, 0x0000000085700000|100%| O|  |TAMS 0x0000000085700000, 0x0000000085700000| Untracked 
|  87|0x0000000085700000, 0x0000000085800000, 0x0000000085800000|100%| O|  |TAMS 0x0000000085800000, 0x0000000085800000| Untracked 
|  88|0x0000000085800000, 0x0000000085900000, 0x0000000085900000|100%| O|  |TAMS 0x0000000085900000, 0x0000000085900000| Untracked 
|  89|0x0000000085900000, 0x0000000085a00000, 0x0000000085a00000|100%| O|  |TAMS 0x0000000085a00000, 0x0000000085a00000| Untracked 
|  90|0x0000000085a00000, 0x0000000085b00000, 0x0000000085b00000|100%| O|  |TAMS 0x0000000085b00000, 0x0000000085b00000| Untracked 
|  91|0x0000000085b00000, 0x0000000085c00000, 0x0000000085c00000|100%| O|  |TAMS 0x0000000085c00000, 0x0000000085c00000| Untracked 
|  92|0x0000000085c00000, 0x0000000085d00000, 0x0000000085d00000|100%| O|  |TAMS 0x0000000085d00000, 0x0000000085d00000| Untracked 
|  93|0x0000000085d00000, 0x0000000085e00000, 0x0000000085e00000|100%| O|  |TAMS 0x0000000085e00000, 0x0000000085e00000| Untracked 
|  94|0x0000000085e00000, 0x0000000085f00000, 0x0000000085f00000|100%| O|  |TAMS 0x0000000085f00000, 0x0000000085f00000| Untracked 
|  95|0x0000000085f00000, 0x0000000086000000, 0x0000000086000000|100%| O|  |TAMS 0x0000000086000000, 0x0000000086000000| Untracked 
|  96|0x0000000086000000, 0x0000000086100000, 0x0000000086100000|100%| O|  |TAMS 0x0000000086100000, 0x0000000086100000| Untracked 
|  97|0x0000000086100000, 0x0000000086200000, 0x0000000086200000|100%| O|  |TAMS 0x0000000086200000, 0x0000000086200000| Untracked 
|  98|0x0000000086200000, 0x0000000086300000, 0x0000000086300000|100%| O|  |TAMS 0x0000000086300000, 0x0000000086300000| Untracked 
|  99|0x0000000086300000, 0x0000000086400000, 0x0000000086400000|100%| O|  |TAMS 0x0000000086400000, 0x0000000086400000| Untracked 
| 100|0x0000000086400000, 0x0000000086500000, 0x0000000086500000|100%| O|  |TAMS 0x0000000086500000, 0x0000000086500000| Untracked 
| 101|0x0000000086500000, 0x0000000086600000, 0x0000000086600000|100%| O|  |TAMS 0x0000000086600000, 0x0000000086600000| Untracked 
| 102|0x0000000086600000, 0x0000000086700000, 0x0000000086700000|100%| O|  |TAMS 0x0000000086700000, 0x0000000086700000| Untracked 
| 103|0x0000000086700000, 0x0000000086800000, 0x0000000086800000|100%| O|  |TAMS 0x0000000086800000, 0x0000000086800000| Untracked 
| 104|0x0000000086800000, 0x0000000086900000, 0x0000000086900000|100%| O|  |TAMS 0x0000000086900000, 0x0000000086900000| Untracked 
| 105|0x0000000086900000, 0x0000000086a00000, 0x0000000086a00000|100%| O|  |TAMS 0x0000000086a00000, 0x0000000086a00000| Untracked 
| 106|0x0000000086a00000, 0x0000000086b00000, 0x0000000086b00000|100%| O|  |TAMS 0x0000000086b00000, 0x0000000086b00000| Untracked 
| 107|0x0000000086b00000, 0x0000000086c00000, 0x0000000086c00000|100%| O|  |TAMS 0x0000000086c00000, 0x0000000086c00000| Untracked 
| 108|0x0000000086c00000, 0x0000000086d00000, 0x0000000086d00000|100%| O|  |TAMS 0x0000000086d00000, 0x0000000086d00000| Untracked 
| 109|0x0000000086d00000, 0x0000000086e00000, 0x0000000086e00000|100%| O|  |TAMS 0x0000000086e00000, 0x0000000086e00000| Untracked 
| 110|0x0000000086e00000, 0x0000000086f00000, 0x0000000086f00000|100%| O|  |TAMS 0x0000000086f00000, 0x0000000086f00000| Untracked 
| 111|0x0000000086f00000, 0x0000000087000000, 0x0000000087000000|100%| O|  |TAMS 0x0000000087000000, 0x0000000087000000| Untracked 
| 112|0x0000000087000000, 0x0000000087100000, 0x0000000087100000|100%| O|  |TAMS 0x0000000087100000, 0x0000000087100000| Untracked 
| 113|0x0000000087100000, 0x0000000087200000, 0x0000000087200000|100%| O|  |TAMS 0x0000000087100000, 0x0000000087200000| Untracked 
| 114|0x0000000087200000, 0x0000000087300000, 0x0000000087300000|100%| O|  |TAMS 0x0000000087200000, 0x0000000087300000| Untracked 
| 115|0x0000000087300000, 0x0000000087400000, 0x0000000087400000|100%| O|  |TAMS 0x0000000087300000, 0x0000000087400000| Untracked 
| 116|0x0000000087400000, 0x0000000087500000, 0x0000000087500000|100%| O|  |TAMS 0x0000000087400000, 0x0000000087500000| Untracked 
| 117|0x0000000087500000, 0x0000000087600000, 0x0000000087600000|100%| O|  |TAMS 0x0000000087500000, 0x0000000087600000| Untracked 
| 118|0x0000000087600000, 0x0000000087700000, 0x0000000087700000|100%| O|  |TAMS 0x0000000087600000, 0x0000000087700000| Untracked 
| 119|0x0000000087700000, 0x0000000087800000, 0x0000000087800000|100%| O|  |TAMS 0x0000000087700000, 0x0000000087800000| Untracked 
| 120|0x0000000087800000, 0x0000000087900000, 0x0000000087900000|100%| O|  |TAMS 0x0000000087800000, 0x0000000087900000| Untracked 
| 121|0x0000000087900000, 0x0000000087a00000, 0x0000000087a00000|100%| O|  |TAMS 0x0000000087900000, 0x0000000087a00000| Untracked 
| 122|0x0000000087a00000, 0x0000000087b00000, 0x0000000087b00000|100%| O|  |TAMS 0x0000000087a00000, 0x0000000087b00000| Untracked 
| 123|0x0000000087b00000, 0x0000000087c00000, 0x0000000087c00000|100%| O|  |TAMS 0x0000000087b00000, 0x0000000087c00000| Untracked 
| 124|0x0000000087c00000, 0x0000000087d00000, 0x0000000087d00000|100%| O|  |TAMS 0x0000000087c00000, 0x0000000087d00000| Untracked 
| 125|0x0000000087d00000, 0x0000000087e00000, 0x0000000087e00000|100%| O|  |TAMS 0x0000000087d00000, 0x0000000087e00000| Untracked 
| 126|0x0000000087e00000, 0x0000000087f00000, 0x0000000087f00000|100%| O|  |TAMS 0x0000000087e00000, 0x0000000087f00000| Untracked 
| 127|0x0000000087f00000, 0x0000000088000000, 0x0000000088000000|100%| O|  |TAMS 0x0000000087f00000, 0x0000000088000000| Untracked 
| 128|0x0000000088000000, 0x0000000088100000, 0x0000000088100000|100%|HS|  |TAMS 0x0000000088100000, 0x0000000088100000| Complete 
| 129|0x0000000088100000, 0x0000000088200000, 0x0000000088200000|100%|HC|  |TAMS 0x0000000088200000, 0x0000000088200000| Complete 
| 130|0x0000000088200000, 0x0000000088300000, 0x0000000088300000|100%|HC|  |TAMS 0x0000000088300000, 0x0000000088300000| Complete 
| 131|0x0000000088300000, 0x0000000088400000, 0x0000000088400000|100%|HC|  |TAMS 0x0000000088400000, 0x0000000088400000| Complete 
| 132|0x0000000088400000, 0x0000000088500000, 0x0000000088500000|100%|HC|  |TAMS 0x0000000088500000, 0x0000000088500000| Complete 
| 133|0x0000000088500000, 0x0000000088600000, 0x0000000088600000|100%|HC|  |TAMS 0x0000000088600000, 0x0000000088600000| Complete 
| 134|0x0000000088600000, 0x0000000088700000, 0x0000000088700000|100%|HC|  |TAMS 0x0000000088700000, 0x0000000088700000| Complete 
| 135|0x0000000088700000, 0x0000000088800000, 0x0000000088800000|100%|HC|  |TAMS 0x0000000088800000, 0x0000000088800000| Complete 
| 136|0x0000000088800000, 0x0000000088900000, 0x0000000088900000|100%|HC|  |TAMS 0x0000000088900000, 0x0000000088900000| Complete 
| 137|0x0000000088900000, 0x0000000088a00000, 0x0000000088a00000|100%|HC|  |TAMS 0x0000000088a00000, 0x0000000088a00000| Complete 
| 138|0x0000000088a00000, 0x0000000088b00000, 0x0000000088b00000|100%|HC|  |TAMS 0x0000000088b00000, 0x0000000088b00000| Complete 
| 139|0x0000000088b00000, 0x0000000088c00000, 0x0000000088c00000|100%|HC|  |TAMS 0x0000000088c00000, 0x0000000088c00000| Complete 
| 140|0x0000000088c00000, 0x0000000088d00000, 0x0000000088d00000|100%|HC|  |TAMS 0x0000000088d00000, 0x0000000088d00000| Complete 
| 141|0x0000000088d00000, 0x0000000088e00000, 0x0000000088e00000|100%|HC|  |TAMS 0x0000000088e00000, 0x0000000088e00000| Complete 
| 142|0x0000000088e00000, 0x0000000088f00000, 0x0000000088f00000|100%|HC|  |TAMS 0x0000000088f00000, 0x0000000088f00000| Complete 
| 143|0x0000000088f00000, 0x0000000089000000, 0x0000000089000000|100%|HC|  |TAMS 0x0000000089000000, 0x0000000089000000| Complete 
| 144|0x0000000089000000, 0x0000000089100000, 0x0000000089100000|100%|HC|  |TAMS 0x0000000089100000, 0x0000000089100000| Complete 
| 145|0x0000000089100000, 0x0000000089200000, 0x0000000089200000|100%|HC|  |TAMS 0x0000000089200000, 0x0000000089200000| Complete 
| 146|0x0000000089200000, 0x0000000089300000, 0x0000000089300000|100%|HC|  |TAMS 0x0000000089300000, 0x0000000089300000| Complete 
| 147|0x0000000089300000, 0x0000000089400000, 0x0000000089400000|100%|HC|  |TAMS 0x0000000089400000, 0x0000000089400000| Complete 
| 148|0x0000000089400000, 0x0000000089500000, 0x0000000089500000|100%|HC|  |TAMS 0x0000000089500000, 0x0000000089500000| Complete 
| 149|0x0000000089500000, 0x0000000089600000, 0x0000000089600000|100%|HC|  |TAMS 0x0000000089600000, 0x0000000089600000| Complete 
| 150|0x0000000089600000, 0x0000000089700000, 0x0000000089700000|100%|HC|  |TAMS 0x0000000089700000, 0x0000000089700000| Complete 
| 151|0x0000000089700000, 0x0000000089800000, 0x0000000089800000|100%|HC|  |TAMS 0x0000000089800000, 0x0000000089800000| Complete 
| 152|0x0000000089800000, 0x0000000089900000, 0x0000000089900000|100%|HC|  |TAMS 0x0000000089900000, 0x0000000089900000| Complete 
| 153|0x0000000089900000, 0x0000000089a00000, 0x0000000089a00000|100%|HC|  |TAMS 0x0000000089a00000, 0x0000000089a00000| Complete 
| 154|0x0000000089a00000, 0x0000000089b00000, 0x0000000089b00000|100%|HC|  |TAMS 0x0000000089b00000, 0x0000000089b00000| Complete 
| 155|0x0000000089b00000, 0x0000000089c00000, 0x0000000089c00000|100%|HC|  |TAMS 0x0000000089c00000, 0x0000000089c00000| Complete 
| 156|0x0000000089c00000, 0x0000000089d00000, 0x0000000089d00000|100%|HC|  |TAMS 0x0000000089d00000, 0x0000000089d00000| Complete 
| 157|0x0000000089d00000, 0x0000000089e00000, 0x0000000089e00000|100%|HC|  |TAMS 0x0000000089e00000, 0x0000000089e00000| Complete 
| 158|0x0000000089e00000, 0x0000000089f00000, 0x0000000089f00000|100%|HC|  |TAMS 0x0000000089f00000, 0x0000000089f00000| Complete 
| 159|0x0000000089f00000, 0x000000008a000000, 0x000000008a000000|100%| O|  |TAMS 0x0000000089f00000, 0x000000008a000000| Untracked 
| 160|0x000000008a000000, 0x000000008a100000, 0x000000008a100000|100%| O|  |TAMS 0x000000008a000000, 0x000000008a100000| Untracked 
| 161|0x000000008a100000, 0x000000008a200000, 0x000000008a200000|100%| O|  |TAMS 0x000000008a100000, 0x000000008a200000| Untracked 
| 162|0x000000008a200000, 0x000000008a300000, 0x000000008a300000|100%| O|  |TAMS 0x000000008a200000, 0x000000008a300000| Untracked 
| 163|0x000000008a300000, 0x000000008a400000, 0x000000008a400000|100%| O|  |TAMS 0x000000008a300000, 0x000000008a400000| Untracked 
| 164|0x000000008a400000, 0x000000008a500000, 0x000000008a500000|100%| O|  |TAMS 0x000000008a400000, 0x000000008a500000| Untracked 
| 165|0x000000008a500000, 0x000000008a600000, 0x000000008a600000|100%| O|  |TAMS 0x000000008a500000, 0x000000008a600000| Untracked 
| 166|0x000000008a600000, 0x000000008a700000, 0x000000008a700000|100%| O|  |TAMS 0x000000008a600000, 0x000000008a700000| Untracked 
| 167|0x000000008a700000, 0x000000008a800000, 0x000000008a800000|100%| O|  |TAMS 0x000000008a700000, 0x000000008a800000| Untracked 
| 168|0x000000008a800000, 0x000000008a900000, 0x000000008a900000|100%| O|  |TAMS 0x000000008a800000, 0x000000008a900000| Untracked 
| 169|0x000000008a900000, 0x000000008aa00000, 0x000000008aa00000|100%| O|  |TAMS 0x000000008a900000, 0x000000008aa00000| Untracked 
| 170|0x000000008aa00000, 0x000000008ab00000, 0x000000008ab00000|100%| O|  |TAMS 0x000000008aa00000, 0x000000008ab00000| Untracked 
| 171|0x000000008ab00000, 0x000000008ac00000, 0x000000008ac00000|100%| O|  |TAMS 0x000000008ab00000, 0x000000008ac00000| Untracked 
| 172|0x000000008ac00000, 0x000000008ad00000, 0x000000008ad00000|100%| O|  |TAMS 0x000000008ac00000, 0x000000008ad00000| Untracked 
| 173|0x000000008ad00000, 0x000000008ae00000, 0x000000008ae00000|100%| O|  |TAMS 0x000000008ad00000, 0x000000008ae00000| Untracked 
| 174|0x000000008ae00000, 0x000000008af00000, 0x000000008af00000|100%| O|  |TAMS 0x000000008ae00000, 0x000000008af00000| Untracked 
| 175|0x000000008af00000, 0x000000008b000000, 0x000000008b000000|100%| O|  |TAMS 0x000000008af00000, 0x000000008b000000| Untracked 
| 176|0x000000008b000000, 0x000000008b100000, 0x000000008b100000|100%| O|  |TAMS 0x000000008b000000, 0x000000008b100000| Untracked 
| 177|0x000000008b100000, 0x000000008b200000, 0x000000008b200000|100%| O|  |TAMS 0x000000008b100000, 0x000000008b200000| Untracked 
| 178|0x000000008b200000, 0x000000008b300000, 0x000000008b300000|100%| O|  |TAMS 0x000000008b200000, 0x000000008b300000| Untracked 
| 179|0x000000008b300000, 0x000000008b400000, 0x000000008b400000|100%| O|  |TAMS 0x000000008b300000, 0x000000008b400000| Untracked 
| 180|0x000000008b400000, 0x000000008b500000, 0x000000008b500000|100%| O|  |TAMS 0x000000008b400000, 0x000000008b500000| Untracked 
| 181|0x000000008b500000, 0x000000008b600000, 0x000000008b600000|100%| O|  |TAMS 0x000000008b500000, 0x000000008b600000| Untracked 
| 182|0x000000008b600000, 0x000000008b700000, 0x000000008b700000|100%| O|  |TAMS 0x000000008b600000, 0x000000008b700000| Untracked 
| 183|0x000000008b700000, 0x000000008b800000, 0x000000008b800000|100%| O|  |TAMS 0x000000008b700000, 0x000000008b800000| Untracked 
| 184|0x000000008b800000, 0x000000008b900000, 0x000000008b900000|100%| O|  |TAMS 0x000000008b800000, 0x000000008b900000| Untracked 
| 185|0x000000008b900000, 0x000000008ba00000, 0x000000008ba00000|100%| O|  |TAMS 0x000000008b900000, 0x000000008ba00000| Untracked 
| 186|0x000000008ba00000, 0x000000008bb00000, 0x000000008bb00000|100%| O|  |TAMS 0x000000008ba00000, 0x000000008bb00000| Untracked 
| 187|0x000000008bb00000, 0x000000008bc00000, 0x000000008bc00000|100%| O|  |TAMS 0x000000008bb00000, 0x000000008bc00000| Untracked 
| 188|0x000000008bc00000, 0x000000008bd00000, 0x000000008bd00000|100%| O|  |TAMS 0x000000008bc00000, 0x000000008bd00000| Untracked 
| 189|0x000000008bd00000, 0x000000008be00000, 0x000000008be00000|100%| O|  |TAMS 0x000000008bd00000, 0x000000008be00000| Untracked 
| 190|0x000000008be00000, 0x000000008bf00000, 0x000000008bf00000|100%| O|  |TAMS 0x000000008be00000, 0x000000008bf00000| Untracked 
| 191|0x000000008bf00000, 0x000000008c000000, 0x000000008c000000|100%| O|  |TAMS 0x000000008bf00000, 0x000000008c000000| Untracked 
| 192|0x000000008c000000, 0x000000008c100000, 0x000000008c100000|100%| O|  |TAMS 0x000000008c000000, 0x000000008c100000| Untracked 
| 193|0x000000008c100000, 0x000000008c200000, 0x000000008c200000|100%| O|  |TAMS 0x000000008c100000, 0x000000008c200000| Untracked 
| 194|0x000000008c200000, 0x000000008c300000, 0x000000008c300000|100%| O|  |TAMS 0x000000008c200000, 0x000000008c300000| Untracked 
| 195|0x000000008c300000, 0x000000008c400000, 0x000000008c400000|100%| O|  |TAMS 0x000000008c300000, 0x000000008c400000| Untracked 
| 196|0x000000008c400000, 0x000000008c500000, 0x000000008c500000|100%| O|  |TAMS 0x000000008c400000, 0x000000008c500000| Untracked 
| 197|0x000000008c500000, 0x000000008c600000, 0x000000008c600000|100%| O|  |TAMS 0x000000008c500000, 0x000000008c600000| Untracked 
| 198|0x000000008c600000, 0x000000008c700000, 0x000000008c700000|100%| O|  |TAMS 0x000000008c600000, 0x000000008c700000| Untracked 
| 199|0x000000008c700000, 0x000000008c800000, 0x000000008c800000|100%| O|  |TAMS 0x000000008c700000, 0x000000008c800000| Untracked 
| 200|0x000000008c800000, 0x000000008c900000, 0x000000008c900000|100%| O|  |TAMS 0x000000008c800000, 0x000000008c900000| Untracked 
| 201|0x000000008c900000, 0x000000008ca00000, 0x000000008ca00000|100%| O|  |TAMS 0x000000008c900000, 0x000000008ca00000| Untracked 
| 202|0x000000008ca00000, 0x000000008cb00000, 0x000000008cb00000|100%| O|  |TAMS 0x000000008ca00000, 0x000000008cb00000| Untracked 
| 203|0x000000008cb00000, 0x000000008cc00000, 0x000000008cc00000|100%| O|  |TAMS 0x000000008cb00000, 0x000000008cc00000| Untracked 
| 204|0x000000008cc00000, 0x000000008cd00000, 0x000000008cd00000|100%| O|  |TAMS 0x000000008cc00000, 0x000000008cd00000| Untracked 
| 205|0x000000008cd00000, 0x000000008ce00000, 0x000000008ce00000|100%| O|  |TAMS 0x000000008cd00000, 0x000000008ce00000| Untracked 
| 206|0x000000008ce00000, 0x000000008cf00000, 0x000000008cf00000|100%| O|  |TAMS 0x000000008ce00000, 0x000000008cf00000| Untracked 
| 207|0x000000008cf00000, 0x000000008d000000, 0x000000008d000000|100%| O|  |TAMS 0x000000008cf00000, 0x000000008d000000| Untracked 
| 208|0x000000008d000000, 0x000000008d100000, 0x000000008d100000|100%| O|  |TAMS 0x000000008d000000, 0x000000008d100000| Untracked 
| 209|0x000000008d100000, 0x000000008d200000, 0x000000008d200000|100%| O|  |TAMS 0x000000008d100000, 0x000000008d200000| Untracked 
| 210|0x000000008d200000, 0x000000008d300000, 0x000000008d300000|100%| O|  |TAMS 0x000000008d200000, 0x000000008d300000| Untracked 
| 211|0x000000008d300000, 0x000000008d400000, 0x000000008d400000|100%| O|  |TAMS 0x000000008d300000, 0x000000008d400000| Untracked 
| 212|0x000000008d400000, 0x000000008d500000, 0x000000008d500000|100%| O|  |TAMS 0x000000008d400000, 0x000000008d500000| Untracked 
| 213|0x000000008d500000, 0x000000008d600000, 0x000000008d600000|100%| O|  |TAMS 0x000000008d500000, 0x000000008d600000| Untracked 
| 214|0x000000008d600000, 0x000000008d700000, 0x000000008d700000|100%| O|  |TAMS 0x000000008d600000, 0x000000008d700000| Untracked 
| 215|0x000000008d700000, 0x000000008d800000, 0x000000008d800000|100%| O|  |TAMS 0x000000008d700000, 0x000000008d700000| Untracked 
| 216|0x000000008d800000, 0x000000008d900000, 0x000000008d900000|100%| O|  |TAMS 0x000000008d800000, 0x000000008d800000| Untracked 
| 217|0x000000008d900000, 0x000000008da00000, 0x000000008da00000|100%| O|  |TAMS 0x000000008d900000, 0x000000008d900000| Untracked 
| 218|0x000000008da00000, 0x000000008db00000, 0x000000008db00000|100%| O|  |TAMS 0x000000008da00000, 0x000000008da00000| Untracked 
| 219|0x000000008db00000, 0x000000008dc00000, 0x000000008dc00000|100%| O|  |TAMS 0x000000008db00000, 0x000000008db00000| Untracked 
| 220|0x000000008dc00000, 0x000000008dd00000, 0x000000008dd00000|100%| O|  |TAMS 0x000000008dc00000, 0x000000008dc00000| Untracked 
| 221|0x000000008dd00000, 0x000000008de00000, 0x000000008de00000|100%| O|  |TAMS 0x000000008dd00000, 0x000000008dd00000| Untracked 
| 222|0x000000008de00000, 0x000000008df00000, 0x000000008df00000|100%| O|  |TAMS 0x000000008de00000, 0x000000008de00000| Untracked 
| 223|0x000000008df00000, 0x000000008e000000, 0x000000008e000000|100%| O|  |TAMS 0x000000008df00000, 0x000000008df00000| Untracked 
| 224|0x000000008e000000, 0x000000008e100000, 0x000000008e100000|100%| O|  |TAMS 0x000000008e000000, 0x000000008e000000| Untracked 
| 225|0x000000008e100000, 0x000000008e200000, 0x000000008e200000|100%| O|  |TAMS 0x000000008e100000, 0x000000008e100000| Untracked 
| 226|0x000000008e200000, 0x000000008e300000, 0x000000008e300000|100%| O|  |TAMS 0x000000008e200000, 0x000000008e200000| Untracked 
| 227|0x000000008e300000, 0x000000008e400000, 0x000000008e400000|100%| O|  |TAMS 0x000000008e300000, 0x000000008e300000| Untracked 
| 228|0x000000008e400000, 0x000000008e400000, 0x000000008e500000|  0%| F|  |TAMS 0x000000008e400000, 0x000000008e400000| Untracked 
| 229|0x000000008e500000, 0x000000008e500000, 0x000000008e600000|  0%| F|  |TAMS 0x000000008e500000, 0x000000008e500000| Untracked 
| 230|0x000000008e600000, 0x000000008e600000, 0x000000008e700000|  0%| F|  |TAMS 0x000000008e600000, 0x000000008e600000| Untracked 
| 231|0x000000008e700000, 0x000000008e700000, 0x000000008e800000|  0%| F|  |TAMS 0x000000008e700000, 0x000000008e700000| Untracked 
| 232|0x000000008e800000, 0x000000008e800000, 0x000000008e900000|  0%| F|  |TAMS 0x000000008e800000, 0x000000008e800000| Untracked 
| 233|0x000000008e900000, 0x000000008e900000, 0x000000008ea00000|  0%| F|  |TAMS 0x000000008e900000, 0x000000008e900000| Untracked 
| 234|0x000000008ea00000, 0x000000008ea00000, 0x000000008eb00000|  0%| F|  |TAMS 0x000000008ea00000, 0x000000008ea00000| Untracked 
| 235|0x000000008eb00000, 0x000000008eb00000, 0x000000008ec00000|  0%| F|  |TAMS 0x000000008eb00000, 0x000000008eb00000| Untracked 
| 236|0x000000008ec00000, 0x000000008ec00000, 0x000000008ed00000|  0%| F|  |TAMS 0x000000008ec00000, 0x000000008ec00000| Untracked 
| 237|0x000000008ed00000, 0x000000008ed00000, 0x000000008ee00000|  0%| F|  |TAMS 0x000000008ed00000, 0x000000008ed00000| Untracked 
| 238|0x000000008ee00000, 0x000000008ee00000, 0x000000008ef00000|  0%| F|  |TAMS 0x000000008ee00000, 0x000000008ee00000| Untracked 
| 239|0x000000008ef00000, 0x000000008ef00000, 0x000000008f000000|  0%| F|  |TAMS 0x000000008ef00000, 0x000000008ef00000| Untracked 
| 240|0x000000008f000000, 0x000000008f000000, 0x000000008f100000|  0%| F|  |TAMS 0x000000008f000000, 0x000000008f000000| Untracked 
| 241|0x000000008f100000, 0x000000008f100000, 0x000000008f200000|  0%| F|  |TAMS 0x000000008f100000, 0x000000008f100000| Untracked 
| 242|0x000000008f200000, 0x000000008f200000, 0x000000008f300000|  0%| F|  |TAMS 0x000000008f200000, 0x000000008f200000| Untracked 
| 243|0x000000008f300000, 0x000000008f300000, 0x000000008f400000|  0%| F|  |TAMS 0x000000008f300000, 0x000000008f300000| Untracked 
| 244|0x000000008f400000, 0x000000008f400000, 0x000000008f500000|  0%| F|  |TAMS 0x000000008f400000, 0x000000008f400000| Untracked 
| 245|0x000000008f500000, 0x000000008f500000, 0x000000008f600000|  0%| F|  |TAMS 0x000000008f500000, 0x000000008f500000| Untracked 
| 246|0x000000008f600000, 0x000000008f600000, 0x000000008f700000|  0%| F|  |TAMS 0x000000008f600000, 0x000000008f600000| Untracked 
| 247|0x000000008f700000, 0x000000008f700000, 0x000000008f800000|  0%| F|  |TAMS 0x000000008f700000, 0x000000008f700000| Untracked 
| 248|0x000000008f800000, 0x000000008f800000, 0x000000008f900000|  0%| F|  |TAMS 0x000000008f800000, 0x000000008f800000| Untracked 
| 249|0x000000008f900000, 0x000000008f900000, 0x000000008fa00000|  0%| F|  |TAMS 0x000000008f900000, 0x000000008f900000| Untracked 
| 250|0x000000008fa00000, 0x000000008fa00000, 0x000000008fb00000|  0%| F|  |TAMS 0x000000008fa00000, 0x000000008fa00000| Untracked 
| 251|0x000000008fb00000, 0x000000008fb00000, 0x000000008fc00000|  0%| F|  |TAMS 0x000000008fb00000, 0x000000008fb00000| Untracked 
| 252|0x000000008fc00000, 0x000000008fc00000, 0x000000008fd00000|  0%| F|  |TAMS 0x000000008fc00000, 0x000000008fc00000| Untracked 
| 253|0x000000008fd00000, 0x000000008fd00000, 0x000000008fe00000|  0%| F|  |TAMS 0x000000008fd00000, 0x000000008fd00000| Untracked 
| 254|0x000000008fe00000, 0x000000008fe00000, 0x000000008ff00000|  0%| F|  |TAMS 0x000000008fe00000, 0x000000008fe00000| Untracked 
| 255|0x000000008ff00000, 0x000000008ff00000, 0x0000000090000000|  0%| F|  |TAMS 0x000000008ff00000, 0x000000008ff00000| Untracked 
| 256|0x0000000090000000, 0x0000000090000000, 0x0000000090100000|  0%| F|  |TAMS 0x0000000090000000, 0x0000000090000000| Untracked 
| 257|0x0000000090100000, 0x0000000090100000, 0x0000000090200000|  0%| F|  |TAMS 0x0000000090100000, 0x0000000090100000| Untracked 
| 258|0x0000000090200000, 0x0000000090200000, 0x0000000090300000|  0%| F|  |TAMS 0x0000000090200000, 0x0000000090200000| Untracked 
| 259|0x0000000090300000, 0x0000000090300000, 0x0000000090400000|  0%| F|  |TAMS 0x0000000090300000, 0x0000000090300000| Untracked 
| 260|0x0000000090400000, 0x0000000090400000, 0x0000000090500000|  0%| F|  |TAMS 0x0000000090400000, 0x0000000090400000| Untracked 
| 261|0x0000000090500000, 0x0000000090500000, 0x0000000090600000|  0%| F|  |TAMS 0x0000000090500000, 0x0000000090500000| Untracked 
| 262|0x0000000090600000, 0x0000000090600000, 0x0000000090700000|  0%| F|  |TAMS 0x0000000090600000, 0x0000000090600000| Untracked 
| 263|0x0000000090700000, 0x0000000090700000, 0x0000000090800000|  0%| F|  |TAMS 0x0000000090700000, 0x0000000090700000| Untracked 
| 264|0x0000000090800000, 0x0000000090800000, 0x0000000090900000|  0%| F|  |TAMS 0x0000000090800000, 0x0000000090800000| Untracked 
| 265|0x0000000090900000, 0x0000000090900000, 0x0000000090a00000|  0%| F|  |TAMS 0x0000000090900000, 0x0000000090900000| Untracked 
| 266|0x0000000090a00000, 0x0000000090a00000, 0x0000000090b00000|  0%| F|  |TAMS 0x0000000090a00000, 0x0000000090a00000| Untracked 
| 267|0x0000000090b00000, 0x0000000090b00000, 0x0000000090c00000|  0%| F|  |TAMS 0x0000000090b00000, 0x0000000090b00000| Untracked 
| 268|0x0000000090c00000, 0x0000000090c00000, 0x0000000090d00000|  0%| F|  |TAMS 0x0000000090c00000, 0x0000000090c00000| Untracked 
| 269|0x0000000090d00000, 0x0000000090d00000, 0x0000000090e00000|  0%| F|  |TAMS 0x0000000090d00000, 0x0000000090d00000| Untracked 
| 270|0x0000000090e00000, 0x0000000090e00000, 0x0000000090f00000|  0%| F|  |TAMS 0x0000000090e00000, 0x0000000090e00000| Untracked 
| 271|0x0000000090f00000, 0x0000000090f00000, 0x0000000091000000|  0%| F|  |TAMS 0x0000000090f00000, 0x0000000090f00000| Untracked 
| 272|0x0000000091000000, 0x0000000091000000, 0x0000000091100000|  0%| F|  |TAMS 0x0000000091000000, 0x0000000091000000| Untracked 
| 273|0x0000000091100000, 0x0000000091100000, 0x0000000091200000|  0%| F|  |TAMS 0x0000000091100000, 0x0000000091100000| Untracked 
| 274|0x0000000091200000, 0x0000000091200000, 0x0000000091300000|  0%| F|  |TAMS 0x0000000091200000, 0x0000000091200000| Untracked 
| 275|0x0000000091300000, 0x0000000091300000, 0x0000000091400000|  0%| F|  |TAMS 0x0000000091300000, 0x0000000091300000| Untracked 
| 276|0x0000000091400000, 0x0000000091400000, 0x0000000091500000|  0%| F|  |TAMS 0x0000000091400000, 0x0000000091400000| Untracked 
| 277|0x0000000091500000, 0x0000000091500000, 0x0000000091600000|  0%| F|  |TAMS 0x0000000091500000, 0x0000000091500000| Untracked 
| 278|0x0000000091600000, 0x0000000091600000, 0x0000000091700000|  0%| F|  |TAMS 0x0000000091600000, 0x0000000091600000| Untracked 
| 279|0x0000000091700000, 0x0000000091700000, 0x0000000091800000|  0%| F|  |TAMS 0x0000000091700000, 0x0000000091700000| Untracked 
| 280|0x0000000091800000, 0x0000000091800000, 0x0000000091900000|  0%| F|  |TAMS 0x0000000091800000, 0x0000000091800000| Untracked 
| 281|0x0000000091900000, 0x0000000091900000, 0x0000000091a00000|  0%| F|  |TAMS 0x0000000091900000, 0x0000000091900000| Untracked 
| 282|0x0000000091a00000, 0x0000000091a00000, 0x0000000091b00000|  0%| F|  |TAMS 0x0000000091a00000, 0x0000000091a00000| Untracked 
| 283|0x0000000091b00000, 0x0000000091b00000, 0x0000000091c00000|  0%| F|  |TAMS 0x0000000091b00000, 0x0000000091b00000| Untracked 
| 284|0x0000000091c00000, 0x0000000091c00000, 0x0000000091d00000|  0%| F|  |TAMS 0x0000000091c00000, 0x0000000091c00000| Untracked 
| 285|0x0000000091d00000, 0x0000000091d00000, 0x0000000091e00000|  0%| F|  |TAMS 0x0000000091d00000, 0x0000000091d00000| Untracked 
| 286|0x0000000091e00000, 0x0000000091e00000, 0x0000000091f00000|  0%| F|  |TAMS 0x0000000091e00000, 0x0000000091e00000| Untracked 
| 287|0x0000000091f00000, 0x0000000092000000, 0x0000000092000000|100%| S|CS|TAMS 0x0000000091f00000, 0x0000000091f00000| Complete 
| 288|0x0000000092000000, 0x0000000092100000, 0x0000000092100000|100%| S|CS|TAMS 0x0000000092000000, 0x0000000092000000| Complete 
| 289|0x0000000092100000, 0x0000000092200000, 0x0000000092200000|100%| S|CS|TAMS 0x0000000092100000, 0x0000000092100000| Complete 
| 290|0x0000000092200000, 0x0000000092300000, 0x0000000092300000|100%| S|CS|TAMS 0x0000000092200000, 0x0000000092200000| Complete 
| 291|0x0000000092300000, 0x0000000092400000, 0x0000000092400000|100%| S|CS|TAMS 0x0000000092300000, 0x0000000092300000| Complete 
| 292|0x0000000092400000, 0x0000000092500000, 0x0000000092500000|100%| S|CS|TAMS 0x0000000092400000, 0x0000000092400000| Complete 
| 293|0x0000000092500000, 0x0000000092500000, 0x0000000092600000|  0%| F|  |TAMS 0x0000000092500000, 0x0000000092500000| Untracked 
| 294|0x0000000092600000, 0x0000000092600000, 0x0000000092700000|  0%| F|  |TAMS 0x0000000092600000, 0x0000000092600000| Untracked 
| 295|0x0000000092700000, 0x0000000092700000, 0x0000000092800000|  0%| F|  |TAMS 0x0000000092700000, 0x0000000092700000| Untracked 
| 296|0x0000000092800000, 0x0000000092800000, 0x0000000092900000|  0%| F|  |TAMS 0x0000000092800000, 0x0000000092800000| Untracked 
| 297|0x0000000092900000, 0x0000000092900000, 0x0000000092a00000|  0%| F|  |TAMS 0x0000000092900000, 0x0000000092900000| Untracked 
| 298|0x0000000092a00000, 0x0000000092a00000, 0x0000000092b00000|  0%| F|  |TAMS 0x0000000092a00000, 0x0000000092a00000| Untracked 
| 299|0x0000000092b00000, 0x0000000092b00000, 0x0000000092c00000|  0%| F|  |TAMS 0x0000000092b00000, 0x0000000092b00000| Untracked 
| 300|0x0000000092c00000, 0x0000000092c00000, 0x0000000092d00000|  0%| F|  |TAMS 0x0000000092c00000, 0x0000000092c00000| Untracked 
| 301|0x0000000092d00000, 0x0000000092d00000, 0x0000000092e00000|  0%| F|  |TAMS 0x0000000092d00000, 0x0000000092d00000| Untracked 
| 302|0x0000000092e00000, 0x0000000092e00000, 0x0000000092f00000|  0%| F|  |TAMS 0x0000000092e00000, 0x0000000092e00000| Untracked 
| 303|0x0000000092f00000, 0x0000000092f00000, 0x0000000093000000|  0%| F|  |TAMS 0x0000000092f00000, 0x0000000092f00000| Untracked 
| 304|0x0000000093000000, 0x0000000093000000, 0x0000000093100000|  0%| F|  |TAMS 0x0000000093000000, 0x0000000093000000| Untracked 
| 305|0x0000000093100000, 0x0000000093100000, 0x0000000093200000|  0%| F|  |TAMS 0x0000000093100000, 0x0000000093100000| Untracked 
| 306|0x0000000093200000, 0x0000000093200000, 0x0000000093300000|  0%| F|  |TAMS 0x0000000093200000, 0x0000000093200000| Untracked 
| 307|0x0000000093300000, 0x0000000093300000, 0x0000000093400000|  0%| F|  |TAMS 0x0000000093300000, 0x0000000093300000| Untracked 
| 308|0x0000000093400000, 0x0000000093400000, 0x0000000093500000|  0%| F|  |TAMS 0x0000000093400000, 0x0000000093400000| Untracked 
| 309|0x0000000093500000, 0x0000000093500000, 0x0000000093600000|  0%| F|  |TAMS 0x0000000093500000, 0x0000000093500000| Untracked 
| 310|0x0000000093600000, 0x0000000093600000, 0x0000000093700000|  0%| F|  |TAMS 0x0000000093600000, 0x0000000093600000| Untracked 
| 311|0x0000000093700000, 0x0000000093700000, 0x0000000093800000|  0%| F|  |TAMS 0x0000000093700000, 0x0000000093700000| Untracked 
| 312|0x0000000093800000, 0x0000000093800000, 0x0000000093900000|  0%| F|  |TAMS 0x0000000093800000, 0x0000000093800000| Untracked 
| 313|0x0000000093900000, 0x0000000093900000, 0x0000000093a00000|  0%| F|  |TAMS 0x0000000093900000, 0x0000000093900000| Untracked 
| 314|0x0000000093a00000, 0x0000000093a00000, 0x0000000093b00000|  0%| F|  |TAMS 0x0000000093a00000, 0x0000000093a00000| Untracked 
| 315|0x0000000093b00000, 0x0000000093b00000, 0x0000000093c00000|  0%| F|  |TAMS 0x0000000093b00000, 0x0000000093b00000| Untracked 
| 316|0x0000000093c00000, 0x0000000093c00000, 0x0000000093d00000|  0%| F|  |TAMS 0x0000000093c00000, 0x0000000093c00000| Untracked 
| 317|0x0000000093d00000, 0x0000000093d00000, 0x0000000093e00000|  0%| F|  |TAMS 0x0000000093d00000, 0x0000000093d00000| Untracked 
| 318|0x0000000093e00000, 0x0000000093e00000, 0x0000000093f00000|  0%| F|  |TAMS 0x0000000093e00000, 0x0000000093e00000| Untracked 
| 319|0x0000000093f00000, 0x0000000093f00000, 0x0000000094000000|  0%| F|  |TAMS 0x0000000093f00000, 0x0000000093f00000| Untracked 
| 320|0x0000000094000000, 0x0000000094000000, 0x0000000094100000|  0%| F|  |TAMS 0x0000000094000000, 0x0000000094000000| Untracked 
| 321|0x0000000094100000, 0x0000000094100000, 0x0000000094200000|  0%| F|  |TAMS 0x0000000094100000, 0x0000000094100000| Untracked 
| 322|0x0000000094200000, 0x0000000094200000, 0x0000000094300000|  0%| F|  |TAMS 0x0000000094200000, 0x0000000094200000| Untracked 
| 323|0x0000000094300000, 0x0000000094300000, 0x0000000094400000|  0%| F|  |TAMS 0x0000000094300000, 0x0000000094300000| Untracked 
| 324|0x0000000094400000, 0x0000000094400000, 0x0000000094500000|  0%| F|  |TAMS 0x0000000094400000, 0x0000000094400000| Untracked 
| 325|0x0000000094500000, 0x0000000094500000, 0x0000000094600000|  0%| F|  |TAMS 0x0000000094500000, 0x0000000094500000| Untracked 
| 326|0x0000000094600000, 0x0000000094600000, 0x0000000094700000|  0%| F|  |TAMS 0x0000000094600000, 0x0000000094600000| Untracked 
| 327|0x0000000094700000, 0x0000000094700000, 0x0000000094800000|  0%| F|  |TAMS 0x0000000094700000, 0x0000000094700000| Untracked 
| 328|0x0000000094800000, 0x0000000094800000, 0x0000000094900000|  0%| F|  |TAMS 0x0000000094800000, 0x0000000094800000| Untracked 
| 329|0x0000000094900000, 0x0000000094900000, 0x0000000094a00000|  0%| F|  |TAMS 0x0000000094900000, 0x0000000094900000| Untracked 
| 330|0x0000000094a00000, 0x0000000094a00000, 0x0000000094b00000|  0%| F|  |TAMS 0x0000000094a00000, 0x0000000094a00000| Untracked 
| 331|0x0000000094b00000, 0x0000000094b00000, 0x0000000094c00000|  0%| F|  |TAMS 0x0000000094b00000, 0x0000000094b00000| Untracked 
| 332|0x0000000094c00000, 0x0000000094c00000, 0x0000000094d00000|  0%| F|  |TAMS 0x0000000094c00000, 0x0000000094c00000| Untracked 
| 333|0x0000000094d00000, 0x0000000094d00000, 0x0000000094e00000|  0%| F|  |TAMS 0x0000000094d00000, 0x0000000094d00000| Untracked 
| 334|0x0000000094e00000, 0x0000000094e00000, 0x0000000094f00000|  0%| F|  |TAMS 0x0000000094e00000, 0x0000000094e00000| Untracked 
| 335|0x0000000094f00000, 0x0000000094f00000, 0x0000000095000000|  0%| F|  |TAMS 0x0000000094f00000, 0x0000000094f00000| Untracked 
| 336|0x0000000095000000, 0x0000000095000000, 0x0000000095100000|  0%| F|  |TAMS 0x0000000095000000, 0x0000000095000000| Untracked 

Card table byte_map: [0x000001b20f510000,0x000001b20f910000] _byte_map_base: 0x000001b20f110000

Marking Bits (Prev, Next): (CMBitMap*) 0x000001b27ab4a920, (CMBitMap*) 0x000001b27ab4a8e0
 Prev Bits: [0x000001b211d10000, 0x000001b213d10000)
 Next Bits: [0x000001b20fd10000, 0x000001b211d10000)

Polling page: 0x000001b27a990000

Metaspace:

Usage:
  Non-class:     32.46 MB used.
      Class:      3.99 MB used.
       Both:     36.44 MB used.

Virtual space:
  Non-class space:       64.00 MB reserved,      32.62 MB ( 51%) committed,  1 nodes.
      Class space:        1.00 GB reserved,       4.12 MB ( <1%) committed,  1 nodes.
             Both:        1.06 GB reserved,      36.75 MB (  3%) committed. 

Chunk freelists:
   Non-Class:  15.28 MB
       Class:  11.85 MB
        Both:  27.13 MB

MaxMetaspaceSize: unlimited
CompressedClassSpaceSize: 1.00 GB
Initial GC threshold: 21.00 MB
Current GC threshold: 61.25 MB
CDS: off
MetaspaceReclaimPolicy: balanced
 - commit_granule_bytes: 65536.
 - commit_granule_words: 8192.
 - virtual_space_node_default_size: 8388608.
 - enlarge_chunks_in_place: 1.
 - new_chunks_are_fully_committed: 0.
 - uncommit_free_chunks: 1.
 - use_allocation_guard: 0.
 - handle_deallocations: 1.


Internal statistics:

num_allocs_failed_limit: 8.
num_arena_births: 328.
num_arena_deaths: 18.
num_vsnodes_births: 2.
num_vsnodes_deaths: 0.
num_space_committed: 588.
num_space_uncommitted: 0.
num_chunks_returned_to_freelist: 32.
num_chunks_taken_from_freelist: 1376.
num_chunk_merges: 9.
num_chunk_splits: 931.
num_chunks_enlarged: 664.
num_inconsistent_stats: 0.

CodeHeap 'non-profiled nmethods': size=120000Kb used=1554Kb max_used=1554Kb free=118445Kb
 bounds [0x000001b207ad0000, 0x000001b207d40000, 0x000001b20f000000]
CodeHeap 'profiled nmethods': size=120000Kb used=6735Kb max_used=6735Kb free=113264Kb
 bounds [0x000001b200000000, 0x000001b2006a0000, 0x000001b207530000]
CodeHeap 'non-nmethods': size=5760Kb used=1370Kb max_used=1410Kb free=4389Kb
 bounds [0x000001b207530000, 0x000001b2077a0000, 0x000001b207ad0000]
 total_blobs=4239 nmethods=3525 adapters=626
 compilation: enabled
              stopped_count=0, restarted_count=0
 full_count=0

Compilation events (20 events):
Event: 13.317 Thread 0x000001b2165cea40 3626       2       com.oracle.js.parser.Parser::awaitExpression (135 bytes)
Event: 13.319 Thread 0x000001b2165cea40 nmethod 3626 0x000001b200691a90 code [0x000001b200691ce0, 0x000001b2006924a8]
Event: 13.320 Thread 0x000001b2165cea40 3627       2       jdk.internal.reflect.ReflectionFactory::inflationThreshold (4 bytes)
Event: 13.320 Thread 0x000001b2165cea40 nmethod 3627 0x000001b200692910 code [0x000001b200692aa0, 0x000001b200692b98]
Event: 13.348 Thread 0x000001b2165cea40 3629       2       com.oracle.js.parser.Parser::lookaheadIsAsyncMethod (91 bytes)
Event: 13.349 Thread 0x000001b2165cea40 nmethod 3629 0x000001b200692c10 code [0x000001b200692dc0, 0x000001b200693038]
Event: 13.375 Thread 0x000001b2165cea40 3630       2       com.oracle.js.parser.ir.PropertyNode::<init> (25 bytes)
Event: 13.375 Thread 0x000001b2165cea40 nmethod 3630 0x000001b200693190 code [0x000001b200693320, 0x000001b200693488]
Event: 13.389 Thread 0x000001b2165cea40 3631       2       com.oracle.js.parser.Parser::isPropertyName (111 bytes)
Event: 13.389 Thread 0x000001b2165cea40 nmethod 3631 0x000001b200693590 code [0x000001b200693760, 0x000001b200693a28]
Event: 13.405 Thread 0x000001b2165cdf90 nmethod 3621 0x000001b207c4fe10 code [0x000001b207c50180, 0x000001b207c52bb8]
Event: 13.405 Thread 0x000001b2165cdf90 3539       4       com.oracle.js.parser.ir.Expression::getStart (19 bytes)
Event: 13.406 Thread 0x000001b2165cdf90 nmethod 3539 0x000001b207c54290 code [0x000001b207c54400, 0x000001b207c54498]
Event: 13.406 Thread 0x000001b2165cdf90 3412       4       com.oracle.js.parser.ir.Node::isTokenType (14 bytes)
Event: 13.407 Thread 0x000001b2165cdf90 nmethod 3412 0x000001b207c54590 code [0x000001b207c54700, 0x000001b207c547b8]
Event: 13.407 Thread 0x000001b2165cdf90 3267       4       com.oracle.js.parser.Parser::isES6 (18 bytes)
Event: 13.407 Thread 0x000001b2165cdf90 nmethod 3267 0x000001b207c54890 code [0x000001b207c54a00, 0x000001b207c54ab8]
Event: 13.407 Thread 0x000001b2165cdf90 3130       4       org.graalvm.collections.EconomicMapImpl::put (192 bytes)
Event: 13.424 Thread 0x000001b2165cea40 3633       2       com.oracle.truffle.regex.tregex.parser.RegexLexer::isDecimal (18 bytes)
Event: 13.424 Thread 0x000001b2165cea40 nmethod 3633 0x000001b200693b90 code [0x000001b200693d20, 0x000001b200693e38]

GC Heap History (20 events):
Event: 7.508 GC heap after
{Heap after GC invocations=9 (full 0):
 garbage-first heap   total 162816K, used 50867K [0x0000000080000000, 0x0000000100000000)
  region size 1024K, 9 young (9216K), 9 survivors (9216K)
 Metaspace       used 36701K, committed 37056K, reserved 1114112K
  class space    used 4078K, committed 4224K, reserved 1048576K
}
Event: 8.515 GC heap before
{Heap before GC invocations=9 (full 0):
 garbage-first heap   total 162816K, used 122547K [0x0000000080000000, 0x0000000100000000)
  region size 1024K, 71 young (72704K), 9 survivors (9216K)
 Metaspace       used 37027K, committed 37312K, reserved 1114112K
  class space    used 4079K, committed 4224K, reserved 1048576K
}
Event: 8.563 GC heap after
{Heap after GC invocations=10 (full 0):
 garbage-first heap   total 162816K, used 84760K [0x0000000080000000, 0x0000000100000000)
  region size 1024K, 9 young (9216K), 9 survivors (9216K)
 Metaspace       used 37027K, committed 37312K, reserved 1114112K
  class space    used 4079K, committed 4224K, reserved 1048576K
}
Event: 8.880 GC heap before
{Heap before GC invocations=10 (full 0):
 garbage-first heap   total 162816K, used 118552K [0x0000000080000000, 0x0000000100000000)
  region size 1024K, 42 young (43008K), 9 survivors (9216K)
 Metaspace       used 37087K, committed 37376K, reserved 1114112K
  class space    used 4079K, committed 4224K, reserved 1048576K
}
Event: 8.913 GC heap after
{Heap after GC invocations=11 (full 0):
 garbage-first heap   total 162816K, used 100352K [0x0000000080000000, 0x0000000100000000)
  region size 1024K, 6 young (6144K), 6 survivors (6144K)
 Metaspace       used 37087K, committed 37376K, reserved 1114112K
  class space    used 4079K, committed 4224K, reserved 1048576K
}
Event: 9.145 GC heap before
{Heap before GC invocations=12 (full 0):
 garbage-first heap   total 183296K, used 123904K [0x0000000080000000, 0x0000000100000000)
  region size 1024K, 29 young (29696K), 6 survivors (6144K)
 Metaspace       used 37072K, committed 37376K, reserved 1114112K
  class space    used 4074K, committed 4224K, reserved 1048576K
}
Event: 9.165 GC heap after
{Heap after GC invocations=13 (full 0):
 garbage-first heap   total 183296K, used 111104K [0x0000000080000000, 0x0000000100000000)
  region size 1024K, 4 young (4096K), 4 survivors (4096K)
 Metaspace       used 37072K, committed 37376K, reserved 1114112K
  class space    used 4074K, committed 4224K, reserved 1048576K
}
Event: 9.484 GC heap before
{Heap before GC invocations=13 (full 0):
 garbage-first heap   total 183296K, used 137728K [0x0000000080000000, 0x0000000100000000)
  region size 1024K, 30 young (30720K), 4 survivors (4096K)
 Metaspace       used 37088K, committed 37376K, reserved 1114112K
  class space    used 4074K, committed 4224K, reserved 1048576K
}
Event: 9.516 GC heap after
{Heap after GC invocations=14 (full 0):
 garbage-first heap   total 311296K, used 123392K [0x0000000080000000, 0x0000000100000000)
  region size 1024K, 4 young (4096K), 4 survivors (4096K)
 Metaspace       used 37088K, committed 37376K, reserved 1114112K
  class space    used 4074K, committed 4224K, reserved 1048576K
}
Event: 10.782 GC heap before
{Heap before GC invocations=15 (full 0):
 garbage-first heap   total 311296K, used 197120K [0x0000000080000000, 0x0000000100000000)
  region size 1024K, 77 young (78848K), 4 survivors (4096K)
 Metaspace       used 37303K, committed 37632K, reserved 1114112K
  class space    used 4081K, committed 4224K, reserved 1048576K
}
Event: 10.877 GC heap after
{Heap after GC invocations=16 (full 0):
 garbage-first heap   total 311296K, used 157696K [0x0000000080000000, 0x0000000100000000)
  region size 1024K, 10 young (10240K), 10 survivors (10240K)
 Metaspace       used 37303K, committed 37632K, reserved 1114112K
  class space    used 4081K, committed 4224K, reserved 1048576K
}
Event: 11.504 GC heap before
{Heap before GC invocations=16 (full 0):
 garbage-first heap   total 311296K, used 197632K [0x0000000080000000, 0x0000000100000000)
  region size 1024K, 49 young (50176K), 10 survivors (10240K)
 Metaspace       used 37309K, committed 37632K, reserved 1114112K
  class space    used 4082K, committed 4224K, reserved 1048576K
}
Event: 11.550 GC heap after
{Heap after GC invocations=17 (full 0):
 garbage-first heap   total 311296K, used 175616K [0x0000000080000000, 0x0000000100000000)
  region size 1024K, 7 young (7168K), 7 survivors (7168K)
 Metaspace       used 37309K, committed 37632K, reserved 1114112K
  class space    used 4082K, committed 4224K, reserved 1048576K
}
Event: 11.989 GC heap before
{Heap before GC invocations=17 (full 0):
 garbage-first heap   total 311296K, used 225792K [0x0000000080000000, 0x0000000100000000)
  region size 1024K, 56 young (57344K), 7 survivors (7168K)
 Metaspace       used 37309K, committed 37632K, reserved 1114112K
  class space    used 4082K, committed 4224K, reserved 1048576K
}
Event: 12.031 GC heap after
{Heap after GC invocations=18 (full 0):
 garbage-first heap   total 311296K, used 198656K [0x0000000080000000, 0x0000000100000000)
  region size 1024K, 7 young (7168K), 7 survivors (7168K)
 Metaspace       used 37309K, committed 37632K, reserved 1114112K
  class space    used 4082K, committed 4224K, reserved 1048576K
}
Event: 12.319 GC heap before
{Heap before GC invocations=19 (full 0):
 garbage-first heap   total 345088K, used 237568K [0x0000000080000000, 0x0000000100000000)
  region size 1024K, 45 young (46080K), 7 survivors (7168K)
 Metaspace       used 37309K, committed 37632K, reserved 1114112K
  class space    used 4082K, committed 4224K, reserved 1048576K
}
Event: 12.484 GC heap after
{Heap after GC invocations=20 (full 0):
 garbage-first heap   total 345088K, used 216576K [0x0000000080000000, 0x0000000100000000)
  region size 1024K, 6 young (6144K), 6 survivors (6144K)
 Metaspace       used 37309K, committed 37632K, reserved 1114112K
  class space    used 4082K, committed 4224K, reserved 1048576K
}
Event: 12.645 GC heap before
{Heap before GC invocations=20 (full 0):
 garbage-first heap   total 345088K, used 226816K [0x0000000080000000, 0x0000000100000000)
  region size 1024K, 16 young (16384K), 6 survivors (6144K)
 Metaspace       used 37309K, committed 37632K, reserved 1114112K
  class space    used 4082K, committed 4224K, reserved 1048576K
}
Event: 12.692 GC heap after
{Heap after GC invocations=21 (full 0):
 garbage-first heap   total 345088K, used 221184K [0x0000000080000000, 0x0000000100000000)
  region size 1024K, 2 young (2048K), 2 survivors (2048K)
 Metaspace       used 37309K, committed 37632K, reserved 1114112K
  class space    used 4082K, committed 4224K, reserved 1048576K
}
Event: 13.443 GC heap before
{Heap before GC invocations=21 (full 0):
 garbage-first heap   total 345088K, used 264192K [0x0000000080000000, 0x0000000100000000)
  region size 1024K, 44 young (45056K), 2 survivors (2048K)
 Metaspace       used 37318K, committed 37632K, reserved 1114112K
  class space    used 4082K, committed 4224K, reserved 1048576K
}

Dll operation events (1 events):
Event: 0.026 Loaded shared library C:\Program Files\JetBrains\IntelliJ IDEA 2023.3.4\jbr\bin\java.dll

Deoptimization events (20 events):
Event: 13.213 Thread 0x000001b21b1c2030 DEOPT PACKING pc=0x000001b207c268b0 sp=0x0000001c6caf9c60
Event: 13.213 Thread 0x000001b21b1c2030 DEOPT UNPACKING pc=0x000001b2075869a3 sp=0x0000001c6caf9c60 mode 2
Event: 13.213 Thread 0x000001b21b1c2030 Uncommon trap: trap_request=0xffffff45 fr.pc=0x000001b207c34128 relative=0x0000000000002b48
Event: 13.213 Thread 0x000001b21b1c2030 Uncommon trap: reason=unstable_if action=reinterpret pc=0x000001b207c34128 method=com.oracle.js.parser.Parser.assignmentExpression(ZZZLcom/oracle/js/parser/CoverExpressionError;)Lcom/oracle/js/parser/ir/Expression; @ 93 c2
Event: 13.213 Thread 0x000001b21b1c2030 DEOPT PACKING pc=0x000001b207c34128 sp=0x0000001c6caf9fd0
Event: 13.213 Thread 0x000001b21b1c2030 DEOPT UNPACKING pc=0x000001b2075869a3 sp=0x0000001c6caf9f70 mode 2
Event: 13.229 Thread 0x000001b21b1c2030 Uncommon trap: trap_request=0xffffff45 fr.pc=0x000001b207be3dd0 relative=0x00000000000025f0
Event: 13.229 Thread 0x000001b21b1c2030 Uncommon trap: reason=unstable_if action=reinterpret pc=0x000001b207be3dd0 method=com.oracle.js.parser.Parser.leftHandSideExpression(ZZLcom/oracle/js/parser/CoverExpressionError;)Lcom/oracle/js/parser/ir/Expression; @ 52 c2
Event: 13.229 Thread 0x000001b21b1c2030 DEOPT PACKING pc=0x000001b207be3dd0 sp=0x0000001c6caf9d50
Event: 13.229 Thread 0x000001b21b1c2030 DEOPT UNPACKING pc=0x000001b2075869a3 sp=0x0000001c6caf9d20 mode 2
Event: 13.229 Thread 0x000001b21b1c2030 Uncommon trap: trap_request=0xffffff45 fr.pc=0x000001b207c1ba8c relative=0x00000000000019cc
Event: 13.229 Thread 0x000001b21b1c2030 Uncommon trap: reason=unstable_if action=reinterpret pc=0x000001b207c1ba8c method=com.oracle.js.parser.Parser.argumentList(ZZZJI)Ljava/util/ArrayList; @ 53 c2
Event: 13.229 Thread 0x000001b21b1c2030 DEOPT PACKING pc=0x000001b207c1ba8c sp=0x0000001c6caf9c70
Event: 13.229 Thread 0x000001b21b1c2030 DEOPT UNPACKING pc=0x000001b2075869a3 sp=0x0000001c6caf9c38 mode 2
Event: 13.241 Thread 0x000001b21b7fb600 Uncommon trap: trap_request=0xffffff76 fr.pc=0x000001b207c4cdc0 relative=0x0000000000000620
Event: 13.249 Thread 0x000001b21b7fb600 Uncommon trap: reason=predicate action=maybe_recompile pc=0x000001b207c4cdc0 method=com.oracle.truffle.regex.tregex.parser.RegexLexer.parseHex(IIILjava/lang/String;)I @ 15 c2
Event: 13.249 Thread 0x000001b21b7fb600 DEOPT PACKING pc=0x000001b207c4cdc0 sp=0x0000001c6d6fb110
Event: 13.249 Thread 0x000001b21b7fb600 DEOPT UNPACKING pc=0x000001b2075869a3 sp=0x0000001c6d6fb080 mode 2
Event: 13.277 Thread 0x000001b21b7fb600 DEOPT PACKING pc=0x000001b2004f1fa2 sp=0x0000001c6d6fa960
Event: 13.277 Thread 0x000001b21b7fb600 DEOPT UNPACKING pc=0x000001b207587143 sp=0x0000001c6d6f9de8 mode 0

Classes unloaded (9 events):
Event: 9.029 Thread 0x000001b21630a780 Unloading class 0x00000001002a1000 'java/lang/invoke/LambdaForm$MH+0x00000001002a1000'
Event: 9.029 Thread 0x000001b21630a780 Unloading class 0x00000001002a0c00 'java/lang/invoke/LambdaForm$DMH+0x00000001002a0c00'
Event: 9.029 Thread 0x000001b21630a780 Unloading class 0x00000001002a0000 'java/lang/invoke/LambdaForm$DMH+0x00000001002a0000'
Event: 9.029 Thread 0x000001b21630a780 Unloading class 0x000000010029c800 'java/lang/invoke/LambdaForm$DMH+0x000000010029c800'
Event: 9.029 Thread 0x000001b21630a780 Unloading class 0x0000000100225c00 'jdk/internal/reflect/GeneratedSerializationConstructorAccessor14'
Event: 9.029 Thread 0x000001b21630a780 Unloading class 0x0000000100225400 'jdk/internal/reflect/GeneratedSerializationConstructorAccessor11'
Event: 9.029 Thread 0x000001b21630a780 Unloading class 0x0000000100224c00 'jdk/internal/reflect/GeneratedSerializationConstructorAccessor10'
Event: 9.029 Thread 0x000001b21630a780 Unloading class 0x0000000100224400 'jdk/internal/reflect/GeneratedSerializationConstructorAccessor8'
Event: 9.029 Thread 0x000001b21630a780 Unloading class 0x0000000100218c00 'jdk/internal/reflect/GeneratedSerializationConstructorAccessor2'

Classes redefined (0 events):
No events

Internal exceptions (20 events):
Event: 4.551 Thread 0x000001b21b7fc020 Exception <a 'java/lang/NoSuchMethodError'{0x0000000087cace50}: 'void java.lang.invoke.Invokers$Holder.invoke_MT(java.lang.Object, java.lang.Object, java.lang.Object)'> (0x0000000087cace50) 
thrown [s\src\hotspot\share\interpreter\linkResolver.cpp, line 771]
Event: 4.553 Thread 0x000001b21b7fe390 Exception <a 'java/lang/NoSuchMethodError'{0x000000008755f398}: 'java.lang.Object java.lang.invoke.DirectMethodHandle$Holder.newInvokeSpecial(java.lang.Object, java.lang.Object, int, java.lang.Object, long)'> (0x000000008755f398) 
thrown [s\src\hotspot\share\interpreter\linkResolver.cpp, line 771]
Event: 4.607 Thread 0x000001b21b1c2510 Exception <a 'java/lang/NoSuchMethodError'{0x00000000874683b0}: 'java.lang.Object java.lang.invoke.Invokers$Holder.linkToTargetMethod(int, int, int, int, int, java.lang.Object)'> (0x00000000874683b0) 
thrown [s\src\hotspot\share\interpreter\linkResolver.cpp, line 771]
Event: 4.697 Thread 0x000001b21b7fc020 Exception <a 'java/lang/NoSuchMethodError'{0x00000000870d2d88}: 'java.lang.Object java.lang.invoke.DirectMethodHandle$Holder.invokeInterface(java.lang.Object, java.lang.Object)'> (0x00000000870d2d88) 
thrown [s\src\hotspot\share\interpreter\linkResolver.cpp, line 771]
Event: 4.767 Thread 0x000001b21b7fc020 Exception <a 'java/lang/ClassNotFoundException'{0x0000000086e77100}: sun/util/logging/resources/spi/loggingProvider> (0x0000000086e77100) 
thrown [s\src\hotspot\share\classfile\systemDictionary.cpp, line 256]
Event: 4.955 Thread 0x000001b21b7fc020 Exception <a 'java/lang/NoSuchMethodError'{0x00000000869457b8}: 'void java.lang.invoke.DirectMethodHandle$Holder.invokeStatic(java.lang.Object, int, java.lang.Object)'> (0x00000000869457b8) 
thrown [s\src\hotspot\share\interpreter\linkResolver.cpp, line 771]
Event: 5.243 Thread 0x000001b21b7fc020 Exception <a 'java/lang/NoSuchMethodError'{0x00000000864b9a60}: 'java.lang.Object java.lang.invoke.DirectMethodHandle$Holder.invokeVirtual(java.lang.Object, java.lang.Object, java.lang.Object)'> (0x00000000864b9a60) 
thrown [s\src\hotspot\share\interpreter\linkResolver.cpp, line 771]
Event: 5.277 Thread 0x000001b21b7fc020 Exception <a 'java/lang/NoSuchMethodError'{0x00000000863e0490}: 'long java.lang.invoke.DirectMethodHandle$Holder.invokeStatic(java.lang.Object)'> (0x00000000863e0490) 
thrown [s\src\hotspot\share\interpreter\linkResolver.cpp, line 771]
Event: 5.373 Thread 0x000001b21b7fc020 Implicit null exception at 0x000001b207afd2f2 to 0x000001b207afd8c0
Event: 5.529 Thread 0x000001b21b7fd970 Exception <a 'java/lang/NoSuchMethodError'{0x0000000085d58ef8}: 'void java.lang.invoke.DirectMethodHandle$Holder.invokeVirtual(java.lang.Object, java.lang.Object)'> (0x0000000085d58ef8) 
thrown [s\src\hotspot\share\interpreter\linkResolver.cpp, line 771]
Event: 5.560 Thread 0x000001b21b7fc020 Exception <a 'java/lang/NoSuchMethodError'{0x0000000085b47708}: 'java.lang.Object java.lang.invoke.DirectMethodHandle$Holder.newInvokeSpecial(java.lang.Object, java.lang.Object, java.lang.Object, java.lang.Object, java.lang.Object, java.lang.Object, java.lang.Object, java.lang.Object)'> (0x0000000085b47708) 
thrown [s\src\hotspot\share\interpreter\linkResolver.cpp, line 771]
Event: 5.561 Thread 0x000001b21b7fc020 Exception <a 'java/lang/NoSuchMethodError'{0x0000000085b4ca78}: 'java.lang.Object java.lang.invoke.DirectMethodHandle$Holder.invokeSpecial(java.lang.Object, java.lang.Object, java.lang.Object, java.lang.Object, java.lang.Object, java.lang.Object, java.lang.Object, java.lang.Object, java.lang.Object)'> (0x0000000085b4ca78) 
thrown [s\src\hotspot\share\interpreter\linkResolver.cpp, line 771]
Event: 5.561 Thread 0x000001b21b7fc020 Exception <a 'java/lang/NoSuchMethodError'{0x0000000085b51700}: 'java.lang.Object java.lang.invoke.Invokers$Holder.linkToTargetMethod(java.lang.Object, java.lang.Object, java.lang.Object, java.lang.Object, java.lang.Object, java.lang.Object, java.lang.Object, java.lang.Object)'> (0x0000000085b51700) 
thrown [s\src\hotspot\share\interpreter\linkResolver.cpp, line 771]
Event: 5.574 Thread 0x000001b21b7fc020 Exception <a 'java/lang/NoSuchMethodError'{0x0000000085b8f9e0}: 'java.lang.Object java.lang.invoke.DirectMethodHandle$Holder.newInvokeSpecial(java.lang.Object, java.lang.Object, java.lang.Object, java.lang.Object, java.lang.Object, java.lang.Object, java.lang.Object)'> (0x0000000085b8f9e0) 
thrown [s\src\hotspot\share\interpreter\linkResolver.cpp, line 771]
Event: 5.575 Thread 0x000001b21b7fc020 Exception <a 'java/lang/NoSuchMethodError'{0x0000000085b942f0}: 'java.lang.Object java.lang.invoke.Invokers$Holder.linkToTargetMethod(java.lang.Object, java.lang.Object, java.lang.Object, java.lang.Object, java.lang.Object, java.lang.Object, java.lang.Object)'> (0x0000000085b942f0) 
thrown [s\src\hotspot\share\interpreter\linkResolver.cpp, line 771]
Event: 5.576 Thread 0x000001b21b7fc020 Exception <a 'java/lang/NoSuchMethodError'{0x0000000085b98370}: 'java.lang.Object java.lang.invoke.DirectMethodHandle$Holder.invokeStatic(java.lang.Object, int, java.lang.Object, java.lang.Object)'> (0x0000000085b98370) 
thrown [s\src\hotspot\share\interpreter\linkResolver.cpp, line 771]
Event: 5.577 Thread 0x000001b21b7fc020 Exception <a 'java/lang/NoSuchMethodError'{0x0000000085b9f4d8}: 'java.lang.Object java.lang.invoke.DirectMethodHandle$Holder.newInvokeSpecial(java.lang.Object, int, java.lang.Object)'> (0x0000000085b9f4d8) 
thrown [s\src\hotspot\share\interpreter\linkResolver.cpp, line 771]
Event: 5.584 Thread 0x000001b21b7fc020 Exception <a 'java/lang/NoSuchMethodError'{0x0000000085a5f718}: 'java.lang.Object java.lang.invoke.DirectMethodHandle$Holder.invokeInterface(java.lang.Object, java.lang.Object, java.lang.Object)'> (0x0000000085a5f718) 
thrown [s\src\hotspot\share\interpreter\linkResolver.cpp, line 771]
Event: 6.022 Thread 0x000001b21b7fd970 Exception <a 'java/io/IOException'{0x0000000085dd6380}> (0x0000000085dd6380) 
thrown [s\src\hotspot\share\prims\jni.cpp, line 517]
Event: 6.030 Thread 0x000001b21b7fc020 Exception <a 'java/lang/NoSuchMethodError'{0x0000000084e13f78}: 'java.lang.Object java.lang.invoke.DirectMethodHandle$Holder.newInvokeSpecial(java.lang.Object, java.lang.Object, int)'> (0x0000000084e13f78) 
thrown [s\src\hotspot\share\interpreter\linkResolver.cpp, line 771]

VM Operations (20 events):
Event: 9.531 Executing VM operation: G1CollectForAllocation done
Event: 9.794 Executing VM operation: G1PauseRemark
Event: 9.806 Executing VM operation: G1PauseRemark done
Event: 9.879 Executing VM operation: G1PauseCleanup
Event: 9.912 Executing VM operation: G1PauseCleanup done
Event: 10.781 Executing VM operation: G1CollectForAllocation
Event: 10.880 Executing VM operation: G1CollectForAllocation done
Event: 11.504 Executing VM operation: G1CollectForAllocation
Event: 11.554 Executing VM operation: G1CollectForAllocation done
Event: 11.986 Executing VM operation: G1CollectForAllocation
Event: 12.031 Executing VM operation: G1CollectForAllocation done
Event: 12.084 Executing VM operation: G1PauseRemark
Event: 12.101 Executing VM operation: G1PauseRemark done
Event: 12.269 Executing VM operation: G1PauseCleanup
Event: 12.270 Executing VM operation: G1PauseCleanup done
Event: 12.318 Executing VM operation: G1CollectForAllocation
Event: 12.493 Executing VM operation: G1CollectForAllocation done
Event: 12.644 Executing VM operation: G1CollectForAllocation
Event: 12.693 Executing VM operation: G1CollectForAllocation done
Event: 13.439 Executing VM operation: G1CollectForAllocation

Events (20 events):
Event: 5.614 loading class java/security/Key
Event: 5.614 loading class java/security/Key done
Event: 5.903 loading class javax/security/auth/Subject
Event: 5.904 loading class javax/security/auth/Subject done
Event: 5.904 loading class sun/invoke/util/VerifyAccess$1
Event: 5.905 loading class sun/invoke/util/VerifyAccess$1 done
Event: 6.022 loading class sun/net/ConnectionResetException
Event: 6.023 loading class sun/net/ConnectionResetException done
Event: 6.024 loading class java/util/regex/Pattern$Bound
Event: 6.024 loading class java/util/regex/Pattern$Bound done
Event: 6.083 loading class java/util/AbstractList$RandomAccessSubList
Event: 6.083 loading class java/util/AbstractList$SubList
Event: 6.083 loading class java/util/AbstractList$SubList done
Event: 6.083 loading class java/util/AbstractList$RandomAccessSubList done
Event: 6.083 loading class java/util/AbstractList$SubList$1
Event: 6.084 loading class java/util/AbstractList$SubList$1 done
Event: 6.132 loading class java/time/temporal/UnsupportedTemporalTypeException
Event: 6.132 loading class java/time/temporal/UnsupportedTemporalTypeException done
Event: 10.688 loading class jdk/internal/math/FDBigInteger
Event: 10.689 loading class jdk/internal/math/FDBigInteger done


Dynamic libraries:
0x00007ff7f6f90000 - 0x00007ff7f6f9a000 	C:\Program Files\JetBrains\IntelliJ IDEA 2023.3.4\jbr\bin\java.exe
0x00007ffce0710000 - 0x00007ffce0908000 	C:\WINDOWS\SYSTEM32\ntdll.dll
0x00007ffcdefc0000 - 0x00007ffcdf07d000 	C:\WINDOWS\System32\KERNEL32.DLL
0x00007ffcde2b0000 - 0x00007ffcde5a6000 	C:\WINDOWS\System32\KERNELBASE.dll
0x00007ffcddf10000 - 0x00007ffcde010000 	C:\WINDOWS\System32\ucrtbase.dll
0x00007ffc88070000 - 0x00007ffc88087000 	C:\Program Files\JetBrains\IntelliJ IDEA 2023.3.4\jbr\bin\jli.dll
0x00007ffcdee20000 - 0x00007ffcdefbf000 	C:\WINDOWS\System32\USER32.dll
0x00007ffcde280000 - 0x00007ffcde2a2000 	C:\WINDOWS\System32\win32u.dll
0x00007ffcdfe80000 - 0x00007ffcdfeab000 	C:\WINDOWS\System32\GDI32.dll
0x00007ffcde010000 - 0x00007ffcde127000 	C:\WINDOWS\System32\gdi32full.dll
0x00007ffcde130000 - 0x00007ffcde1cd000 	C:\WINDOWS\System32\msvcp_win.dll
0x00007ffcd6ca0000 - 0x00007ffcd6cbb000 	C:\Program Files\JetBrains\IntelliJ IDEA 2023.3.4\jbr\bin\VCRUNTIME140.dll
0x00007ffcc2940000 - 0x00007ffcc2bda000 	C:\WINDOWS\WinSxS\amd64_microsoft.windows.common-controls_6595b64144ccf1df_6.0.19041.3636_none_60b6a03d71f818d5\COMCTL32.dll
0x00007ffcde740000 - 0x00007ffcde7de000 	C:\WINDOWS\System32\msvcrt.dll
0x00007ffce0180000 - 0x00007ffce01b2000 	C:\WINDOWS\System32\IMM32.DLL
0x00007ffcd6c90000 - 0x00007ffcd6c9c000 	C:\Program Files\JetBrains\IntelliJ IDEA 2023.3.4\jbr\bin\vcruntime140_1.dll
0x00007ffca1d80000 - 0x00007ffca1e0d000 	C:\Program Files\JetBrains\IntelliJ IDEA 2023.3.4\jbr\bin\msvcp140.dll
0x00007ffc73fc0000 - 0x00007ffc74c43000 	C:\Program Files\JetBrains\IntelliJ IDEA 2023.3.4\jbr\bin\server\jvm.dll
0x00007ffcdff40000 - 0x00007ffcdfff0000 	C:\WINDOWS\System32\ADVAPI32.dll
0x00007ffcde7e0000 - 0x00007ffcde880000 	C:\WINDOWS\System32\sechost.dll
0x00007ffcdec30000 - 0x00007ffcded53000 	C:\WINDOWS\System32\RPCRT4.dll
0x00007ffcde710000 - 0x00007ffcde737000 	C:\WINDOWS\System32\bcrypt.dll
0x00007ffcddc20000 - 0x00007ffcddc6b000 	C:\WINDOWS\SYSTEM32\POWRPROF.dll
0x00007ffcb67b0000 - 0x00007ffcb67b9000 	C:\WINDOWS\SYSTEM32\WSOCK32.dll
0x00007ffcde930000 - 0x00007ffcde99b000 	C:\WINDOWS\System32\WS2_32.dll
0x00007ffcd5140000 - 0x00007ffcd5167000 	C:\WINDOWS\SYSTEM32\WINMM.dll
0x00007ffcd6090000 - 0x00007ffcd609a000 	C:\WINDOWS\SYSTEM32\VERSION.dll
0x00007ffcddc00000 - 0x00007ffcddc12000 	C:\WINDOWS\SYSTEM32\UMPDC.dll
0x00007ffcdbc10000 - 0x00007ffcdbc22000 	C:\WINDOWS\SYSTEM32\kernel.appcore.dll
0x00007ffcd54a0000 - 0x00007ffcd54aa000 	C:\Program Files\JetBrains\IntelliJ IDEA 2023.3.4\jbr\bin\jimage.dll
0x00007ffcd0630000 - 0x00007ffcd0814000 	C:\WINDOWS\SYSTEM32\DBGHELP.DLL
0x00007ffcc8600000 - 0x00007ffcc8634000 	C:\WINDOWS\SYSTEM32\dbgcore.DLL
0x00007ffcdde80000 - 0x00007ffcddf02000 	C:\WINDOWS\System32\bcryptPrimitives.dll
0x00007ffc883e0000 - 0x00007ffc88405000 	C:\Program Files\JetBrains\IntelliJ IDEA 2023.3.4\jbr\bin\java.dll
0x00007ffc91770000 - 0x00007ffc91788000 	C:\Program Files\JetBrains\IntelliJ IDEA 2023.3.4\jbr\bin\zip.dll
0x00007ffcdf700000 - 0x00007ffcdfe6b000 	C:\WINDOWS\System32\SHELL32.dll
0x00007ffcdbe10000 - 0x00007ffcdc5ae000 	C:\WINDOWS\SYSTEM32\windows.storage.dll
0x00007ffce01c0000 - 0x00007ffce0513000 	C:\WINDOWS\System32\combase.dll
0x00007ffcdd640000 - 0x00007ffcdd66e000 	C:\WINDOWS\SYSTEM32\Wldp.dll
0x00007ffcdea00000 - 0x00007ffcdeacd000 	C:\WINDOWS\System32\OLEAUT32.dll
0x00007ffcded60000 - 0x00007ffcdee0d000 	C:\WINDOWS\System32\SHCORE.dll
0x00007ffcdeb70000 - 0x00007ffcdebc5000 	C:\WINDOWS\System32\shlwapi.dll
0x00007ffcddcf0000 - 0x00007ffcddd13000 	C:\WINDOWS\SYSTEM32\profapi.dll
0x00007ffc883c0000 - 0x00007ffc883d9000 	C:\Program Files\JetBrains\IntelliJ IDEA 2023.3.4\jbr\bin\net.dll
0x00007ffcd2360000 - 0x00007ffcd246a000 	C:\WINDOWS\SYSTEM32\WINHTTP.dll
0x00007ffcdd420000 - 0x00007ffcdd48a000 	C:\WINDOWS\system32\mswsock.dll
0x00007ffc883a0000 - 0x00007ffc883b6000 	C:\Program Files\JetBrains\IntelliJ IDEA 2023.3.4\jbr\bin\nio.dll
0x00007ffcdd120000 - 0x00007ffcdd15b000 	C:\WINDOWS\SYSTEM32\IPHLPAPI.DLL
0x00007ffcdee10000 - 0x00007ffcdee18000 	C:\WINDOWS\System32\NSI.dll
0x00007ffcd4fa0000 - 0x00007ffcd4fb7000 	C:\WINDOWS\SYSTEM32\dhcpcsvc6.DLL
0x00007ffcd5090000 - 0x00007ffcd50ad000 	C:\WINDOWS\SYSTEM32\dhcpcsvc.DLL
0x00007ffcdd160000 - 0x00007ffcdd22b000 	C:\WINDOWS\SYSTEM32\DNSAPI.dll
0x00007ffcdd680000 - 0x00007ffcdd698000 	C:\WINDOWS\SYSTEM32\CRYPTSP.dll
0x00007ffcdcd60000 - 0x00007ffcdcd94000 	C:\WINDOWS\system32\rsaenh.dll
0x00007ffcddc70000 - 0x00007ffcddc9e000 	C:\WINDOWS\SYSTEM32\USERENV.dll
0x00007ffcdd5b0000 - 0x00007ffcdd5bc000 	C:\WINDOWS\SYSTEM32\CRYPTBASE.dll
0x00007ffcc0670000 - 0x00007ffcc0679000 	C:\Program Files\JetBrains\IntelliJ IDEA 2023.3.4\jbr\bin\extnet.dll
0x00007ffcbe900000 - 0x00007ffcbe907000 	C:\Program Files\JetBrains\IntelliJ IDEA 2023.3.4\jbr\bin\rmi.dll
0x00007ffccbd50000 - 0x00007ffccbd5a000 	C:\Windows\System32\rasadhlp.dll
0x00007ffcd1930000 - 0x00007ffcd19b0000 	C:\WINDOWS\System32\fwpuclnt.dll

dbghelp: loaded successfully - version: 4.0.5 - missing functions: none
symbol engine: initialized successfully - sym options: 0x614 - pdb path: .;C:\Program Files\JetBrains\IntelliJ IDEA 2023.3.4\jbr\bin;C:\WINDOWS\SYSTEM32;C:\WINDOWS\WinSxS\amd64_microsoft.windows.common-controls_6595b64144ccf1df_6.0.19041.3636_none_60b6a03d71f818d5;C:\Program Files\JetBrains\IntelliJ IDEA 2023.3.4\jbr\bin\server

VM Arguments:
jvm_args: -Djava.rmi.server.hostname=127.0.0.1 -Duser.timezone=UTC -Xmx2048m -Xms128m -Djdbc.classpath=C:\Program Files\JetBrains\IntelliJ IDEA 2023.3.4\plugins\DatabaseTools\lib\jdbc-console.jar;C:\Users\juand\AppData\Roaming\JetBrains\IntelliJIdea2023.3\jdbc-drivers\MongoDB\1.18\mongo-jdbc-standalone-1.18.jar --add-exports=java.desktop/sun.awt=ALL-UNNAMED --add-exports=java.desktop/java.awt.peer=ALL-UNNAMED --add-opens=java.desktop/java.awt=ALL-UNNAMED --add-opens=jdk.unsupported/sun.misc=ALL-UNNAMED --add-opens=java.base/java.nio=ALL-UNNAMED --add-opens=java.base/java.util=ALL-UNNAMED -Dfile.encoding=UTF-8 
java_command: com.intellij.database.remote.RemoteJdbcServer com.dbschema.MongoJdbcDriver
java_class_path (initial): C:\Program Files\JetBrains\IntelliJ IDEA 2023.3.4\lib\util_rt.jar;C:\Program Files\JetBrains\IntelliJ IDEA 2023.3.4\lib\util-8.jar;C:\Program Files\JetBrains\IntelliJ IDEA 2023.3.4\lib\groovy.jar;C:\Program Files\JetBrains\IntelliJ IDEA 2023.3.4\plugins\DatabaseTools\lib\jdbc-console.jar;C:\Program Files\JetBrains\IntelliJ IDEA 2023.3.4\plugins\grid-core-impl\lib\jdbc-console-types.jar;C:\Program Files\JetBrains\IntelliJ IDEA 2023.3.4\lib\util.jar
Launcher Type: SUN_STANDARD

[Global flags]
     intx CICompilerCount                          = 3                                         {product} {ergonomic}
     uint ConcGCThreads                            = 1                                         {product} {ergonomic}
     uint G1ConcRefinementThreads                  = 4                                         {product} {ergonomic}
   size_t G1HeapRegionSize                         = 1048576                                   {product} {ergonomic}
    uintx GCDrainStackTargetSize                   = 64                                        {product} {ergonomic}
   size_t InitialHeapSize                          = 134217728                                 {product} {command line}
   size_t MarkStackSize                            = 4194304                                   {product} {ergonomic}
   size_t MaxHeapSize                              = 2147483648                                {product} {command line}
   size_t MaxNewSize                               = 1287651328                                {product} {ergonomic}
   size_t MinHeapDeltaBytes                        = 1048576                                   {product} {ergonomic}
   size_t MinHeapSize                              = 134217728                                 {product} {command line}
    uintx NonNMethodCodeHeapSize                   = 5832780                                {pd product} {ergonomic}
    uintx NonProfiledCodeHeapSize                  = 122912730                              {pd product} {ergonomic}
    uintx ProfiledCodeHeapSize                     = 122912730                              {pd product} {ergonomic}
    uintx ReservedCodeCacheSize                    = 251658240                              {pd product} {ergonomic}
     bool SegmentedCodeCache                       = true                                      {product} {ergonomic}
   size_t SoftMaxHeapSize                          = 2147483648                             {manageable} {ergonomic}
     bool UseCompressedClassPointers               = true                           {product lp64_product} {ergonomic}
     bool UseCompressedOops                        = true                           {product lp64_product} {ergonomic}
     bool UseG1GC                                  = true                                      {product} {ergonomic}
     bool UseLargePagesIndividualAllocation        = false                                  {pd product} {ergonomic}

Logging:
Log output configuration:
 #0: stdout all=warning uptime,level,tags
 #1: stderr all=off uptime,level,tags

Environment Variables:
PATH=C:\Users\juand\AppData\Local\Programs\Python\Python312\Scripts\;C:\Users\juand\AppData\Local\Programs\Python\Python312\;C:\oraclexe\app\oracle\product\11.2.0\server\bin;C:\Program Files\Common Files\Oracle\Java\javapath;C:\Program Files (x86)\Common Files\Oracle\Java\javapath;C:\WINDOWS\system32;C:\WINDOWS;C:\WINDOWS\System32\Wbem;C:\WINDOWS\System32\WindowsPowerShell\v1.0\;C:\WINDOWS\System32\OpenSSH\;C:\Users\juand\AppData\Roaming\nvm;C:\Program Files\nodejs;C:\ProgramData\chocolatey\bin;C:\Program Files\Docker\Docker\resources\bin;C:\Program Files\gs\gs10.02.1\bin;C:\Program Files\Git\cmd;C:\Program Files\nodejs\;C:\Program Files\PuTTY\;C:\Users\juand\AppData\Local\Programs\Python\Launcher\;C:\Users\juand\AppData\Local\Microsoft\WindowsApps;C:\Program Files\Multipass\bin;C:\Users\juand\AppData\Local\Programs\Microsoft VS Code\bin;C:\Users\juand\AppData\Roaming\nvm;C:\Program Files\nodejs;C:\Program Files\JetBrains\IntelliJ IDEA 2023.3.4\bin;;C:\Users\juand\AppData\Local\GitHubDesktop\bin;C:\Users\juand\AppData\Roaming\npm
USERNAME=juand
OS=Windows_NT
PROCESSOR_IDENTIFIER=AMD64 Family 23 Model 24 Stepping 1, AuthenticAMD
TMP=C:\Users\juand\AppData\Local\Temp
TEMP=C:\Users\juand\AppData\Local\Temp



Periodic native trim disabled

JNI global refs:
JNI global refs: 17, weak refs: 73

JNI global refs memory usage: 843, weak refs: 1473

OOME stack traces (most recent first):
Classloader memory used:
Loader com.intellij.database.remote.jdbc.impl.JdbcClassLoader$JdbcClassLoaderImpl      : 2566K
Loader bootstrap                                                                       : 1913K
Loader jdk.internal.loader.ClassLoaders$AppClassLoader                                 : 140K
Loader jdk.internal.loader.ClassLoaders$PlatformClassLoader                            : 36952B
Loader jdk.internal.reflect.DelegatingClassLoader                                      : 8632B


---------------  S Y S T E M  ---------------

OS:
 Windows 10 , 64 bit Build 19041 (10.0.19041.3636)
OS uptime: 1 days 10:01 hours
Hyper-V role detected

CPU: total 4 (initial active 4) (4 cores per cpu, 2 threads per core) family 23 model 24 stepping 1 microcode 0x0, cx8, cmov, fxsr, ht, mmx, 3dnowpref, sse, sse2, sse3, ssse3, sse4a, sse4.1, sse4.2, popcnt, lzcnt, tsc, tscinvbit, avx, avx2, aes, clmul, bmi1, bmi2, adx, sha, fma, vzeroupper, clflush, clflushopt, hv
Processor Information for all 4 processors :
  Max Mhz: 2600, Current Mhz: 2600, Mhz Limit: 2600

Memory: 4k page, system-wide physical 6060M (198M free)
TotalPageFile size 24439M (AvailPageFile size 228M)
current process WorkingSet (physical memory assigned to process): 312M, peak: 386M
current process commit charge ("private bytes"): 480M, peak: 1111M

vm_info: OpenJDK 64-Bit Server VM (17.0.10+1-b1087.23) for windows-amd64 JRE (17.0.10+1-b1087.23), built on 2024-03-18 by "builduser" with MS VC++ 16.10 / 16.11 (VS2019)

END.
